GPU Mem: [124]
GPU Prob: [1.]
Random select GPU, select GPU 0 with mem: 124
Load: 2.549s, Before split: 0.0005429s, Split: 0.0003695s, After split: 7.629e-06s
GNN(
  (preprocess): Preprocess(
    node_feature: dim_out=1433
    Total: dim_out=1433
  )
  (pre_mp): GeneralMultiLayer(
    (Layer_0): GeneralLayer(
      (layer): Linear(
        (model): Linear(in_features=1433, out_features=256, bias=False)
      )
      (post_layer): Sequential(
        (0): BatchNorm1d(256, eps=1e-05, momentum=0.1, affine=True, track_running_stats=True)
        (1): PReLU(num_parameters=1)
      )
    )
  )
  (mp): GNNStackStage(
    (layer0): GeneralLayer(
      (layer): GeneralConv(
        (model): GeneralConvLayer(256, 256)
      )
      (post_layer): Sequential(
        (0): BatchNorm1d(256, eps=1e-05, momentum=0.1, affine=True, track_running_stats=True)
        (1): PReLU(num_parameters=1)
      )
    )
    (layer1): GeneralLayer(
      (layer): GeneralConv(
        (model): GeneralConvLayer(256, 256)
      )
      (post_layer): Sequential(
        (0): BatchNorm1d(256, eps=1e-05, momentum=0.1, affine=True, track_running_stats=True)
        (1): PReLU(num_parameters=1)
      )
    )
  )
  (post_mp): GNNNodeHead(
    (layer_post_mp): MLP(
      (model): Sequential(
        (0): Linear(
          (model): Linear(in_features=256, out_features=7, bias=True)
        )
      )
    )
  )
)
bn:
  eps: 1e-05
  mom: 0.1
cfg_dest: config.yaml
dataset:
  augment_feature: []
  augment_feature_dims: []
  augment_feature_repr: position
  augment_label: 
  augment_label_dims: 0
  cache_load: False
  cache_save: False
  dir: ./datasets
  edge_dim: 128
  edge_encoder: False
  edge_encoder_bn: True
  edge_encoder_name: Bond
  edge_message_ratio: 0.8
  edge_negative_sampling_ratio: 1.0
  edge_train_mode: all
  encoder_dim: 128
  format: PyG
  name: Cora
  node_encoder: False
  node_encoder_bn: True
  node_encoder_name: Atom
  remove_feature: False
  resample_disjoint: False
  resample_negative: False
  shuffle_split: True
  split: [0.8, 0.2]
  task: node
  task_type: classification
  to_undirected: False
  transductive: True
  transform: none
  tu_simple: True
device: cuda:0
example_arg: example
example_group:
  example_arg: example
gnn:
  act: prelu
  agg: add
  att_final_linear: False
  att_final_linear_bn: False
  att_heads: 1
  batchnorm: True
  dim_inner: 256
  dropout: 0.0
  flow: source_to_target
  keep_edge: 0.5
  l2norm: True
  layer_type: generalconv
  layers_mp: 2
  layers_post_mp: 1
  layers_pre_mp: 1
  msg_direction: single
  normalize_adj: False
  self_msg: concat
  skip_every: 1
  stage_type: stack
gpu_mem: False
mem:
  inplace: False
metric_agg: argmax
metric_best: auto
model:
  edge_decoding: dot
  graph_pooling: add
  loss_fun: cross_entropy
  match_upper: True
  size_average: mean
  thresh: 0.5
  type: gnn
num_threads: 6
num_workers: 0
optim:
  base_lr: 0.01
  lr_decay: 0.1
  max_epoch: 400
  momentum: 0.9
  optimizer: adam
  scheduler: cos
  steps: [30, 60, 90]
  weight_decay: 0.0005
out_dir: results/example/1
print: both
round: 4
seed: 1
share:
  dim_in: 1
  dim_out: 1
  num_splits: 1
tensorboard_agg: True
tensorboard_each_run: False
train:
  auto_resume: False
  batch_size: 32
  ckpt_clean: True
  ckpt_period: 100
  epoch_resume: -1
  eval_period: 20
  iter_per_epoch: 32
  mode: standard
  neighbor_sizes: [20, 15, 10, 5]
  node_per_graph: 32
  radius: extend
  sample_node: False
  sampler: full_batch
  walk_length: 4
val:
  node_per_graph: 32
  radius: extend
  sample_node: False
  sampler: full_batch
view_emb: False
Num parameters: 632328
Start from epoch 0
train: {'epoch': 0, 'eta': 12.9527, 'loss': 1.9459, 'lr': 0.01, 'params': 632328, 'time_iter': 0.0325, 'accuracy': 0.1302}
val: {'epoch': 0, 'loss': 1.8403, 'lr': 0, 'params': 632328, 'time_iter': 0.0098, 'accuracy': 0.3782}
train: {'epoch': 1, 'eta': 9.2963, 'loss': 1.5559, 'lr': 0.01, 'params': 632328, 'time_iter': 0.0143, 'accuracy': 0.6168}
train: {'epoch': 2, 'eta': 7.9748, 'loss': 1.2828, 'lr': 0.01, 'params': 632328, 'time_iter': 0.0135, 'accuracy': 0.735}
train: {'epoch': 3, 'eta': 7.3088, 'loss': 1.0957, 'lr': 0.01, 'params': 632328, 'time_iter': 0.0136, 'accuracy': 0.7849}
train: {'epoch': 4, 'eta': 6.8889, 'loss': 0.9393, 'lr': 0.01, 'params': 632328, 'time_iter': 0.0134, 'accuracy': 0.8444}
train: {'epoch': 5, 'eta': 6.6121, 'loss': 0.8194, 'lr': 0.01, 'params': 632328, 'time_iter': 0.0135, 'accuracy': 0.8772}
train: {'epoch': 6, 'eta': 6.4004, 'loss': 0.7308, 'lr': 0.01, 'params': 632328, 'time_iter': 0.0133, 'accuracy': 0.8952}
train: {'epoch': 7, 'eta': 6.2407, 'loss': 0.6513, 'lr': 0.01, 'params': 632328, 'time_iter': 0.0134, 'accuracy': 0.9063}
train: {'epoch': 8, 'eta': 6.1162, 'loss': 0.5857, 'lr': 0.01, 'params': 632328, 'time_iter': 0.0134, 'accuracy': 0.9151}
train: {'epoch': 9, 'eta': 6.013, 'loss': 0.529, 'lr': 0.01, 'params': 632328, 'time_iter': 0.0134, 'accuracy': 0.9229}
train: {'epoch': 10, 'eta': 5.924, 'loss': 0.4796, 'lr': 0.01, 'params': 632328, 'time_iter': 0.0133, 'accuracy': 0.928}
train: {'epoch': 11, 'eta': 5.848, 'loss': 0.4342, 'lr': 0.01, 'params': 632328, 'time_iter': 0.0133, 'accuracy': 0.9307}
train: {'epoch': 12, 'eta': 5.8015, 'loss': 0.3942, 'lr': 0.01, 'params': 632328, 'time_iter': 0.014, 'accuracy': 0.9377}
train: {'epoch': 13, 'eta': 5.7374, 'loss': 0.3591, 'lr': 0.01, 'params': 632328, 'time_iter': 0.0132, 'accuracy': 0.9409}
train: {'epoch': 14, 'eta': 5.6866, 'loss': 0.3265, 'lr': 0.01, 'params': 632328, 'time_iter': 0.0135, 'accuracy': 0.9464}
train: {'epoch': 15, 'eta': 5.6353, 'loss': 0.2989, 'lr': 0.01, 'params': 632328, 'time_iter': 0.0132, 'accuracy': 0.9501}
train: {'epoch': 16, 'eta': 5.5883, 'loss': 0.273, 'lr': 0.01, 'params': 632328, 'time_iter': 0.0132, 'accuracy': 0.9534}
train: {'epoch': 17, 'eta': 5.5429, 'loss': 0.2502, 'lr': 0.01, 'params': 632328, 'time_iter': 0.0131, 'accuracy': 0.9594}
train: {'epoch': 18, 'eta': 5.5014, 'loss': 0.231, 'lr': 0.01, 'params': 632328, 'time_iter': 0.0132, 'accuracy': 0.9626}
train: {'epoch': 19, 'eta': 5.4629, 'loss': 0.2134, 'lr': 0.0099, 'params': 632328, 'time_iter': 0.0132, 'accuracy': 0.9649}
val: {'epoch': 19, 'loss': 0.5143, 'lr': 0, 'params': 632328, 'time_iter': 0.0078, 'accuracy': 0.8542}
train: {'epoch': 20, 'eta': 5.4295, 'loss': 0.1974, 'lr': 0.0099, 'params': 632328, 'time_iter': 0.0133, 'accuracy': 0.9695}
train: {'epoch': 21, 'eta': 5.3958, 'loss': 0.184, 'lr': 0.0099, 'params': 632328, 'time_iter': 0.0132, 'accuracy': 0.9723}
train: {'epoch': 22, 'eta': 5.3633, 'loss': 0.1728, 'lr': 0.0099, 'params': 632328, 'time_iter': 0.0132, 'accuracy': 0.9714}
train: {'epoch': 23, 'eta': 5.3324, 'loss': 0.1611, 'lr': 0.0099, 'params': 632328, 'time_iter': 0.0132, 'accuracy': 0.9718}
train: {'epoch': 24, 'eta': 5.3026, 'loss': 0.158, 'lr': 0.0099, 'params': 632328, 'time_iter': 0.0131, 'accuracy': 0.976}
train: {'epoch': 25, 'eta': 5.2754, 'loss': 0.1616, 'lr': 0.0099, 'params': 632328, 'time_iter': 0.0132, 'accuracy': 0.9695}
train: {'epoch': 26, 'eta': 5.2494, 'loss': 0.1381, 'lr': 0.0099, 'params': 632328, 'time_iter': 0.0132, 'accuracy': 0.976}
train: {'epoch': 27, 'eta': 5.2232, 'loss': 0.1384, 'lr': 0.0099, 'params': 632328, 'time_iter': 0.0132, 'accuracy': 0.9788}
train: {'epoch': 28, 'eta': 5.1973, 'loss': 0.125, 'lr': 0.0099, 'params': 632328, 'time_iter': 0.0131, 'accuracy': 0.9769}
train: {'epoch': 29, 'eta': 5.1741, 'loss': 0.1197, 'lr': 0.0099, 'params': 632328, 'time_iter': 0.0133, 'accuracy': 0.9765}
train: {'epoch': 30, 'eta': 5.1517, 'loss': 0.1094, 'lr': 0.0099, 'params': 632328, 'time_iter': 0.0133, 'accuracy': 0.9829}
train: {'epoch': 31, 'eta': 5.1359, 'loss': 0.1065, 'lr': 0.0099, 'params': 632328, 'time_iter': 0.0138, 'accuracy': 0.982}
train: {'epoch': 32, 'eta': 5.1098, 'loss': 0.0942, 'lr': 0.0098, 'params': 632328, 'time_iter': 0.0129, 'accuracy': 0.9866}
train: {'epoch': 33, 'eta': 5.0849, 'loss': 0.0899, 'lr': 0.0098, 'params': 632328, 'time_iter': 0.0129, 'accuracy': 0.9885}
train: {'epoch': 34, 'eta': 5.0584, 'loss': 0.0915, 'lr': 0.0098, 'params': 632328, 'time_iter': 0.0127, 'accuracy': 0.9861}
train: {'epoch': 35, 'eta': 5.0341, 'loss': 0.0852, 'lr': 0.0098, 'params': 632328, 'time_iter': 0.0128, 'accuracy': 0.9875}
train: {'epoch': 36, 'eta': 5.0102, 'loss': 0.0749, 'lr': 0.0098, 'params': 632328, 'time_iter': 0.0128, 'accuracy': 0.9912}
train: {'epoch': 37, 'eta': 4.986, 'loss': 0.0797, 'lr': 0.0098, 'params': 632328, 'time_iter': 0.0127, 'accuracy': 0.9848}
train: {'epoch': 38, 'eta': 4.9631, 'loss': 0.073, 'lr': 0.0098, 'params': 632328, 'time_iter': 0.0128, 'accuracy': 0.9871}
train: {'epoch': 39, 'eta': 4.9395, 'loss': 0.075, 'lr': 0.0098, 'params': 632328, 'time_iter': 0.0127, 'accuracy': 0.988}
val: {'epoch': 39, 'loss': 0.6321, 'lr': 0, 'params': 632328, 'time_iter': 0.0076, 'accuracy': 0.8229}
train: {'epoch': 40, 'eta': 4.9178, 'loss': 0.0672, 'lr': 0.0098, 'params': 632328, 'time_iter': 0.0128, 'accuracy': 0.9885}
train: {'epoch': 41, 'eta': 4.8954, 'loss': 0.0753, 'lr': 0.0097, 'params': 632328, 'time_iter': 0.0127, 'accuracy': 0.9885}
train: {'epoch': 42, 'eta': 4.8751, 'loss': 0.154, 'lr': 0.0097, 'params': 632328, 'time_iter': 0.0129, 'accuracy': 0.964}
train: {'epoch': 43, 'eta': 4.8535, 'loss': 0.1833, 'lr': 0.0097, 'params': 632328, 'time_iter': 0.0127, 'accuracy': 0.9478}
train: {'epoch': 44, 'eta': 4.8338, 'loss': 0.1425, 'lr': 0.0097, 'params': 632328, 'time_iter': 0.0129, 'accuracy': 0.9681}
train: {'epoch': 45, 'eta': 4.8138, 'loss': 0.1385, 'lr': 0.0097, 'params': 632328, 'time_iter': 0.0128, 'accuracy': 0.9695}
train: {'epoch': 46, 'eta': 4.7959, 'loss': 0.1229, 'lr': 0.0097, 'params': 632328, 'time_iter': 0.013, 'accuracy': 0.9746}
train: {'epoch': 47, 'eta': 4.7771, 'loss': 0.1102, 'lr': 0.0097, 'params': 632328, 'time_iter': 0.0129, 'accuracy': 0.9797}
train: {'epoch': 48, 'eta': 4.759, 'loss': 0.1022, 'lr': 0.0096, 'params': 632328, 'time_iter': 0.0129, 'accuracy': 0.9792}
train: {'epoch': 49, 'eta': 4.7392, 'loss': 0.0956, 'lr': 0.0096, 'params': 632328, 'time_iter': 0.0127, 'accuracy': 0.9838}
train: {'epoch': 50, 'eta': 4.7203, 'loss': 0.0863, 'lr': 0.0096, 'params': 632328, 'time_iter': 0.0128, 'accuracy': 0.9848}
train: {'epoch': 51, 'eta': 4.7016, 'loss': 0.0772, 'lr': 0.0096, 'params': 632328, 'time_iter': 0.0128, 'accuracy': 0.9861}
train: {'epoch': 52, 'eta': 4.6847, 'loss': 0.0713, 'lr': 0.0096, 'params': 632328, 'time_iter': 0.013, 'accuracy': 0.9875}
train: {'epoch': 53, 'eta': 4.6663, 'loss': 0.0643, 'lr': 0.0096, 'params': 632328, 'time_iter': 0.0127, 'accuracy': 0.9912}
train: {'epoch': 54, 'eta': 4.6476, 'loss': 0.0605, 'lr': 0.0096, 'params': 632328, 'time_iter': 0.0127, 'accuracy': 0.9926}
train: {'epoch': 55, 'eta': 4.6307, 'loss': 0.055, 'lr': 0.0095, 'params': 632328, 'time_iter': 0.0129, 'accuracy': 0.9935}
train: {'epoch': 56, 'eta': 4.6124, 'loss': 0.0502, 'lr': 0.0095, 'params': 632328, 'time_iter': 0.0127, 'accuracy': 0.9949}
train: {'epoch': 57, 'eta': 4.5959, 'loss': 0.047, 'lr': 0.0095, 'params': 632328, 'time_iter': 0.0129, 'accuracy': 0.9949}
train: {'epoch': 58, 'eta': 4.5782, 'loss': 0.0441, 'lr': 0.0095, 'params': 632328, 'time_iter': 0.0127, 'accuracy': 0.9949}
train: {'epoch': 59, 'eta': 4.5619, 'loss': 0.0419, 'lr': 0.0095, 'params': 632328, 'time_iter': 0.0129, 'accuracy': 0.9958}
val: {'epoch': 59, 'loss': 0.5736, 'lr': 0, 'params': 632328, 'time_iter': 0.0074, 'accuracy': 0.8487}
train: {'epoch': 60, 'eta': 4.5444, 'loss': 0.0399, 'lr': 0.0095, 'params': 632328, 'time_iter': 0.0127, 'accuracy': 0.9968}
train: {'epoch': 61, 'eta': 4.5281, 'loss': 0.0377, 'lr': 0.0094, 'params': 632328, 'time_iter': 0.0129, 'accuracy': 0.9963}
train: {'epoch': 62, 'eta': 4.511, 'loss': 0.0349, 'lr': 0.0094, 'params': 632328, 'time_iter': 0.0127, 'accuracy': 0.9968}
train: {'epoch': 63, 'eta': 4.4942, 'loss': 0.0327, 'lr': 0.0094, 'params': 632328, 'time_iter': 0.0127, 'accuracy': 0.9972}
train: {'epoch': 64, 'eta': 4.4776, 'loss': 0.0309, 'lr': 0.0094, 'params': 632328, 'time_iter': 0.0128, 'accuracy': 0.9982}
train: {'epoch': 65, 'eta': 4.4605, 'loss': 0.0296, 'lr': 0.0094, 'params': 632328, 'time_iter': 0.0126, 'accuracy': 0.9986}
train: {'epoch': 66, 'eta': 4.4447, 'loss': 0.0281, 'lr': 0.0093, 'params': 632328, 'time_iter': 0.0129, 'accuracy': 0.9995}
train: {'epoch': 67, 'eta': 4.4285, 'loss': 0.0271, 'lr': 0.0093, 'params': 632328, 'time_iter': 0.0128, 'accuracy': 0.9991}
train: {'epoch': 68, 'eta': 4.4138, 'loss': 0.0262, 'lr': 0.0093, 'params': 632328, 'time_iter': 0.0131, 'accuracy': 0.9991}
train: {'epoch': 69, 'eta': 4.398, 'loss': 0.0251, 'lr': 0.0093, 'params': 632328, 'time_iter': 0.0128, 'accuracy': 0.9995}
train: {'epoch': 70, 'eta': 4.3829, 'loss': 0.0245, 'lr': 0.0093, 'params': 632328, 'time_iter': 0.0129, 'accuracy': 0.9991}
train: {'epoch': 71, 'eta': 4.3686, 'loss': 0.0249, 'lr': 0.0092, 'params': 632328, 'time_iter': 0.0131, 'accuracy': 0.9995}
train: {'epoch': 72, 'eta': 4.3535, 'loss': 0.0309, 'lr': 0.0092, 'params': 632328, 'time_iter': 0.0129, 'accuracy': 0.9977}
train: {'epoch': 73, 'eta': 4.3374, 'loss': 0.051, 'lr': 0.0092, 'params': 632328, 'time_iter': 0.0127, 'accuracy': 0.9935}
train: {'epoch': 74, 'eta': 4.3223, 'loss': 0.0983, 'lr': 0.0092, 'params': 632328, 'time_iter': 0.0129, 'accuracy': 0.9801}
train: {'epoch': 75, 'eta': 4.3067, 'loss': 0.1871, 'lr': 0.0092, 'params': 632328, 'time_iter': 0.0128, 'accuracy': 0.9492}
train: {'epoch': 76, 'eta': 4.2917, 'loss': 0.1411, 'lr': 0.0091, 'params': 632328, 'time_iter': 0.0129, 'accuracy': 0.9645}
train: {'epoch': 77, 'eta': 4.2763, 'loss': 0.0989, 'lr': 0.0091, 'params': 632328, 'time_iter': 0.0128, 'accuracy': 0.976}
train: {'epoch': 78, 'eta': 4.2609, 'loss': 0.0793, 'lr': 0.0091, 'params': 632328, 'time_iter': 0.0128, 'accuracy': 0.9834}
train: {'epoch': 79, 'eta': 4.2455, 'loss': 0.0773, 'lr': 0.0091, 'params': 632328, 'time_iter': 0.0127, 'accuracy': 0.9871}
val: {'epoch': 79, 'loss': 0.6096, 'lr': 0, 'params': 632328, 'time_iter': 0.0074, 'accuracy': 0.8247}
train: {'epoch': 80, 'eta': 4.2301, 'loss': 0.0655, 'lr': 0.009, 'params': 632328, 'time_iter': 0.0127, 'accuracy': 0.9922}
train: {'epoch': 81, 'eta': 4.2151, 'loss': 0.0518, 'lr': 0.009, 'params': 632328, 'time_iter': 0.0128, 'accuracy': 0.9945}
train: {'epoch': 82, 'eta': 4.1995, 'loss': 0.0449, 'lr': 0.009, 'params': 632328, 'time_iter': 0.0126, 'accuracy': 0.9949}
train: {'epoch': 83, 'eta': 4.185, 'loss': 0.0401, 'lr': 0.009, 'params': 632328, 'time_iter': 0.0129, 'accuracy': 0.9982}
train: {'epoch': 84, 'eta': 4.1695, 'loss': 0.0362, 'lr': 0.009, 'params': 632328, 'time_iter': 0.0127, 'accuracy': 0.9982}
train: {'epoch': 85, 'eta': 4.1551, 'loss': 0.0337, 'lr': 0.0089, 'params': 632328, 'time_iter': 0.0129, 'accuracy': 0.9986}
train: {'epoch': 86, 'eta': 4.1399, 'loss': 0.0311, 'lr': 0.0089, 'params': 632328, 'time_iter': 0.0127, 'accuracy': 0.9991}
train: {'epoch': 87, 'eta': 4.1253, 'loss': 0.0288, 'lr': 0.0089, 'params': 632328, 'time_iter': 0.0128, 'accuracy': 0.9991}
train: {'epoch': 88, 'eta': 4.1104, 'loss': 0.027, 'lr': 0.0089, 'params': 632328, 'time_iter': 0.0128, 'accuracy': 1.0}
train: {'epoch': 89, 'eta': 4.0962, 'loss': 0.0254, 'lr': 0.0088, 'params': 632328, 'time_iter': 0.0129, 'accuracy': 1.0}
train: {'epoch': 90, 'eta': 4.0819, 'loss': 0.024, 'lr': 0.0088, 'params': 632328, 'time_iter': 0.0129, 'accuracy': 1.0}
train: {'epoch': 91, 'eta': 4.067, 'loss': 0.0231, 'lr': 0.0088, 'params': 632328, 'time_iter': 0.0127, 'accuracy': 1.0}
train: {'epoch': 92, 'eta': 4.0525, 'loss': 0.0223, 'lr': 0.0088, 'params': 632328, 'time_iter': 0.0128, 'accuracy': 1.0}
train: {'epoch': 93, 'eta': 4.0376, 'loss': 0.0216, 'lr': 0.0087, 'params': 632328, 'time_iter': 0.0127, 'accuracy': 1.0}
train: {'epoch': 94, 'eta': 4.0234, 'loss': 0.0208, 'lr': 0.0087, 'params': 632328, 'time_iter': 0.0129, 'accuracy': 1.0}
train: {'epoch': 95, 'eta': 4.0085, 'loss': 0.0203, 'lr': 0.0087, 'params': 632328, 'time_iter': 0.0126, 'accuracy': 1.0}
train: {'epoch': 96, 'eta': 3.9945, 'loss': 0.0198, 'lr': 0.0086, 'params': 632328, 'time_iter': 0.0129, 'accuracy': 1.0}
train: {'epoch': 97, 'eta': 3.98, 'loss': 0.0194, 'lr': 0.0086, 'params': 632328, 'time_iter': 0.0128, 'accuracy': 1.0}
train: {'epoch': 98, 'eta': 3.9662, 'loss': 0.0189, 'lr': 0.0086, 'params': 632328, 'time_iter': 0.013, 'accuracy': 1.0}
train: {'epoch': 99, 'eta': 3.9522, 'loss': 0.0184, 'lr': 0.0086, 'params': 632328, 'time_iter': 0.0129, 'accuracy': 1.0}
val: {'epoch': 99, 'loss': 0.5679, 'lr': 0, 'params': 632328, 'time_iter': 0.0076, 'accuracy': 0.8542}
Check point saved: results/example/1/ckpt/99.ckpt
train: {'epoch': 100, 'eta': 3.9395, 'loss': 0.0179, 'lr': 0.0085, 'params': 632328, 'time_iter': 0.0133, 'accuracy': 1.0}
train: {'epoch': 101, 'eta': 3.9258, 'loss': 0.0177, 'lr': 0.0085, 'params': 632328, 'time_iter': 0.013, 'accuracy': 1.0}
train: {'epoch': 102, 'eta': 3.9113, 'loss': 0.0173, 'lr': 0.0085, 'params': 632328, 'time_iter': 0.0127, 'accuracy': 1.0}
train: {'epoch': 103, 'eta': 3.8973, 'loss': 0.0169, 'lr': 0.0085, 'params': 632328, 'time_iter': 0.0129, 'accuracy': 1.0}
train: {'epoch': 104, 'eta': 3.8833, 'loss': 0.0167, 'lr': 0.0084, 'params': 632328, 'time_iter': 0.0129, 'accuracy': 1.0}
train: {'epoch': 105, 'eta': 3.8695, 'loss': 0.0165, 'lr': 0.0084, 'params': 632328, 'time_iter': 0.013, 'accuracy': 1.0}
train: {'epoch': 106, 'eta': 3.8553, 'loss': 0.0163, 'lr': 0.0084, 'params': 632328, 'time_iter': 0.0128, 'accuracy': 1.0}
train: {'epoch': 107, 'eta': 3.8416, 'loss': 0.0159, 'lr': 0.0083, 'params': 632328, 'time_iter': 0.0129, 'accuracy': 1.0}
train: {'epoch': 108, 'eta': 3.8273, 'loss': 0.0156, 'lr': 0.0083, 'params': 632328, 'time_iter': 0.0127, 'accuracy': 1.0}
train: {'epoch': 109, 'eta': 3.8132, 'loss': 0.0154, 'lr': 0.0083, 'params': 632328, 'time_iter': 0.0128, 'accuracy': 1.0}
train: {'epoch': 110, 'eta': 3.7991, 'loss': 0.0152, 'lr': 0.0082, 'params': 632328, 'time_iter': 0.0128, 'accuracy': 1.0}
train: {'epoch': 111, 'eta': 3.7847, 'loss': 0.0149, 'lr': 0.0082, 'params': 632328, 'time_iter': 0.0127, 'accuracy': 1.0}
train: {'epoch': 112, 'eta': 3.7711, 'loss': 0.0147, 'lr': 0.0082, 'params': 632328, 'time_iter': 0.013, 'accuracy': 1.0}
train: {'epoch': 113, 'eta': 3.7568, 'loss': 0.0145, 'lr': 0.0082, 'params': 632328, 'time_iter': 0.0127, 'accuracy': 1.0}
train: {'epoch': 114, 'eta': 3.7432, 'loss': 0.0144, 'lr': 0.0081, 'params': 632328, 'time_iter': 0.013, 'accuracy': 1.0}
train: {'epoch': 115, 'eta': 3.7294, 'loss': 0.0568, 'lr': 0.0081, 'params': 632328, 'time_iter': 0.0129, 'accuracy': 0.9866}
train: {'epoch': 116, 'eta': 3.7161, 'loss': 0.4555, 'lr': 0.0081, 'params': 632328, 'time_iter': 0.0131, 'accuracy': 0.8897}
train: {'epoch': 117, 'eta': 3.7023, 'loss': 1.1608, 'lr': 0.008, 'params': 632328, 'time_iter': 0.0128, 'accuracy': 0.6985}
train: {'epoch': 118, 'eta': 3.6889, 'loss': 0.4604, 'lr': 0.008, 'params': 632328, 'time_iter': 0.013, 'accuracy': 0.8647}
train: {'epoch': 119, 'eta': 3.6748, 'loss': 0.323, 'lr': 0.008, 'params': 632328, 'time_iter': 0.0127, 'accuracy': 0.9118}
val: {'epoch': 119, 'loss': 0.5752, 'lr': 0, 'params': 632328, 'time_iter': 0.0075, 'accuracy': 0.8376}
train: {'epoch': 120, 'eta': 3.6612, 'loss': 0.3296, 'lr': 0.0079, 'params': 632328, 'time_iter': 0.0129, 'accuracy': 0.9109}
train: {'epoch': 121, 'eta': 3.6476, 'loss': 0.2805, 'lr': 0.0079, 'params': 632328, 'time_iter': 0.0129, 'accuracy': 0.9229}
train: {'epoch': 122, 'eta': 3.6341, 'loss': 0.2341, 'lr': 0.0079, 'params': 632328, 'time_iter': 0.0129, 'accuracy': 0.9386}
train: {'epoch': 123, 'eta': 3.6205, 'loss': 0.2076, 'lr': 0.0078, 'params': 632328, 'time_iter': 0.0129, 'accuracy': 0.9497}
train: {'epoch': 124, 'eta': 3.6068, 'loss': 0.196, 'lr': 0.0078, 'params': 632328, 'time_iter': 0.0129, 'accuracy': 0.9534}
train: {'epoch': 125, 'eta': 3.5927, 'loss': 0.177, 'lr': 0.0078, 'params': 632328, 'time_iter': 0.0126, 'accuracy': 0.9571}
train: {'epoch': 126, 'eta': 3.5791, 'loss': 0.1578, 'lr': 0.0077, 'params': 632328, 'time_iter': 0.0129, 'accuracy': 0.9635}
train: {'epoch': 127, 'eta': 3.5651, 'loss': 0.1456, 'lr': 0.0077, 'params': 632328, 'time_iter': 0.0127, 'accuracy': 0.9658}
train: {'epoch': 128, 'eta': 3.5513, 'loss': 0.1342, 'lr': 0.0077, 'params': 632328, 'time_iter': 0.0128, 'accuracy': 0.9714}
train: {'epoch': 129, 'eta': 3.5374, 'loss': 0.123, 'lr': 0.0076, 'params': 632328, 'time_iter': 0.0127, 'accuracy': 0.9723}
train: {'epoch': 130, 'eta': 3.5234, 'loss': 0.1136, 'lr': 0.0076, 'params': 632328, 'time_iter': 0.0126, 'accuracy': 0.9765}
train: {'epoch': 131, 'eta': 3.5099, 'loss': 0.105, 'lr': 0.0076, 'params': 632328, 'time_iter': 0.0129, 'accuracy': 0.9797}
train: {'epoch': 132, 'eta': 3.496, 'loss': 0.0969, 'lr': 0.0075, 'params': 632328, 'time_iter': 0.0127, 'accuracy': 0.9825}
train: {'epoch': 133, 'eta': 3.4824, 'loss': 0.0903, 'lr': 0.0075, 'params': 632328, 'time_iter': 0.0128, 'accuracy': 0.9848}
train: {'epoch': 134, 'eta': 3.4686, 'loss': 0.0842, 'lr': 0.0075, 'params': 632328, 'time_iter': 0.0128, 'accuracy': 0.9857}
train: {'epoch': 135, 'eta': 3.4555, 'loss': 0.0787, 'lr': 0.0074, 'params': 632328, 'time_iter': 0.0131, 'accuracy': 0.988}
train: {'epoch': 136, 'eta': 3.4419, 'loss': 0.0746, 'lr': 0.0074, 'params': 632328, 'time_iter': 0.0128, 'accuracy': 0.9894}
train: {'epoch': 137, 'eta': 3.4286, 'loss': 0.0711, 'lr': 0.0074, 'params': 632328, 'time_iter': 0.0129, 'accuracy': 0.9903}
train: {'epoch': 138, 'eta': 3.4149, 'loss': 0.0677, 'lr': 0.0073, 'params': 632328, 'time_iter': 0.0128, 'accuracy': 0.9912}
train: {'epoch': 139, 'eta': 3.4013, 'loss': 0.0643, 'lr': 0.0073, 'params': 632328, 'time_iter': 0.0128, 'accuracy': 0.9908}
val: {'epoch': 139, 'loss': 0.5552, 'lr': 0, 'params': 632328, 'time_iter': 0.0074, 'accuracy': 0.8395}
train: {'epoch': 140, 'eta': 3.3875, 'loss': 0.0611, 'lr': 0.0073, 'params': 632328, 'time_iter': 0.0127, 'accuracy': 0.9912}
train: {'epoch': 141, 'eta': 3.3752, 'loss': 0.0581, 'lr': 0.0072, 'params': 632328, 'time_iter': 0.0135, 'accuracy': 0.9917}
train: {'epoch': 142, 'eta': 3.3623, 'loss': 0.0554, 'lr': 0.0072, 'params': 632328, 'time_iter': 0.0132, 'accuracy': 0.9922}
train: {'epoch': 143, 'eta': 3.3488, 'loss': 0.0529, 'lr': 0.0072, 'params': 632328, 'time_iter': 0.0129, 'accuracy': 0.9945}
train: {'epoch': 144, 'eta': 3.3352, 'loss': 0.0507, 'lr': 0.0071, 'params': 632328, 'time_iter': 0.0128, 'accuracy': 0.9949}
train: {'epoch': 145, 'eta': 3.3217, 'loss': 0.0486, 'lr': 0.0071, 'params': 632328, 'time_iter': 0.0128, 'accuracy': 0.9954}
train: {'epoch': 146, 'eta': 3.3079, 'loss': 0.0467, 'lr': 0.0071, 'params': 632328, 'time_iter': 0.0127, 'accuracy': 0.9963}
train: {'epoch': 147, 'eta': 3.2942, 'loss': 0.0447, 'lr': 0.007, 'params': 632328, 'time_iter': 0.0127, 'accuracy': 0.9972}
train: {'epoch': 148, 'eta': 3.2806, 'loss': 0.0429, 'lr': 0.007, 'params': 632328, 'time_iter': 0.0127, 'accuracy': 0.9972}
train: {'epoch': 149, 'eta': 3.2668, 'loss': 0.0414, 'lr': 0.0069, 'params': 632328, 'time_iter': 0.0126, 'accuracy': 0.9972}
train: {'epoch': 150, 'eta': 3.2534, 'loss': 0.0399, 'lr': 0.0069, 'params': 632328, 'time_iter': 0.0129, 'accuracy': 0.9972}
train: {'epoch': 151, 'eta': 3.2399, 'loss': 0.0383, 'lr': 0.0069, 'params': 632328, 'time_iter': 0.0128, 'accuracy': 0.9972}
train: {'epoch': 152, 'eta': 3.227, 'loss': 0.0367, 'lr': 0.0068, 'params': 632328, 'time_iter': 0.0132, 'accuracy': 0.9982}
train: {'epoch': 153, 'eta': 3.2138, 'loss': 0.0355, 'lr': 0.0068, 'params': 632328, 'time_iter': 0.0129, 'accuracy': 0.9986}
train: {'epoch': 154, 'eta': 3.2004, 'loss': 0.0344, 'lr': 0.0068, 'params': 632328, 'time_iter': 0.0129, 'accuracy': 0.9995}
train: {'epoch': 155, 'eta': 3.1867, 'loss': 0.0329, 'lr': 0.0067, 'params': 632328, 'time_iter': 0.0127, 'accuracy': 0.9995}
train: {'epoch': 156, 'eta': 3.1736, 'loss': 0.0317, 'lr': 0.0067, 'params': 632328, 'time_iter': 0.013, 'accuracy': 0.9986}
train: {'epoch': 157, 'eta': 3.1601, 'loss': 0.0307, 'lr': 0.0067, 'params': 632328, 'time_iter': 0.0127, 'accuracy': 0.9991}
train: {'epoch': 158, 'eta': 3.1467, 'loss': 0.0297, 'lr': 0.0066, 'params': 632328, 'time_iter': 0.0129, 'accuracy': 0.9995}
train: {'epoch': 159, 'eta': 3.1334, 'loss': 0.0287, 'lr': 0.0066, 'params': 632328, 'time_iter': 0.0129, 'accuracy': 0.9995}
val: {'epoch': 159, 'loss': 0.5735, 'lr': 0, 'params': 632328, 'time_iter': 0.0076, 'accuracy': 0.8376}
train: {'epoch': 160, 'eta': 3.1204, 'loss': 0.028, 'lr': 0.0065, 'params': 632328, 'time_iter': 0.0131, 'accuracy': 0.9995}
train: {'epoch': 161, 'eta': 3.1073, 'loss': 0.0272, 'lr': 0.0065, 'params': 632328, 'time_iter': 0.013, 'accuracy': 0.9995}
train: {'epoch': 162, 'eta': 3.094, 'loss': 0.0263, 'lr': 0.0065, 'params': 632328, 'time_iter': 0.0129, 'accuracy': 0.9995}
train: {'epoch': 163, 'eta': 3.0804, 'loss': 0.0255, 'lr': 0.0064, 'params': 632328, 'time_iter': 0.0127, 'accuracy': 0.9995}
train: {'epoch': 164, 'eta': 3.0671, 'loss': 0.0248, 'lr': 0.0064, 'params': 632328, 'time_iter': 0.0129, 'accuracy': 0.9995}
train: {'epoch': 165, 'eta': 3.0535, 'loss': 0.0242, 'lr': 0.0064, 'params': 632328, 'time_iter': 0.0126, 'accuracy': 0.9995}
train: {'epoch': 166, 'eta': 3.0404, 'loss': 0.0235, 'lr': 0.0063, 'params': 632328, 'time_iter': 0.013, 'accuracy': 0.9995}
train: {'epoch': 167, 'eta': 3.0271, 'loss': 0.0228, 'lr': 0.0063, 'params': 632328, 'time_iter': 0.0129, 'accuracy': 0.9995}
train: {'epoch': 168, 'eta': 3.0137, 'loss': 0.0223, 'lr': 0.0062, 'params': 632328, 'time_iter': 0.0128, 'accuracy': 0.9995}
train: {'epoch': 169, 'eta': 3.0002, 'loss': 0.0217, 'lr': 0.0062, 'params': 632328, 'time_iter': 0.0127, 'accuracy': 0.9995}
train: {'epoch': 170, 'eta': 2.9866, 'loss': 0.0211, 'lr': 0.0062, 'params': 632328, 'time_iter': 0.0127, 'accuracy': 0.9995}
train: {'epoch': 171, 'eta': 2.9733, 'loss': 0.0206, 'lr': 0.0061, 'params': 632328, 'time_iter': 0.0128, 'accuracy': 1.0}
train: {'epoch': 172, 'eta': 2.9597, 'loss': 0.0201, 'lr': 0.0061, 'params': 632328, 'time_iter': 0.0127, 'accuracy': 1.0}
train: {'epoch': 173, 'eta': 2.9465, 'loss': 0.0197, 'lr': 0.0061, 'params': 632328, 'time_iter': 0.0129, 'accuracy': 1.0}
train: {'epoch': 174, 'eta': 2.9369, 'loss': 0.0193, 'lr': 0.006, 'params': 632328, 'time_iter': 0.0157, 'accuracy': 1.0}
train: {'epoch': 175, 'eta': 2.9234, 'loss': 0.0189, 'lr': 0.006, 'params': 632328, 'time_iter': 0.0127, 'accuracy': 1.0}
train: {'epoch': 176, 'eta': 2.91, 'loss': 0.0186, 'lr': 0.0059, 'params': 632328, 'time_iter': 0.0128, 'accuracy': 1.0}
train: {'epoch': 177, 'eta': 2.8966, 'loss': 0.0184, 'lr': 0.0059, 'params': 632328, 'time_iter': 0.0127, 'accuracy': 1.0}
train: {'epoch': 178, 'eta': 2.8834, 'loss': 0.0181, 'lr': 0.0059, 'params': 632328, 'time_iter': 0.013, 'accuracy': 1.0}
train: {'epoch': 179, 'eta': 2.8702, 'loss': 0.0178, 'lr': 0.0058, 'params': 632328, 'time_iter': 0.0129, 'accuracy': 1.0}
val: {'epoch': 179, 'loss': 0.5936, 'lr': 0, 'params': 632328, 'time_iter': 0.0077, 'accuracy': 0.8339}
train: {'epoch': 180, 'eta': 2.8591, 'loss': 0.0176, 'lr': 0.0058, 'params': 632328, 'time_iter': 0.0147, 'accuracy': 1.0}
train: {'epoch': 181, 'eta': 2.846, 'loss': 0.0174, 'lr': 0.0057, 'params': 632328, 'time_iter': 0.0129, 'accuracy': 1.0}
train: {'epoch': 182, 'eta': 2.8324, 'loss': 0.0171, 'lr': 0.0057, 'params': 632328, 'time_iter': 0.0126, 'accuracy': 1.0}
train: {'epoch': 183, 'eta': 2.8191, 'loss': 0.0169, 'lr': 0.0057, 'params': 632328, 'time_iter': 0.0129, 'accuracy': 1.0}
train: {'epoch': 184, 'eta': 2.8056, 'loss': 0.0167, 'lr': 0.0056, 'params': 632328, 'time_iter': 0.0127, 'accuracy': 1.0}
train: {'epoch': 185, 'eta': 2.7923, 'loss': 0.0166, 'lr': 0.0056, 'params': 632328, 'time_iter': 0.0128, 'accuracy': 1.0}
train: {'epoch': 186, 'eta': 2.7788, 'loss': 0.0166, 'lr': 0.0055, 'params': 632328, 'time_iter': 0.0127, 'accuracy': 1.0}
train: {'epoch': 187, 'eta': 2.7655, 'loss': 0.0204, 'lr': 0.0055, 'params': 632328, 'time_iter': 0.0127, 'accuracy': 0.9977}
train: {'epoch': 188, 'eta': 2.7536, 'loss': 0.2786, 'lr': 0.0055, 'params': 632328, 'time_iter': 0.0141, 'accuracy': 0.9391}
train: {'epoch': 189, 'eta': 2.7405, 'loss': 0.1526, 'lr': 0.0054, 'params': 632328, 'time_iter': 0.013, 'accuracy': 0.9709}
train: {'epoch': 190, 'eta': 2.7271, 'loss': 0.1791, 'lr': 0.0054, 'params': 632328, 'time_iter': 0.0127, 'accuracy': 0.9658}
train: {'epoch': 191, 'eta': 2.7138, 'loss': 0.1758, 'lr': 0.0054, 'params': 632328, 'time_iter': 0.0129, 'accuracy': 0.9691}
train: {'epoch': 192, 'eta': 2.7005, 'loss': 0.1735, 'lr': 0.0053, 'params': 632328, 'time_iter': 0.0128, 'accuracy': 0.9705}
train: {'epoch': 193, 'eta': 2.6874, 'loss': 0.156, 'lr': 0.0053, 'params': 632328, 'time_iter': 0.0129, 'accuracy': 0.9728}
train: {'epoch': 194, 'eta': 2.6739, 'loss': 0.1438, 'lr': 0.0052, 'params': 632328, 'time_iter': 0.0127, 'accuracy': 0.9741}
train: {'epoch': 195, 'eta': 2.6616, 'loss': 0.132, 'lr': 0.0052, 'params': 632328, 'time_iter': 0.0138, 'accuracy': 0.9755}
train: {'epoch': 196, 'eta': 2.6484, 'loss': 0.1215, 'lr': 0.0052, 'params': 632328, 'time_iter': 0.0129, 'accuracy': 0.9783}
train: {'epoch': 197, 'eta': 2.635, 'loss': 0.1126, 'lr': 0.0051, 'params': 632328, 'time_iter': 0.0128, 'accuracy': 0.9811}
train: {'epoch': 198, 'eta': 2.6216, 'loss': 0.1046, 'lr': 0.0051, 'params': 632328, 'time_iter': 0.0126, 'accuracy': 0.9806}
train: {'epoch': 199, 'eta': 2.6084, 'loss': 0.0973, 'lr': 0.005, 'params': 632328, 'time_iter': 0.0129, 'accuracy': 0.9825}
val: {'epoch': 199, 'loss': 0.5785, 'lr': 0, 'params': 632328, 'time_iter': 0.0077, 'accuracy': 0.8432}
Check point saved: results/example/1/ckpt/199.ckpt
train: {'epoch': 200, 'eta': 2.5958, 'loss': 0.091, 'lr': 0.005, 'params': 632328, 'time_iter': 0.0135, 'accuracy': 0.9848}
train: {'epoch': 201, 'eta': 2.5828, 'loss': 0.0857, 'lr': 0.005, 'params': 632328, 'time_iter': 0.013, 'accuracy': 0.9875}
train: {'epoch': 202, 'eta': 2.5694, 'loss': 0.081, 'lr': 0.0049, 'params': 632328, 'time_iter': 0.0127, 'accuracy': 0.9885}
train: {'epoch': 203, 'eta': 2.5561, 'loss': 0.0764, 'lr': 0.0049, 'params': 632328, 'time_iter': 0.0128, 'accuracy': 0.9889}
train: {'epoch': 204, 'eta': 2.5428, 'loss': 0.0722, 'lr': 0.0048, 'params': 632328, 'time_iter': 0.0127, 'accuracy': 0.9894}
train: {'epoch': 205, 'eta': 2.5295, 'loss': 0.0682, 'lr': 0.0048, 'params': 632328, 'time_iter': 0.0128, 'accuracy': 0.9898}
train: {'epoch': 206, 'eta': 2.5162, 'loss': 0.0646, 'lr': 0.0048, 'params': 632328, 'time_iter': 0.0128, 'accuracy': 0.9903}
train: {'epoch': 207, 'eta': 2.5028, 'loss': 0.0612, 'lr': 0.0047, 'params': 632328, 'time_iter': 0.0126, 'accuracy': 0.9908}
train: {'epoch': 208, 'eta': 2.4897, 'loss': 0.0578, 'lr': 0.0047, 'params': 632328, 'time_iter': 0.013, 'accuracy': 0.9908}
train: {'epoch': 209, 'eta': 2.4764, 'loss': 0.0548, 'lr': 0.0046, 'params': 632328, 'time_iter': 0.0128, 'accuracy': 0.9912}
train: {'epoch': 210, 'eta': 2.4633, 'loss': 0.0519, 'lr': 0.0046, 'params': 632328, 'time_iter': 0.013, 'accuracy': 0.9912}
train: {'epoch': 211, 'eta': 2.45, 'loss': 0.0492, 'lr': 0.0046, 'params': 632328, 'time_iter': 0.0127, 'accuracy': 0.9912}
train: {'epoch': 212, 'eta': 2.4369, 'loss': 0.0464, 'lr': 0.0045, 'params': 632328, 'time_iter': 0.0129, 'accuracy': 0.9912}
train: {'epoch': 213, 'eta': 2.4235, 'loss': 0.0438, 'lr': 0.0045, 'params': 632328, 'time_iter': 0.0127, 'accuracy': 0.9917}
train: {'epoch': 214, 'eta': 2.4104, 'loss': 0.0414, 'lr': 0.0045, 'params': 632328, 'time_iter': 0.013, 'accuracy': 0.9935}
train: {'epoch': 215, 'eta': 2.3971, 'loss': 0.0394, 'lr': 0.0044, 'params': 632328, 'time_iter': 0.0127, 'accuracy': 0.9949}
train: {'epoch': 216, 'eta': 2.3839, 'loss': 0.0376, 'lr': 0.0044, 'params': 632328, 'time_iter': 0.0128, 'accuracy': 0.9958}
train: {'epoch': 217, 'eta': 2.3707, 'loss': 0.036, 'lr': 0.0043, 'params': 632328, 'time_iter': 0.0128, 'accuracy': 0.9958}
train: {'epoch': 218, 'eta': 2.3575, 'loss': 0.0346, 'lr': 0.0043, 'params': 632328, 'time_iter': 0.0129, 'accuracy': 0.9963}
train: {'epoch': 219, 'eta': 2.3447, 'loss': 0.0334, 'lr': 0.0043, 'params': 632328, 'time_iter': 0.0132, 'accuracy': 0.9972}
val: {'epoch': 219, 'loss': 0.5766, 'lr': 0, 'params': 632328, 'time_iter': 0.0076, 'accuracy': 0.8469}
train: {'epoch': 220, 'eta': 2.3316, 'loss': 0.032, 'lr': 0.0042, 'params': 632328, 'time_iter': 0.0129, 'accuracy': 0.9972}
train: {'epoch': 221, 'eta': 2.3183, 'loss': 0.0307, 'lr': 0.0042, 'params': 632328, 'time_iter': 0.0127, 'accuracy': 0.9972}
train: {'epoch': 222, 'eta': 2.3051, 'loss': 0.0295, 'lr': 0.0041, 'params': 632328, 'time_iter': 0.0128, 'accuracy': 0.9982}
train: {'epoch': 223, 'eta': 2.2918, 'loss': 0.0284, 'lr': 0.0041, 'params': 632328, 'time_iter': 0.0127, 'accuracy': 0.9982}
train: {'epoch': 224, 'eta': 2.2786, 'loss': 0.0273, 'lr': 0.0041, 'params': 632328, 'time_iter': 0.0128, 'accuracy': 0.9982}
train: {'epoch': 225, 'eta': 2.2654, 'loss': 0.0264, 'lr': 0.004, 'params': 632328, 'time_iter': 0.0128, 'accuracy': 0.9977}
train: {'epoch': 226, 'eta': 2.2521, 'loss': 0.0256, 'lr': 0.004, 'params': 632328, 'time_iter': 0.0127, 'accuracy': 0.9986}
train: {'epoch': 227, 'eta': 2.239, 'loss': 0.0248, 'lr': 0.0039, 'params': 632328, 'time_iter': 0.0129, 'accuracy': 0.9986}
train: {'epoch': 228, 'eta': 2.2258, 'loss': 0.0241, 'lr': 0.0039, 'params': 632328, 'time_iter': 0.0128, 'accuracy': 0.9995}
train: {'epoch': 229, 'eta': 2.2128, 'loss': 0.0234, 'lr': 0.0039, 'params': 632328, 'time_iter': 0.013, 'accuracy': 0.9995}
train: {'epoch': 230, 'eta': 2.1995, 'loss': 0.0227, 'lr': 0.0038, 'params': 632328, 'time_iter': 0.0126, 'accuracy': 0.9995}
train: {'epoch': 231, 'eta': 2.1865, 'loss': 0.0221, 'lr': 0.0038, 'params': 632328, 'time_iter': 0.013, 'accuracy': 0.9995}
train: {'epoch': 232, 'eta': 2.1732, 'loss': 0.0215, 'lr': 0.0038, 'params': 632328, 'time_iter': 0.0127, 'accuracy': 0.9995}
train: {'epoch': 233, 'eta': 2.1602, 'loss': 0.021, 'lr': 0.0037, 'params': 632328, 'time_iter': 0.013, 'accuracy': 0.9991}
train: {'epoch': 234, 'eta': 2.1471, 'loss': 0.0206, 'lr': 0.0037, 'params': 632328, 'time_iter': 0.0128, 'accuracy': 0.9995}
train: {'epoch': 235, 'eta': 2.1341, 'loss': 0.0202, 'lr': 0.0036, 'params': 632328, 'time_iter': 0.013, 'accuracy': 0.9995}
train: {'epoch': 236, 'eta': 2.1209, 'loss': 0.0199, 'lr': 0.0036, 'params': 632328, 'time_iter': 0.0127, 'accuracy': 0.9995}
train: {'epoch': 237, 'eta': 2.1077, 'loss': 0.0196, 'lr': 0.0036, 'params': 632328, 'time_iter': 0.0128, 'accuracy': 0.9995}
train: {'epoch': 238, 'eta': 2.0946, 'loss': 0.0192, 'lr': 0.0035, 'params': 632328, 'time_iter': 0.0129, 'accuracy': 0.9995}
train: {'epoch': 239, 'eta': 2.0814, 'loss': 0.0189, 'lr': 0.0035, 'params': 632328, 'time_iter': 0.0127, 'accuracy': 0.9995}
val: {'epoch': 239, 'loss': 0.6176, 'lr': 0, 'params': 632328, 'time_iter': 0.0075, 'accuracy': 0.8432}
train: {'epoch': 240, 'eta': 2.0682, 'loss': 0.0186, 'lr': 0.0035, 'params': 632328, 'time_iter': 0.0127, 'accuracy': 0.9995}
train: {'epoch': 241, 'eta': 2.055, 'loss': 0.0183, 'lr': 0.0034, 'params': 632328, 'time_iter': 0.0127, 'accuracy': 0.9995}
train: {'epoch': 242, 'eta': 2.0419, 'loss': 0.0184, 'lr': 0.0034, 'params': 632328, 'time_iter': 0.0128, 'accuracy': 0.9995}
train: {'epoch': 243, 'eta': 2.0286, 'loss': 0.0185, 'lr': 0.0033, 'params': 632328, 'time_iter': 0.0127, 'accuracy': 0.9995}
train: {'epoch': 244, 'eta': 2.0156, 'loss': 0.0221, 'lr': 0.0033, 'params': 632328, 'time_iter': 0.0129, 'accuracy': 0.9982}
train: {'epoch': 245, 'eta': 2.0023, 'loss': 0.019, 'lr': 0.0033, 'params': 632328, 'time_iter': 0.0127, 'accuracy': 0.9991}
train: {'epoch': 246, 'eta': 1.9893, 'loss': 0.0301, 'lr': 0.0032, 'params': 632328, 'time_iter': 0.0129, 'accuracy': 0.9954}
train: {'epoch': 247, 'eta': 1.9762, 'loss': 0.0449, 'lr': 0.0032, 'params': 632328, 'time_iter': 0.0129, 'accuracy': 0.994}
train: {'epoch': 248, 'eta': 1.9632, 'loss': 0.0598, 'lr': 0.0032, 'params': 632328, 'time_iter': 0.013, 'accuracy': 0.9931}
train: {'epoch': 249, 'eta': 1.95, 'loss': 0.0547, 'lr': 0.0031, 'params': 632328, 'time_iter': 0.0127, 'accuracy': 0.9926}
train: {'epoch': 250, 'eta': 1.9369, 'loss': 0.0539, 'lr': 0.0031, 'params': 632328, 'time_iter': 0.0129, 'accuracy': 0.9935}
train: {'epoch': 251, 'eta': 1.9238, 'loss': 0.0543, 'lr': 0.0031, 'params': 632328, 'time_iter': 0.0127, 'accuracy': 0.9935}
train: {'epoch': 252, 'eta': 1.9106, 'loss': 0.052, 'lr': 0.003, 'params': 632328, 'time_iter': 0.0127, 'accuracy': 0.9931}
train: {'epoch': 253, 'eta': 1.8975, 'loss': 0.049, 'lr': 0.003, 'params': 632328, 'time_iter': 0.0128, 'accuracy': 0.9926}
train: {'epoch': 254, 'eta': 1.8843, 'loss': 0.0465, 'lr': 0.0029, 'params': 632328, 'time_iter': 0.0128, 'accuracy': 0.9931}
train: {'epoch': 255, 'eta': 1.8713, 'loss': 0.0445, 'lr': 0.0029, 'params': 632328, 'time_iter': 0.0129, 'accuracy': 0.9935}
train: {'epoch': 256, 'eta': 1.8582, 'loss': 0.0428, 'lr': 0.0029, 'params': 632328, 'time_iter': 0.0128, 'accuracy': 0.9945}
train: {'epoch': 257, 'eta': 1.8453, 'loss': 0.0412, 'lr': 0.0028, 'params': 632328, 'time_iter': 0.0132, 'accuracy': 0.9949}
train: {'epoch': 258, 'eta': 1.8322, 'loss': 0.0393, 'lr': 0.0028, 'params': 632328, 'time_iter': 0.0128, 'accuracy': 0.994}
train: {'epoch': 259, 'eta': 1.8192, 'loss': 0.0374, 'lr': 0.0028, 'params': 632328, 'time_iter': 0.0129, 'accuracy': 0.9949}
val: {'epoch': 259, 'loss': 0.5773, 'lr': 0, 'params': 632328, 'time_iter': 0.0074, 'accuracy': 0.8542}
train: {'epoch': 260, 'eta': 1.806, 'loss': 0.0357, 'lr': 0.0027, 'params': 632328, 'time_iter': 0.0127, 'accuracy': 0.9954}
train: {'epoch': 261, 'eta': 1.793, 'loss': 0.0344, 'lr': 0.0027, 'params': 632328, 'time_iter': 0.0129, 'accuracy': 0.9958}
train: {'epoch': 262, 'eta': 1.7798, 'loss': 0.0333, 'lr': 0.0027, 'params': 632328, 'time_iter': 0.0127, 'accuracy': 0.9958}
train: {'epoch': 263, 'eta': 1.7668, 'loss': 0.0323, 'lr': 0.0026, 'params': 632328, 'time_iter': 0.0129, 'accuracy': 0.9963}
train: {'epoch': 264, 'eta': 1.7536, 'loss': 0.0313, 'lr': 0.0026, 'params': 632328, 'time_iter': 0.0127, 'accuracy': 0.9968}
train: {'epoch': 265, 'eta': 1.7406, 'loss': 0.0304, 'lr': 0.0026, 'params': 632328, 'time_iter': 0.0128, 'accuracy': 0.9977}
train: {'epoch': 266, 'eta': 1.7275, 'loss': 0.0295, 'lr': 0.0025, 'params': 632328, 'time_iter': 0.0127, 'accuracy': 0.9977}
train: {'epoch': 267, 'eta': 1.7143, 'loss': 0.0286, 'lr': 0.0025, 'params': 632328, 'time_iter': 0.0127, 'accuracy': 0.9977}
train: {'epoch': 268, 'eta': 1.7012, 'loss': 0.0278, 'lr': 0.0025, 'params': 632328, 'time_iter': 0.0128, 'accuracy': 0.9977}
train: {'epoch': 269, 'eta': 1.6881, 'loss': 0.0271, 'lr': 0.0024, 'params': 632328, 'time_iter': 0.0127, 'accuracy': 0.9977}
train: {'epoch': 270, 'eta': 1.6751, 'loss': 0.0265, 'lr': 0.0024, 'params': 632328, 'time_iter': 0.0129, 'accuracy': 0.9982}
train: {'epoch': 271, 'eta': 1.662, 'loss': 0.0259, 'lr': 0.0024, 'params': 632328, 'time_iter': 0.0127, 'accuracy': 0.9982}
train: {'epoch': 272, 'eta': 1.6489, 'loss': 0.0253, 'lr': 0.0023, 'params': 632328, 'time_iter': 0.0129, 'accuracy': 0.9982}
train: {'epoch': 273, 'eta': 1.6358, 'loss': 0.0247, 'lr': 0.0023, 'params': 632328, 'time_iter': 0.0127, 'accuracy': 0.9982}
train: {'epoch': 274, 'eta': 1.6228, 'loss': 0.0242, 'lr': 0.0023, 'params': 632328, 'time_iter': 0.0129, 'accuracy': 0.9982}
train: {'epoch': 275, 'eta': 1.6097, 'loss': 0.0237, 'lr': 0.0022, 'params': 632328, 'time_iter': 0.0127, 'accuracy': 0.9982}
train: {'epoch': 276, 'eta': 1.5967, 'loss': 0.0232, 'lr': 0.0022, 'params': 632328, 'time_iter': 0.0131, 'accuracy': 0.9982}
train: {'epoch': 277, 'eta': 1.5837, 'loss': 0.0228, 'lr': 0.0022, 'params': 632328, 'time_iter': 0.0128, 'accuracy': 0.9982}
train: {'epoch': 278, 'eta': 1.5706, 'loss': 0.0224, 'lr': 0.0021, 'params': 632328, 'time_iter': 0.0129, 'accuracy': 0.9982}
train: {'epoch': 279, 'eta': 1.5575, 'loss': 0.022, 'lr': 0.0021, 'params': 632328, 'time_iter': 0.0127, 'accuracy': 0.9982}
val: {'epoch': 279, 'loss': 0.6084, 'lr': 0, 'params': 632328, 'time_iter': 0.0074, 'accuracy': 0.8413}
train: {'epoch': 280, 'eta': 1.5445, 'loss': 0.0216, 'lr': 0.0021, 'params': 632328, 'time_iter': 0.0127, 'accuracy': 0.9982}
train: {'epoch': 281, 'eta': 1.5314, 'loss': 0.0213, 'lr': 0.002, 'params': 632328, 'time_iter': 0.0128, 'accuracy': 0.9982}
train: {'epoch': 282, 'eta': 1.5183, 'loss': 0.0209, 'lr': 0.002, 'params': 632328, 'time_iter': 0.0127, 'accuracy': 0.9982}
train: {'epoch': 283, 'eta': 1.5053, 'loss': 0.0206, 'lr': 0.002, 'params': 632328, 'time_iter': 0.0129, 'accuracy': 0.9982}
train: {'epoch': 284, 'eta': 1.4922, 'loss': 0.0203, 'lr': 0.0019, 'params': 632328, 'time_iter': 0.0127, 'accuracy': 0.9986}
train: {'epoch': 285, 'eta': 1.4791, 'loss': 0.0201, 'lr': 0.0019, 'params': 632328, 'time_iter': 0.0128, 'accuracy': 0.9986}
train: {'epoch': 286, 'eta': 1.4661, 'loss': 0.0198, 'lr': 0.0019, 'params': 632328, 'time_iter': 0.0127, 'accuracy': 0.9991}
train: {'epoch': 287, 'eta': 1.453, 'loss': 0.0196, 'lr': 0.0018, 'params': 632328, 'time_iter': 0.0129, 'accuracy': 0.9991}
train: {'epoch': 288, 'eta': 1.44, 'loss': 0.0193, 'lr': 0.0018, 'params': 632328, 'time_iter': 0.0127, 'accuracy': 0.9991}
train: {'epoch': 289, 'eta': 1.4269, 'loss': 0.0191, 'lr': 0.0018, 'params': 632328, 'time_iter': 0.0128, 'accuracy': 0.9991}
train: {'epoch': 290, 'eta': 1.4139, 'loss': 0.0189, 'lr': 0.0018, 'params': 632328, 'time_iter': 0.0128, 'accuracy': 0.9991}
train: {'epoch': 291, 'eta': 1.4009, 'loss': 0.0187, 'lr': 0.0017, 'params': 632328, 'time_iter': 0.0128, 'accuracy': 0.9991}
train: {'epoch': 292, 'eta': 1.3878, 'loss': 0.0185, 'lr': 0.0017, 'params': 632328, 'time_iter': 0.0128, 'accuracy': 0.9991}
train: {'epoch': 293, 'eta': 1.3747, 'loss': 0.0183, 'lr': 0.0017, 'params': 632328, 'time_iter': 0.0126, 'accuracy': 0.9991}
train: {'epoch': 294, 'eta': 1.3617, 'loss': 0.0181, 'lr': 0.0016, 'params': 632328, 'time_iter': 0.0129, 'accuracy': 0.9991}
train: {'epoch': 295, 'eta': 1.3487, 'loss': 0.018, 'lr': 0.0016, 'params': 632328, 'time_iter': 0.0128, 'accuracy': 0.9991}
train: {'epoch': 296, 'eta': 1.3357, 'loss': 0.0178, 'lr': 0.0016, 'params': 632328, 'time_iter': 0.0129, 'accuracy': 0.9991}
train: {'epoch': 297, 'eta': 1.3227, 'loss': 0.0177, 'lr': 0.0015, 'params': 632328, 'time_iter': 0.0128, 'accuracy': 0.9991}
train: {'epoch': 298, 'eta': 1.3098, 'loss': 0.0175, 'lr': 0.0015, 'params': 632328, 'time_iter': 0.013, 'accuracy': 0.9991}
train: {'epoch': 299, 'eta': 1.2967, 'loss': 0.0174, 'lr': 0.0015, 'params': 632328, 'time_iter': 0.0127, 'accuracy': 0.9991}
val: {'epoch': 299, 'loss': 0.6266, 'lr': 0, 'params': 632328, 'time_iter': 0.0075, 'accuracy': 0.8561}
Check point saved: results/example/1/ckpt/299.ckpt
train: {'epoch': 300, 'eta': 1.2839, 'loss': 0.0172, 'lr': 0.0015, 'params': 632328, 'time_iter': 0.0134, 'accuracy': 0.9991}
train: {'epoch': 301, 'eta': 1.2709, 'loss': 0.0171, 'lr': 0.0014, 'params': 632328, 'time_iter': 0.013, 'accuracy': 0.9991}
train: {'epoch': 302, 'eta': 1.2579, 'loss': 0.017, 'lr': 0.0014, 'params': 632328, 'time_iter': 0.0128, 'accuracy': 0.9995}
train: {'epoch': 303, 'eta': 1.2449, 'loss': 0.0169, 'lr': 0.0014, 'params': 632328, 'time_iter': 0.0128, 'accuracy': 0.9995}
train: {'epoch': 304, 'eta': 1.2318, 'loss': 0.0167, 'lr': 0.0014, 'params': 632328, 'time_iter': 0.0127, 'accuracy': 0.9995}
train: {'epoch': 305, 'eta': 1.2189, 'loss': 0.0166, 'lr': 0.0013, 'params': 632328, 'time_iter': 0.0131, 'accuracy': 0.9995}
train: {'epoch': 306, 'eta': 1.206, 'loss': 0.0165, 'lr': 0.0013, 'params': 632328, 'time_iter': 0.0131, 'accuracy': 0.9995}
train: {'epoch': 307, 'eta': 1.1929, 'loss': 0.0164, 'lr': 0.0013, 'params': 632328, 'time_iter': 0.0128, 'accuracy': 0.9995}
train: {'epoch': 308, 'eta': 1.1799, 'loss': 0.0163, 'lr': 0.0012, 'params': 632328, 'time_iter': 0.0127, 'accuracy': 0.9995}
train: {'epoch': 309, 'eta': 1.1669, 'loss': 0.0162, 'lr': 0.0012, 'params': 632328, 'time_iter': 0.0127, 'accuracy': 0.9995}
train: {'epoch': 310, 'eta': 1.1539, 'loss': 0.0161, 'lr': 0.0012, 'params': 632328, 'time_iter': 0.0129, 'accuracy': 0.9995}
train: {'epoch': 311, 'eta': 1.1408, 'loss': 0.016, 'lr': 0.0012, 'params': 632328, 'time_iter': 0.0127, 'accuracy': 0.9995}
train: {'epoch': 312, 'eta': 1.1279, 'loss': 0.016, 'lr': 0.0011, 'params': 632328, 'time_iter': 0.0129, 'accuracy': 0.9995}
train: {'epoch': 313, 'eta': 1.1148, 'loss': 0.0159, 'lr': 0.0011, 'params': 632328, 'time_iter': 0.0127, 'accuracy': 0.9995}
train: {'epoch': 314, 'eta': 1.1019, 'loss': 0.0158, 'lr': 0.0011, 'params': 632328, 'time_iter': 0.0132, 'accuracy': 0.9995}
train: {'epoch': 315, 'eta': 1.0889, 'loss': 0.0157, 'lr': 0.0011, 'params': 632328, 'time_iter': 0.0128, 'accuracy': 0.9995}
train: {'epoch': 316, 'eta': 1.0759, 'loss': 0.0157, 'lr': 0.001, 'params': 632328, 'time_iter': 0.013, 'accuracy': 0.9995}
train: {'epoch': 317, 'eta': 1.0629, 'loss': 0.0156, 'lr': 0.001, 'params': 632328, 'time_iter': 0.0127, 'accuracy': 1.0}
train: {'epoch': 318, 'eta': 1.05, 'loss': 0.0156, 'lr': 0.001, 'params': 632328, 'time_iter': 0.013, 'accuracy': 1.0}
train: {'epoch': 319, 'eta': 1.0369, 'loss': 0.0155, 'lr': 0.001, 'params': 632328, 'time_iter': 0.0127, 'accuracy': 1.0}
val: {'epoch': 319, 'loss': 0.6305, 'lr': 0, 'params': 632328, 'time_iter': 0.0075, 'accuracy': 0.8524}
train: {'epoch': 320, 'eta': 1.024, 'loss': 0.0155, 'lr': 0.001, 'params': 632328, 'time_iter': 0.013, 'accuracy': 1.0}
train: {'epoch': 321, 'eta': 1.0111, 'loss': 0.0154, 'lr': 0.0009, 'params': 632328, 'time_iter': 0.0132, 'accuracy': 1.0}
train: {'epoch': 322, 'eta': 0.9983, 'loss': 0.0154, 'lr': 0.0009, 'params': 632328, 'time_iter': 0.014, 'accuracy': 1.0}
train: {'epoch': 323, 'eta': 0.9855, 'loss': 0.0153, 'lr': 0.0009, 'params': 632328, 'time_iter': 0.0136, 'accuracy': 1.0}
train: {'epoch': 324, 'eta': 0.9727, 'loss': 0.0153, 'lr': 0.0009, 'params': 632328, 'time_iter': 0.0135, 'accuracy': 1.0}
train: {'epoch': 325, 'eta': 0.9599, 'loss': 0.0152, 'lr': 0.0008, 'params': 632328, 'time_iter': 0.0137, 'accuracy': 1.0}
train: {'epoch': 326, 'eta': 0.9471, 'loss': 0.0152, 'lr': 0.0008, 'params': 632328, 'time_iter': 0.0137, 'accuracy': 1.0}
train: {'epoch': 327, 'eta': 0.9343, 'loss': 0.0152, 'lr': 0.0008, 'params': 632328, 'time_iter': 0.014, 'accuracy': 1.0}
train: {'epoch': 328, 'eta': 0.9215, 'loss': 0.0151, 'lr': 0.0008, 'params': 632328, 'time_iter': 0.0135, 'accuracy': 1.0}
train: {'epoch': 329, 'eta': 0.9086, 'loss': 0.0151, 'lr': 0.0008, 'params': 632328, 'time_iter': 0.0134, 'accuracy': 1.0}
train: {'epoch': 330, 'eta': 0.8957, 'loss': 0.0151, 'lr': 0.0007, 'params': 632328, 'time_iter': 0.0134, 'accuracy': 1.0}
train: {'epoch': 331, 'eta': 0.8829, 'loss': 0.015, 'lr': 0.0007, 'params': 632328, 'time_iter': 0.0138, 'accuracy': 1.0}
train: {'epoch': 332, 'eta': 0.87, 'loss': 0.015, 'lr': 0.0007, 'params': 632328, 'time_iter': 0.0134, 'accuracy': 1.0}
train: {'epoch': 333, 'eta': 0.8571, 'loss': 0.015, 'lr': 0.0007, 'params': 632328, 'time_iter': 0.0136, 'accuracy': 1.0}
train: {'epoch': 334, 'eta': 0.8442, 'loss': 0.015, 'lr': 0.0007, 'params': 632328, 'time_iter': 0.0135, 'accuracy': 1.0}
train: {'epoch': 335, 'eta': 0.8313, 'loss': 0.0149, 'lr': 0.0006, 'params': 632328, 'time_iter': 0.0135, 'accuracy': 1.0}
train: {'epoch': 336, 'eta': 0.8185, 'loss': 0.0149, 'lr': 0.0006, 'params': 632328, 'time_iter': 0.014, 'accuracy': 1.0}
train: {'epoch': 337, 'eta': 0.8057, 'loss': 0.0149, 'lr': 0.0006, 'params': 632328, 'time_iter': 0.0137, 'accuracy': 1.0}
train: {'epoch': 338, 'eta': 0.7927, 'loss': 0.0149, 'lr': 0.0006, 'params': 632328, 'time_iter': 0.0133, 'accuracy': 1.0}
train: {'epoch': 339, 'eta': 0.7798, 'loss': 0.0149, 'lr': 0.0006, 'params': 632328, 'time_iter': 0.0132, 'accuracy': 1.0}
val: {'epoch': 339, 'loss': 0.6309, 'lr': 0, 'params': 632328, 'time_iter': 0.0079, 'accuracy': 0.8506}
train: {'epoch': 340, 'eta': 0.7668, 'loss': 0.0148, 'lr': 0.0005, 'params': 632328, 'time_iter': 0.0133, 'accuracy': 1.0}
train: {'epoch': 341, 'eta': 0.7539, 'loss': 0.0148, 'lr': 0.0005, 'params': 632328, 'time_iter': 0.0133, 'accuracy': 1.0}
train: {'epoch': 342, 'eta': 0.7409, 'loss': 0.0148, 'lr': 0.0005, 'params': 632328, 'time_iter': 0.0135, 'accuracy': 1.0}
train: {'epoch': 343, 'eta': 0.728, 'loss': 0.0148, 'lr': 0.0005, 'params': 632328, 'time_iter': 0.0134, 'accuracy': 1.0}
train: {'epoch': 344, 'eta': 0.7151, 'loss': 0.0148, 'lr': 0.0005, 'params': 632328, 'time_iter': 0.0137, 'accuracy': 1.0}
train: {'epoch': 345, 'eta': 0.7022, 'loss': 0.0148, 'lr': 0.0005, 'params': 632328, 'time_iter': 0.0135, 'accuracy': 1.0}
train: {'epoch': 346, 'eta': 0.6894, 'loss': 0.0148, 'lr': 0.0004, 'params': 632328, 'time_iter': 0.0147, 'accuracy': 1.0}
train: {'epoch': 347, 'eta': 0.6769, 'loss': 0.0148, 'lr': 0.0004, 'params': 632328, 'time_iter': 0.0161, 'accuracy': 1.0}
train: {'epoch': 348, 'eta': 0.6639, 'loss': 0.0147, 'lr': 0.0004, 'params': 632328, 'time_iter': 0.0134, 'accuracy': 1.0}
train: {'epoch': 349, 'eta': 0.6509, 'loss': 0.0147, 'lr': 0.0004, 'params': 632328, 'time_iter': 0.0132, 'accuracy': 1.0}
train: {'epoch': 350, 'eta': 0.638, 'loss': 0.0147, 'lr': 0.0004, 'params': 632328, 'time_iter': 0.0135, 'accuracy': 1.0}
train: {'epoch': 351, 'eta': 0.625, 'loss': 0.0147, 'lr': 0.0004, 'params': 632328, 'time_iter': 0.0133, 'accuracy': 1.0}
train: {'epoch': 352, 'eta': 0.6121, 'loss': 0.0147, 'lr': 0.0004, 'params': 632328, 'time_iter': 0.0137, 'accuracy': 1.0}
train: {'epoch': 353, 'eta': 0.5991, 'loss': 0.0147, 'lr': 0.0003, 'params': 632328, 'time_iter': 0.0134, 'accuracy': 1.0}
train: {'epoch': 354, 'eta': 0.5862, 'loss': 0.0147, 'lr': 0.0003, 'params': 632328, 'time_iter': 0.0136, 'accuracy': 1.0}
train: {'epoch': 355, 'eta': 0.5732, 'loss': 0.0147, 'lr': 0.0003, 'params': 632328, 'time_iter': 0.0136, 'accuracy': 1.0}
train: {'epoch': 356, 'eta': 0.5602, 'loss': 0.0147, 'lr': 0.0003, 'params': 632328, 'time_iter': 0.0135, 'accuracy': 1.0}
train: {'epoch': 357, 'eta': 0.5473, 'loss': 0.0147, 'lr': 0.0003, 'params': 632328, 'time_iter': 0.0135, 'accuracy': 1.0}
train: {'epoch': 358, 'eta': 0.5343, 'loss': 0.0147, 'lr': 0.0003, 'params': 632328, 'time_iter': 0.0139, 'accuracy': 1.0}
train: {'epoch': 359, 'eta': 0.5214, 'loss': 0.0147, 'lr': 0.0003, 'params': 632328, 'time_iter': 0.0138, 'accuracy': 1.0}
val: {'epoch': 359, 'loss': 0.6314, 'lr': 0, 'params': 632328, 'time_iter': 0.0083, 'accuracy': 0.8506}
train: {'epoch': 360, 'eta': 0.5084, 'loss': 0.0146, 'lr': 0.0002, 'params': 632328, 'time_iter': 0.0133, 'accuracy': 1.0}
train: {'epoch': 361, 'eta': 0.4954, 'loss': 0.0146, 'lr': 0.0002, 'params': 632328, 'time_iter': 0.0135, 'accuracy': 1.0}
train: {'epoch': 362, 'eta': 0.4824, 'loss': 0.0146, 'lr': 0.0002, 'params': 632328, 'time_iter': 0.0136, 'accuracy': 1.0}
train: {'epoch': 363, 'eta': 0.4694, 'loss': 0.0146, 'lr': 0.0002, 'params': 632328, 'time_iter': 0.0136, 'accuracy': 1.0}
train: {'epoch': 364, 'eta': 0.4564, 'loss': 0.0146, 'lr': 0.0002, 'params': 632328, 'time_iter': 0.0135, 'accuracy': 1.0}
train: {'epoch': 365, 'eta': 0.4434, 'loss': 0.0146, 'lr': 0.0002, 'params': 632328, 'time_iter': 0.0136, 'accuracy': 1.0}
train: {'epoch': 366, 'eta': 0.4305, 'loss': 0.0146, 'lr': 0.0002, 'params': 632328, 'time_iter': 0.014, 'accuracy': 1.0}
train: {'epoch': 367, 'eta': 0.4175, 'loss': 0.0146, 'lr': 0.0002, 'params': 632328, 'time_iter': 0.0133, 'accuracy': 1.0}
train: {'epoch': 368, 'eta': 0.4044, 'loss': 0.0146, 'lr': 0.0002, 'params': 632328, 'time_iter': 0.0128, 'accuracy': 1.0}
train: {'epoch': 369, 'eta': 0.3913, 'loss': 0.0146, 'lr': 0.0001, 'params': 632328, 'time_iter': 0.0129, 'accuracy': 1.0}
train: {'epoch': 370, 'eta': 0.3783, 'loss': 0.0146, 'lr': 0.0001, 'params': 632328, 'time_iter': 0.0128, 'accuracy': 1.0}
train: {'epoch': 371, 'eta': 0.3652, 'loss': 0.0146, 'lr': 0.0001, 'params': 632328, 'time_iter': 0.013, 'accuracy': 1.0}
train: {'epoch': 372, 'eta': 0.3522, 'loss': 0.0146, 'lr': 0.0001, 'params': 632328, 'time_iter': 0.0128, 'accuracy': 1.0}
train: {'epoch': 373, 'eta': 0.3391, 'loss': 0.0146, 'lr': 0.0001, 'params': 632328, 'time_iter': 0.0128, 'accuracy': 1.0}
train: {'epoch': 374, 'eta': 0.3261, 'loss': 0.0146, 'lr': 0.0001, 'params': 632328, 'time_iter': 0.0138, 'accuracy': 1.0}
train: {'epoch': 375, 'eta': 0.3131, 'loss': 0.0146, 'lr': 0.0001, 'params': 632328, 'time_iter': 0.0129, 'accuracy': 1.0}
train: {'epoch': 376, 'eta': 0.3, 'loss': 0.0146, 'lr': 0.0001, 'params': 632328, 'time_iter': 0.0127, 'accuracy': 1.0}
train: {'epoch': 377, 'eta': 0.2869, 'loss': 0.0146, 'lr': 0.0001, 'params': 632328, 'time_iter': 0.0128, 'accuracy': 1.0}
train: {'epoch': 378, 'eta': 0.2739, 'loss': 0.0146, 'lr': 0.0001, 'params': 632328, 'time_iter': 0.0128, 'accuracy': 1.0}
train: {'epoch': 379, 'eta': 0.2608, 'loss': 0.0146, 'lr': 0.0001, 'params': 632328, 'time_iter': 0.0128, 'accuracy': 1.0}
val: {'epoch': 379, 'loss': 0.6317, 'lr': 0, 'params': 632328, 'time_iter': 0.0076, 'accuracy': 0.8506}
train: {'epoch': 380, 'eta': 0.2478, 'loss': 0.0146, 'lr': 0.0001, 'params': 632328, 'time_iter': 0.0129, 'accuracy': 1.0}
train: {'epoch': 381, 'eta': 0.2347, 'loss': 0.0146, 'lr': 0.0001, 'params': 632328, 'time_iter': 0.013, 'accuracy': 1.0}
train: {'epoch': 382, 'eta': 0.2217, 'loss': 0.0146, 'lr': 0.0, 'params': 632328, 'time_iter': 0.0132, 'accuracy': 1.0}
train: {'epoch': 383, 'eta': 0.2087, 'loss': 0.0146, 'lr': 0.0, 'params': 632328, 'time_iter': 0.013, 'accuracy': 1.0}
train: {'epoch': 384, 'eta': 0.1956, 'loss': 0.0146, 'lr': 0.0, 'params': 632328, 'time_iter': 0.0128, 'accuracy': 1.0}
train: {'epoch': 385, 'eta': 0.1826, 'loss': 0.0146, 'lr': 0.0, 'params': 632328, 'time_iter': 0.0129, 'accuracy': 1.0}
train: {'epoch': 386, 'eta': 0.1695, 'loss': 0.0146, 'lr': 0.0, 'params': 632328, 'time_iter': 0.0127, 'accuracy': 1.0}
train: {'epoch': 387, 'eta': 0.1565, 'loss': 0.0146, 'lr': 0.0, 'params': 632328, 'time_iter': 0.0128, 'accuracy': 1.0}
train: {'epoch': 388, 'eta': 0.1434, 'loss': 0.0146, 'lr': 0.0, 'params': 632328, 'time_iter': 0.0129, 'accuracy': 1.0}
train: {'epoch': 389, 'eta': 0.1304, 'loss': 0.0146, 'lr': 0.0, 'params': 632328, 'time_iter': 0.0127, 'accuracy': 1.0}
train: {'epoch': 390, 'eta': 0.1173, 'loss': 0.0146, 'lr': 0.0, 'params': 632328, 'time_iter': 0.0131, 'accuracy': 1.0}
train: {'epoch': 391, 'eta': 0.1043, 'loss': 0.0146, 'lr': 0.0, 'params': 632328, 'time_iter': 0.0127, 'accuracy': 1.0}
train: {'epoch': 392, 'eta': 0.0913, 'loss': 0.0146, 'lr': 0.0, 'params': 632328, 'time_iter': 0.0129, 'accuracy': 1.0}
train: {'epoch': 393, 'eta': 0.0782, 'loss': 0.0146, 'lr': 0.0, 'params': 632328, 'time_iter': 0.0127, 'accuracy': 1.0}
train: {'epoch': 394, 'eta': 0.0652, 'loss': 0.0146, 'lr': 0.0, 'params': 632328, 'time_iter': 0.0131, 'accuracy': 1.0}
train: {'epoch': 395, 'eta': 0.0521, 'loss': 0.0146, 'lr': 0.0, 'params': 632328, 'time_iter': 0.0127, 'accuracy': 1.0}
train: {'epoch': 396, 'eta': 0.0391, 'loss': 0.0146, 'lr': 0.0, 'params': 632328, 'time_iter': 0.013, 'accuracy': 1.0}
train: {'epoch': 397, 'eta': 0.0261, 'loss': 0.0146, 'lr': 0.0, 'params': 632328, 'time_iter': 0.0127, 'accuracy': 1.0}
train: {'epoch': 398, 'eta': 0.013, 'loss': 0.0146, 'lr': 0.0, 'params': 632328, 'time_iter': 0.0129, 'accuracy': 1.0}
train: {'epoch': 399, 'eta': 0.0, 'loss': 0.0146, 'lr': 0.0, 'params': 632328, 'time_iter': 0.0128, 'accuracy': 1.0}
val: {'epoch': 399, 'loss': 0.6319, 'lr': 0, 'params': 632328, 'time_iter': 0.0075, 'accuracy': 0.8506}
Check point saved: results/example/1/ckpt/399.ckpt
Task done, results saved in results/example/1
