Load: 0.133s, Before split: 0.0003099s, Split: 0.0001969s, After split: 6.914e-06s
GNN(
  (preprocess): Preprocess(
    node_feature: dim_out=1433
    Total: dim_out=1433
  )
  (pre_mp): GeneralMultiLayer(
    (Layer_0): GeneralLayer(
      (layer): Linear(
        (model): Linear(in_features=1433, out_features=256, bias=False)
      )
      (post_layer): Sequential(
        (0): BatchNorm1d(256, eps=1e-05, momentum=0.1, affine=True, track_running_stats=True)
        (1): PReLU(num_parameters=1)
      )
    )
  )
  (mp): GNNStackStage(
    (layer0): GeneralLayer(
      (layer): GeneralConv(
        (model): GeneralConvLayer(256, 256)
      )
      (post_layer): Sequential(
        (0): BatchNorm1d(256, eps=1e-05, momentum=0.1, affine=True, track_running_stats=True)
        (1): PReLU(num_parameters=1)
      )
    )
    (layer1): GeneralLayer(
      (layer): GeneralConv(
        (model): GeneralConvLayer(256, 256)
      )
      (post_layer): Sequential(
        (0): BatchNorm1d(256, eps=1e-05, momentum=0.1, affine=True, track_running_stats=True)
        (1): PReLU(num_parameters=1)
      )
    )
  )
  (post_mp): GNNNodeHead(
    (layer_post_mp): MLP(
      (model): Sequential(
        (0): Linear(
          (model): Linear(in_features=256, out_features=7, bias=True)
        )
      )
    )
  )
)
bn:
  eps: 1e-05
  mom: 0.1
cfg_dest: config.yaml
dataset:
  augment_feature: []
  augment_feature_dims: []
  augment_feature_repr: position
  augment_label: 
  augment_label_dims: 0
  cache_load: False
  cache_save: False
  dir: ./datasets
  edge_dim: 128
  edge_encoder: False
  edge_encoder_bn: True
  edge_encoder_name: Bond
  edge_message_ratio: 0.8
  edge_negative_sampling_ratio: 1.0
  edge_train_mode: all
  encoder_dim: 128
  format: PyG
  name: Cora
  node_encoder: False
  node_encoder_bn: True
  node_encoder_name: Atom
  remove_feature: False
  resample_disjoint: False
  resample_negative: False
  shuffle_split: True
  split: [0.8, 0.2]
  task: node
  task_type: classification
  to_undirected: False
  transductive: True
  transform: none
  tu_simple: True
device: cuda:0
example_arg: example
example_group:
  example_arg: example
gnn:
  act: prelu
  agg: add
  att_final_linear: False
  att_final_linear_bn: False
  att_heads: 1
  batchnorm: True
  dim_inner: 256
  dropout: 0.0
  flow: source_to_target
  keep_edge: 0.5
  l2norm: True
  layer_type: generalconv
  layers_mp: 2
  layers_post_mp: 1
  layers_pre_mp: 1
  msg_direction: single
  normalize_adj: False
  self_msg: concat
  skip_every: 1
  stage_type: stack
gpu_mem: False
mem:
  inplace: False
metric_agg: argmax
metric_best: auto
model:
  edge_decoding: dot
  graph_pooling: add
  loss_fun: cross_entropy
  match_upper: True
  size_average: mean
  thresh: 0.5
  type: gnn
num_threads: 6
num_workers: 0
optim:
  base_lr: 0.01
  lr_decay: 0.1
  max_epoch: 400
  momentum: 0.9
  optimizer: adam
  scheduler: cos
  steps: [30, 60, 90]
  weight_decay: 0.0005
out_dir: results/example/2
params: 632328
print: both
round: 4
seed: 2
share:
  dim_in: 1
  dim_out: 1
  num_splits: 1
tensorboard_agg: True
tensorboard_each_run: False
train:
  auto_resume: False
  batch_size: 32
  ckpt_clean: True
  ckpt_period: 100
  epoch_resume: -1
  eval_period: 20
  iter_per_epoch: 32
  mode: standard
  neighbor_sizes: [20, 15, 10, 5]
  node_per_graph: 32
  radius: extend
  sample_node: False
  sampler: full_batch
  walk_length: 4
val:
  node_per_graph: 32
  radius: extend
  sample_node: False
  sampler: full_batch
view_emb: False
Num parameters: 632328
Start from epoch 0
train: {'epoch': 0, 'eta': 6.1913, 'loss': 1.938, 'lr': 0.01, 'params': 632328, 'time_iter': 0.0155, 'accuracy': 0.1464}
val: {'epoch': 0, 'loss': 1.755, 'lr': 0, 'params': 632328, 'time_iter': 0.0078, 'accuracy': 0.4336}
train: {'epoch': 1, 'eta': 5.6529, 'loss': 1.5, 'lr': 0.01, 'params': 632328, 'time_iter': 0.0129, 'accuracy': 0.6524}
train: {'epoch': 2, 'eta': 5.4689, 'loss': 1.245, 'lr': 0.01, 'params': 632328, 'time_iter': 0.0129, 'accuracy': 0.7364}
train: {'epoch': 3, 'eta': 5.4824, 'loss': 1.0597, 'lr': 0.01, 'params': 632328, 'time_iter': 0.0141, 'accuracy': 0.801}
train: {'epoch': 4, 'eta': 5.4187, 'loss': 0.9087, 'lr': 0.01, 'params': 632328, 'time_iter': 0.0132, 'accuracy': 0.8453}
train: {'epoch': 5, 'eta': 5.3421, 'loss': 0.8016, 'lr': 0.01, 'params': 632328, 'time_iter': 0.0128, 'accuracy': 0.8777}
train: {'epoch': 6, 'eta': 5.2959, 'loss': 0.7158, 'lr': 0.01, 'params': 632328, 'time_iter': 0.013, 'accuracy': 0.8758}
train: {'epoch': 7, 'eta': 5.2595, 'loss': 0.6492, 'lr': 0.01, 'params': 632328, 'time_iter': 0.013, 'accuracy': 0.8975}
train: {'epoch': 8, 'eta': 5.2343, 'loss': 0.5799, 'lr': 0.01, 'params': 632328, 'time_iter': 0.0131, 'accuracy': 0.9063}
train: {'epoch': 9, 'eta': 5.2, 'loss': 0.5287, 'lr': 0.01, 'params': 632328, 'time_iter': 0.0129, 'accuracy': 0.9137}
train: {'epoch': 10, 'eta': 5.1745, 'loss': 0.4792, 'lr': 0.01, 'params': 632328, 'time_iter': 0.013, 'accuracy': 0.9215}
train: {'epoch': 11, 'eta': 5.215, 'loss': 0.4379, 'lr': 0.01, 'params': 632328, 'time_iter': 0.015, 'accuracy': 0.9261}
train: {'epoch': 12, 'eta': 5.325, 'loss': 0.3993, 'lr': 0.01, 'params': 632328, 'time_iter': 0.0176, 'accuracy': 0.9303}
train: {'epoch': 13, 'eta': 5.3498, 'loss': 0.3658, 'lr': 0.01, 'params': 632328, 'time_iter': 0.0152, 'accuracy': 0.9344}
train: {'epoch': 14, 'eta': 5.3303, 'loss': 0.3349, 'lr': 0.01, 'params': 632328, 'time_iter': 0.0136, 'accuracy': 0.9386}
train: {'epoch': 15, 'eta': 5.2992, 'loss': 0.3079, 'lr': 0.01, 'params': 632328, 'time_iter': 0.0131, 'accuracy': 0.9474}
train: {'epoch': 16, 'eta': 5.2733, 'loss': 0.2828, 'lr': 0.01, 'params': 632328, 'time_iter': 0.0133, 'accuracy': 0.9524}
train: {'epoch': 17, 'eta': 5.2363, 'loss': 0.2601, 'lr': 0.01, 'params': 632328, 'time_iter': 0.0127, 'accuracy': 0.9524}
train: {'epoch': 18, 'eta': 5.2014, 'loss': 0.2405, 'lr': 0.01, 'params': 632328, 'time_iter': 0.0127, 'accuracy': 0.9557}
train: {'epoch': 19, 'eta': 5.1811, 'loss': 0.2234, 'lr': 0.0099, 'params': 632328, 'time_iter': 0.0133, 'accuracy': 0.9612}
val: {'epoch': 19, 'loss': 0.45, 'lr': 0, 'params': 632328, 'time_iter': 0.0075, 'accuracy': 0.8708}
train: {'epoch': 20, 'eta': 5.1503, 'loss': 0.2072, 'lr': 0.0099, 'params': 632328, 'time_iter': 0.0127, 'accuracy': 0.9663}
train: {'epoch': 21, 'eta': 5.1214, 'loss': 0.1891, 'lr': 0.0099, 'params': 632328, 'time_iter': 0.0127, 'accuracy': 0.97}
train: {'epoch': 22, 'eta': 5.1028, 'loss': 0.1767, 'lr': 0.0099, 'params': 632328, 'time_iter': 0.0132, 'accuracy': 0.9695}
train: {'epoch': 23, 'eta': 5.0847, 'loss': 0.1844, 'lr': 0.0099, 'params': 632328, 'time_iter': 0.0132, 'accuracy': 0.9617}
train: {'epoch': 24, 'eta': 5.0574, 'loss': 0.1994, 'lr': 0.0099, 'params': 632328, 'time_iter': 0.0126, 'accuracy': 0.9594}
train: {'epoch': 25, 'eta': 5.0324, 'loss': 0.2128, 'lr': 0.0099, 'params': 632328, 'time_iter': 0.0127, 'accuracy': 0.9451}
train: {'epoch': 26, 'eta': 5.0168, 'loss': 0.1807, 'lr': 0.0099, 'params': 632328, 'time_iter': 0.0133, 'accuracy': 0.9594}
train: {'epoch': 27, 'eta': 4.9998, 'loss': 0.1624, 'lr': 0.0099, 'params': 632328, 'time_iter': 0.0132, 'accuracy': 0.9649}
train: {'epoch': 28, 'eta': 4.976, 'loss': 0.1671, 'lr': 0.0099, 'params': 632328, 'time_iter': 0.0126, 'accuracy': 0.9621}
train: {'epoch': 29, 'eta': 4.9536, 'loss': 0.1428, 'lr': 0.0099, 'params': 632328, 'time_iter': 0.0127, 'accuracy': 0.9746}
train: {'epoch': 30, 'eta': 4.9393, 'loss': 0.1373, 'lr': 0.0099, 'params': 632328, 'time_iter': 0.0133, 'accuracy': 0.9714}
train: {'epoch': 31, 'eta': 4.9229, 'loss': 0.1307, 'lr': 0.0099, 'params': 632328, 'time_iter': 0.0131, 'accuracy': 0.9741}
train: {'epoch': 32, 'eta': 4.9154, 'loss': 0.1174, 'lr': 0.0098, 'params': 632328, 'time_iter': 0.0139, 'accuracy': 0.9801}
train: {'epoch': 33, 'eta': 4.9172, 'loss': 0.1084, 'lr': 0.0098, 'params': 632328, 'time_iter': 0.0148, 'accuracy': 0.9806}
train: {'epoch': 34, 'eta': 4.9069, 'loss': 0.103, 'lr': 0.0098, 'params': 632328, 'time_iter': 0.0137, 'accuracy': 0.9838}
train: {'epoch': 35, 'eta': 4.8911, 'loss': 0.094, 'lr': 0.0098, 'params': 632328, 'time_iter': 0.0132, 'accuracy': 0.988}
train: {'epoch': 36, 'eta': 4.8687, 'loss': 0.0901, 'lr': 0.0098, 'params': 632328, 'time_iter': 0.0125, 'accuracy': 0.9866}
train: {'epoch': 37, 'eta': 4.8473, 'loss': 0.0818, 'lr': 0.0098, 'params': 632328, 'time_iter': 0.0126, 'accuracy': 0.9875}
train: {'epoch': 38, 'eta': 4.8319, 'loss': 0.0759, 'lr': 0.0098, 'params': 632328, 'time_iter': 0.0132, 'accuracy': 0.9894}
train: {'epoch': 39, 'eta': 4.816, 'loss': 0.0737, 'lr': 0.0098, 'params': 632328, 'time_iter': 0.0131, 'accuracy': 0.9903}
val: {'epoch': 39, 'loss': 0.5447, 'lr': 0, 'params': 632328, 'time_iter': 0.0069, 'accuracy': 0.8284}
train: {'epoch': 40, 'eta': 4.8016, 'loss': 0.0739, 'lr': 0.0098, 'params': 632328, 'time_iter': 0.0133, 'accuracy': 0.9917}
train: {'epoch': 41, 'eta': 4.7852, 'loss': 0.0648, 'lr': 0.0097, 'params': 632328, 'time_iter': 0.013, 'accuracy': 0.994}
train: {'epoch': 42, 'eta': 4.7696, 'loss': 0.0825, 'lr': 0.0097, 'params': 632328, 'time_iter': 0.0131, 'accuracy': 0.9889}
train: {'epoch': 43, 'eta': 4.7526, 'loss': 0.1578, 'lr': 0.0097, 'params': 632328, 'time_iter': 0.0129, 'accuracy': 0.9751}
train: {'epoch': 44, 'eta': 4.7328, 'loss': 0.1285, 'lr': 0.0097, 'params': 632328, 'time_iter': 0.0125, 'accuracy': 0.9815}
train: {'epoch': 45, 'eta': 4.7194, 'loss': 0.1117, 'lr': 0.0097, 'params': 632328, 'time_iter': 0.0133, 'accuracy': 0.9825}
train: {'epoch': 46, 'eta': 4.7038, 'loss': 0.1104, 'lr': 0.0097, 'params': 632328, 'time_iter': 0.013, 'accuracy': 0.9806}
train: {'epoch': 47, 'eta': 4.6842, 'loss': 0.0984, 'lr': 0.0097, 'params': 632328, 'time_iter': 0.0125, 'accuracy': 0.9829}
train: {'epoch': 48, 'eta': 4.6654, 'loss': 0.086, 'lr': 0.0096, 'params': 632328, 'time_iter': 0.0125, 'accuracy': 0.9829}
train: {'epoch': 49, 'eta': 4.6514, 'loss': 0.0843, 'lr': 0.0096, 'params': 632328, 'time_iter': 0.0132, 'accuracy': 0.9829}
train: {'epoch': 50, 'eta': 4.6364, 'loss': 0.0987, 'lr': 0.0096, 'params': 632328, 'time_iter': 0.013, 'accuracy': 0.9797}
train: {'epoch': 51, 'eta': 4.6182, 'loss': 0.0733, 'lr': 0.0096, 'params': 632328, 'time_iter': 0.0125, 'accuracy': 0.9875}
train: {'epoch': 52, 'eta': 4.6003, 'loss': 0.0803, 'lr': 0.0096, 'params': 632328, 'time_iter': 0.0126, 'accuracy': 0.9815}
train: {'epoch': 53, 'eta': 4.5862, 'loss': 0.0702, 'lr': 0.0096, 'params': 632328, 'time_iter': 0.0131, 'accuracy': 0.9861}
train: {'epoch': 54, 'eta': 4.5715, 'loss': 0.0715, 'lr': 0.0096, 'params': 632328, 'time_iter': 0.013, 'accuracy': 0.9866}
train: {'epoch': 55, 'eta': 4.5536, 'loss': 0.0565, 'lr': 0.0095, 'params': 632328, 'time_iter': 0.0125, 'accuracy': 0.9917}
train: {'epoch': 56, 'eta': 4.5362, 'loss': 0.0545, 'lr': 0.0095, 'params': 632328, 'time_iter': 0.0125, 'accuracy': 0.9935}
train: {'epoch': 57, 'eta': 4.5227, 'loss': 0.0519, 'lr': 0.0095, 'params': 632328, 'time_iter': 0.0132, 'accuracy': 0.9945}
train: {'epoch': 58, 'eta': 4.5085, 'loss': 0.0465, 'lr': 0.0095, 'params': 632328, 'time_iter': 0.0131, 'accuracy': 0.9963}
train: {'epoch': 59, 'eta': 4.4914, 'loss': 0.0434, 'lr': 0.0095, 'params': 632328, 'time_iter': 0.0125, 'accuracy': 0.9968}
val: {'epoch': 59, 'loss': 0.5526, 'lr': 0, 'params': 632328, 'time_iter': 0.0069, 'accuracy': 0.8561}
train: {'epoch': 60, 'eta': 4.4749, 'loss': 0.0428, 'lr': 0.0095, 'params': 632328, 'time_iter': 0.0126, 'accuracy': 0.9963}
train: {'epoch': 61, 'eta': 4.4583, 'loss': 0.0373, 'lr': 0.0094, 'params': 632328, 'time_iter': 0.0126, 'accuracy': 0.9972}
train: {'epoch': 62, 'eta': 4.4453, 'loss': 0.0368, 'lr': 0.0094, 'params': 632328, 'time_iter': 0.0132, 'accuracy': 0.9968}
train: {'epoch': 63, 'eta': 4.431, 'loss': 0.0328, 'lr': 0.0094, 'params': 632328, 'time_iter': 0.013, 'accuracy': 0.9977}
train: {'epoch': 64, 'eta': 4.4143, 'loss': 0.032, 'lr': 0.0094, 'params': 632328, 'time_iter': 0.0125, 'accuracy': 0.9977}
train: {'epoch': 65, 'eta': 4.4008, 'loss': 0.0306, 'lr': 0.0094, 'params': 632328, 'time_iter': 0.0131, 'accuracy': 0.9986}
train: {'epoch': 66, 'eta': 4.3867, 'loss': 0.0282, 'lr': 0.0093, 'params': 632328, 'time_iter': 0.013, 'accuracy': 0.9991}
train: {'epoch': 67, 'eta': 4.3705, 'loss': 0.0273, 'lr': 0.0093, 'params': 632328, 'time_iter': 0.0125, 'accuracy': 0.9991}
train: {'epoch': 68, 'eta': 4.355, 'loss': 0.0278, 'lr': 0.0093, 'params': 632328, 'time_iter': 0.0127, 'accuracy': 0.9986}
train: {'epoch': 69, 'eta': 4.3424, 'loss': 0.0277, 'lr': 0.0093, 'params': 632328, 'time_iter': 0.0133, 'accuracy': 0.9986}
train: {'epoch': 70, 'eta': 4.3288, 'loss': 0.0264, 'lr': 0.0093, 'params': 632328, 'time_iter': 0.0131, 'accuracy': 0.9986}
train: {'epoch': 71, 'eta': 4.3141, 'loss': 0.0441, 'lr': 0.0092, 'params': 632328, 'time_iter': 0.0128, 'accuracy': 0.994}
train: {'epoch': 72, 'eta': 4.2982, 'loss': 0.237, 'lr': 0.0092, 'params': 632328, 'time_iter': 0.0125, 'accuracy': 0.9169}
train: {'epoch': 73, 'eta': 4.2823, 'loss': 0.2587, 'lr': 0.0092, 'params': 632328, 'time_iter': 0.0125, 'accuracy': 0.9229}
train: {'epoch': 74, 'eta': 4.2693, 'loss': 0.1732, 'lr': 0.0092, 'params': 632328, 'time_iter': 0.0132, 'accuracy': 0.9598}
train: {'epoch': 75, 'eta': 4.2557, 'loss': 0.1587, 'lr': 0.0092, 'params': 632328, 'time_iter': 0.013, 'accuracy': 0.9617}
train: {'epoch': 76, 'eta': 4.2399, 'loss': 0.14, 'lr': 0.0091, 'params': 632328, 'time_iter': 0.0125, 'accuracy': 0.9714}
train: {'epoch': 77, 'eta': 4.2274, 'loss': 0.1218, 'lr': 0.0091, 'params': 632328, 'time_iter': 0.0133, 'accuracy': 0.976}
train: {'epoch': 78, 'eta': 4.2137, 'loss': 0.1059, 'lr': 0.0091, 'params': 632328, 'time_iter': 0.013, 'accuracy': 0.9806}
train: {'epoch': 79, 'eta': 4.1982, 'loss': 0.0942, 'lr': 0.0091, 'params': 632328, 'time_iter': 0.0125, 'accuracy': 0.9843}
val: {'epoch': 79, 'loss': 0.4855, 'lr': 0, 'params': 632328, 'time_iter': 0.0069, 'accuracy': 0.8542}
train: {'epoch': 80, 'eta': 4.1826, 'loss': 0.0847, 'lr': 0.009, 'params': 632328, 'time_iter': 0.0125, 'accuracy': 0.9871}
train: {'epoch': 81, 'eta': 4.1675, 'loss': 0.0756, 'lr': 0.009, 'params': 632328, 'time_iter': 0.0126, 'accuracy': 0.9889}
train: {'epoch': 82, 'eta': 4.152, 'loss': 0.0678, 'lr': 0.009, 'params': 632328, 'time_iter': 0.0125, 'accuracy': 0.9908}
train: {'epoch': 83, 'eta': 4.1395, 'loss': 0.0615, 'lr': 0.009, 'params': 632328, 'time_iter': 0.0133, 'accuracy': 0.9917}
train: {'epoch': 84, 'eta': 4.1261, 'loss': 0.056, 'lr': 0.009, 'params': 632328, 'time_iter': 0.013, 'accuracy': 0.994}
train: {'epoch': 85, 'eta': 4.1112, 'loss': 0.0511, 'lr': 0.0089, 'params': 632328, 'time_iter': 0.0126, 'accuracy': 0.9949}
train: {'epoch': 86, 'eta': 4.0959, 'loss': 0.0462, 'lr': 0.0089, 'params': 632328, 'time_iter': 0.0125, 'accuracy': 0.9945}
train: {'epoch': 87, 'eta': 4.0831, 'loss': 0.0422, 'lr': 0.0089, 'params': 632328, 'time_iter': 0.0132, 'accuracy': 0.9954}
train: {'epoch': 88, 'eta': 4.07, 'loss': 0.0386, 'lr': 0.0089, 'params': 632328, 'time_iter': 0.0131, 'accuracy': 0.9968}
train: {'epoch': 89, 'eta': 4.0551, 'loss': 0.0356, 'lr': 0.0088, 'params': 632328, 'time_iter': 0.0125, 'accuracy': 0.9982}
train: {'epoch': 90, 'eta': 4.0409, 'loss': 0.0332, 'lr': 0.0088, 'params': 632328, 'time_iter': 0.0127, 'accuracy': 0.9991}
train: {'epoch': 91, 'eta': 4.0282, 'loss': 0.0311, 'lr': 0.0088, 'params': 632328, 'time_iter': 0.0132, 'accuracy': 0.9995}
train: {'epoch': 92, 'eta': 4.015, 'loss': 0.0289, 'lr': 0.0088, 'params': 632328, 'time_iter': 0.013, 'accuracy': 0.9995}
train: {'epoch': 93, 'eta': 4.0007, 'loss': 0.0275, 'lr': 0.0087, 'params': 632328, 'time_iter': 0.0127, 'accuracy': 0.9995}
train: {'epoch': 94, 'eta': 3.9859, 'loss': 0.0263, 'lr': 0.0087, 'params': 632328, 'time_iter': 0.0125, 'accuracy': 0.9995}
train: {'epoch': 95, 'eta': 3.9712, 'loss': 0.0251, 'lr': 0.0087, 'params': 632328, 'time_iter': 0.0126, 'accuracy': 0.9995}
train: {'epoch': 96, 'eta': 3.9563, 'loss': 0.024, 'lr': 0.0086, 'params': 632328, 'time_iter': 0.0125, 'accuracy': 0.9995}
train: {'epoch': 97, 'eta': 3.9417, 'loss': 0.0232, 'lr': 0.0086, 'params': 632328, 'time_iter': 0.0126, 'accuracy': 0.9995}
train: {'epoch': 98, 'eta': 3.929, 'loss': 0.0223, 'lr': 0.0086, 'params': 632328, 'time_iter': 0.0132, 'accuracy': 0.9995}
train: {'epoch': 99, 'eta': 3.9162, 'loss': 0.0216, 'lr': 0.0086, 'params': 632328, 'time_iter': 0.0131, 'accuracy': 0.9995}
val: {'epoch': 99, 'loss': 0.4831, 'lr': 0, 'params': 632328, 'time_iter': 0.0069, 'accuracy': 0.8745}
Check point saved: results/example/2/ckpt/99.ckpt
train: {'epoch': 100, 'eta': 3.9058, 'loss': 0.0217, 'lr': 0.0085, 'params': 632328, 'time_iter': 0.014, 'accuracy': 1.0}
train: {'epoch': 101, 'eta': 3.8916, 'loss': 0.0299, 'lr': 0.0085, 'params': 632328, 'time_iter': 0.0127, 'accuracy': 0.9968}
train: {'epoch': 102, 'eta': 3.8771, 'loss': 0.0218, 'lr': 0.0085, 'params': 632328, 'time_iter': 0.0126, 'accuracy': 0.9991}
train: {'epoch': 103, 'eta': 3.8645, 'loss': 0.0664, 'lr': 0.0085, 'params': 632328, 'time_iter': 0.0132, 'accuracy': 0.9871}
train: {'epoch': 104, 'eta': 3.8523, 'loss': 0.1384, 'lr': 0.0084, 'params': 632328, 'time_iter': 0.0134, 'accuracy': 0.9751}
train: {'epoch': 105, 'eta': 3.8377, 'loss': 0.1183, 'lr': 0.0084, 'params': 632328, 'time_iter': 0.0125, 'accuracy': 0.9866}
train: {'epoch': 106, 'eta': 3.825, 'loss': 0.1045, 'lr': 0.0084, 'params': 632328, 'time_iter': 0.0132, 'accuracy': 0.9875}
train: {'epoch': 107, 'eta': 3.8117, 'loss': 0.0955, 'lr': 0.0083, 'params': 632328, 'time_iter': 0.013, 'accuracy': 0.9857}
train: {'epoch': 108, 'eta': 3.7973, 'loss': 0.0837, 'lr': 0.0083, 'params': 632328, 'time_iter': 0.0125, 'accuracy': 0.9894}
train: {'epoch': 109, 'eta': 3.7828, 'loss': 0.0762, 'lr': 0.0083, 'params': 632328, 'time_iter': 0.0125, 'accuracy': 0.9917}
train: {'epoch': 110, 'eta': 3.7701, 'loss': 0.068, 'lr': 0.0082, 'params': 632328, 'time_iter': 0.0132, 'accuracy': 0.9935}
train: {'epoch': 111, 'eta': 3.757, 'loss': 0.0622, 'lr': 0.0082, 'params': 632328, 'time_iter': 0.013, 'accuracy': 0.9945}
train: {'epoch': 112, 'eta': 3.7432, 'loss': 0.0557, 'lr': 0.0082, 'params': 632328, 'time_iter': 0.0128, 'accuracy': 0.9954}
train: {'epoch': 113, 'eta': 3.7289, 'loss': 0.0499, 'lr': 0.0082, 'params': 632328, 'time_iter': 0.0125, 'accuracy': 0.9945}
train: {'epoch': 114, 'eta': 3.7163, 'loss': 0.0463, 'lr': 0.0081, 'params': 632328, 'time_iter': 0.0132, 'accuracy': 0.9954}
train: {'epoch': 115, 'eta': 3.7033, 'loss': 0.0433, 'lr': 0.0081, 'params': 632328, 'time_iter': 0.013, 'accuracy': 0.9963}
train: {'epoch': 116, 'eta': 3.689, 'loss': 0.0408, 'lr': 0.0081, 'params': 632328, 'time_iter': 0.0125, 'accuracy': 0.9968}
train: {'epoch': 117, 'eta': 3.6763, 'loss': 0.0378, 'lr': 0.008, 'params': 632328, 'time_iter': 0.0132, 'accuracy': 0.9972}
train: {'epoch': 118, 'eta': 3.6632, 'loss': 0.0351, 'lr': 0.008, 'params': 632328, 'time_iter': 0.013, 'accuracy': 0.9972}
train: {'epoch': 119, 'eta': 3.6489, 'loss': 0.0329, 'lr': 0.008, 'params': 632328, 'time_iter': 0.0125, 'accuracy': 0.9977}
val: {'epoch': 119, 'loss': 0.478, 'lr': 0, 'params': 632328, 'time_iter': 0.0069, 'accuracy': 0.869}
train: {'epoch': 120, 'eta': 3.6349, 'loss': 0.0308, 'lr': 0.0079, 'params': 632328, 'time_iter': 0.0126, 'accuracy': 0.9977}
train: {'epoch': 121, 'eta': 3.6208, 'loss': 0.0287, 'lr': 0.0079, 'params': 632328, 'time_iter': 0.0126, 'accuracy': 0.9977}
train: {'epoch': 122, 'eta': 3.6067, 'loss': 0.0269, 'lr': 0.0079, 'params': 632328, 'time_iter': 0.0125, 'accuracy': 0.9982}
train: {'epoch': 123, 'eta': 3.5945, 'loss': 0.0251, 'lr': 0.0078, 'params': 632328, 'time_iter': 0.0134, 'accuracy': 0.9982}
train: {'epoch': 124, 'eta': 3.5821, 'loss': 0.0239, 'lr': 0.0078, 'params': 632328, 'time_iter': 0.0133, 'accuracy': 0.9986}
train: {'epoch': 125, 'eta': 3.5681, 'loss': 0.0229, 'lr': 0.0078, 'params': 632328, 'time_iter': 0.0126, 'accuracy': 0.9991}
train: {'epoch': 126, 'eta': 3.554, 'loss': 0.0221, 'lr': 0.0077, 'params': 632328, 'time_iter': 0.0125, 'accuracy': 0.9991}
train: {'epoch': 127, 'eta': 3.5413, 'loss': 0.0214, 'lr': 0.0077, 'params': 632328, 'time_iter': 0.0132, 'accuracy': 0.9991}
train: {'epoch': 128, 'eta': 3.5284, 'loss': 0.0219, 'lr': 0.0077, 'params': 632328, 'time_iter': 0.013, 'accuracy': 0.9995}
train: {'epoch': 129, 'eta': 3.5142, 'loss': 0.0265, 'lr': 0.0076, 'params': 632328, 'time_iter': 0.0125, 'accuracy': 0.9968}
train: {'epoch': 130, 'eta': 3.5002, 'loss': 0.0243, 'lr': 0.0076, 'params': 632328, 'time_iter': 0.0125, 'accuracy': 0.9977}
train: {'epoch': 131, 'eta': 3.4861, 'loss': 0.0221, 'lr': 0.0076, 'params': 632328, 'time_iter': 0.0125, 'accuracy': 0.9991}
train: {'epoch': 132, 'eta': 3.4722, 'loss': 0.0205, 'lr': 0.0075, 'params': 632328, 'time_iter': 0.0125, 'accuracy': 0.9995}
train: {'epoch': 133, 'eta': 3.4582, 'loss': 0.0202, 'lr': 0.0075, 'params': 632328, 'time_iter': 0.0125, 'accuracy': 0.9991}
train: {'epoch': 134, 'eta': 3.4464, 'loss': 0.0188, 'lr': 0.0075, 'params': 632328, 'time_iter': 0.0136, 'accuracy': 0.9995}
train: {'epoch': 135, 'eta': 3.4338, 'loss': 0.0187, 'lr': 0.0074, 'params': 632328, 'time_iter': 0.0132, 'accuracy': 0.9995}
train: {'epoch': 136, 'eta': 3.421, 'loss': 0.018, 'lr': 0.0074, 'params': 632328, 'time_iter': 0.0131, 'accuracy': 0.9995}
train: {'epoch': 137, 'eta': 3.4074, 'loss': 0.018, 'lr': 0.0074, 'params': 632328, 'time_iter': 0.0127, 'accuracy': 1.0}
train: {'epoch': 138, 'eta': 3.3936, 'loss': 0.0175, 'lr': 0.0073, 'params': 632328, 'time_iter': 0.0126, 'accuracy': 0.9995}
train: {'epoch': 139, 'eta': 3.3809, 'loss': 0.0172, 'lr': 0.0073, 'params': 632328, 'time_iter': 0.0132, 'accuracy': 1.0}
val: {'epoch': 139, 'loss': 0.5202, 'lr': 0, 'params': 632328, 'time_iter': 0.0074, 'accuracy': 0.8598}
train: {'epoch': 140, 'eta': 3.367, 'loss': 0.0164, 'lr': 0.0073, 'params': 632328, 'time_iter': 0.0125, 'accuracy': 1.0}
train: {'epoch': 141, 'eta': 3.3534, 'loss': 0.0162, 'lr': 0.0072, 'params': 632328, 'time_iter': 0.0126, 'accuracy': 1.0}
train: {'epoch': 142, 'eta': 3.3412, 'loss': 0.0164, 'lr': 0.0072, 'params': 632328, 'time_iter': 0.0135, 'accuracy': 1.0}
train: {'epoch': 143, 'eta': 3.3285, 'loss': 0.0159, 'lr': 0.0072, 'params': 632328, 'time_iter': 0.0131, 'accuracy': 1.0}
train: {'epoch': 144, 'eta': 3.3147, 'loss': 0.0153, 'lr': 0.0071, 'params': 632328, 'time_iter': 0.0125, 'accuracy': 1.0}
train: {'epoch': 145, 'eta': 3.3009, 'loss': 0.0149, 'lr': 0.0071, 'params': 632328, 'time_iter': 0.0126, 'accuracy': 1.0}
train: {'epoch': 146, 'eta': 3.2884, 'loss': 0.0151, 'lr': 0.0071, 'params': 632328, 'time_iter': 0.0133, 'accuracy': 1.0}
train: {'epoch': 147, 'eta': 3.2754, 'loss': 0.0169, 'lr': 0.007, 'params': 632328, 'time_iter': 0.013, 'accuracy': 1.0}
train: {'epoch': 148, 'eta': 3.2634, 'loss': 0.04, 'lr': 0.007, 'params': 632328, 'time_iter': 0.0136, 'accuracy': 0.9949}
train: {'epoch': 149, 'eta': 3.2513, 'loss': 0.0352, 'lr': 0.0069, 'params': 632328, 'time_iter': 0.0136, 'accuracy': 0.9968}
train: {'epoch': 150, 'eta': 3.2385, 'loss': 0.0341, 'lr': 0.0069, 'params': 632328, 'time_iter': 0.0131, 'accuracy': 0.9963}
train: {'epoch': 151, 'eta': 3.2248, 'loss': 0.0634, 'lr': 0.0069, 'params': 632328, 'time_iter': 0.0126, 'accuracy': 0.9898}
train: {'epoch': 152, 'eta': 3.212, 'loss': 0.1461, 'lr': 0.0068, 'params': 632328, 'time_iter': 0.0131, 'accuracy': 0.9732}
train: {'epoch': 153, 'eta': 3.199, 'loss': 0.1405, 'lr': 0.0068, 'params': 632328, 'time_iter': 0.013, 'accuracy': 0.9598}
train: {'epoch': 154, 'eta': 3.1852, 'loss': 0.1355, 'lr': 0.0068, 'params': 632328, 'time_iter': 0.0125, 'accuracy': 0.9677}
train: {'epoch': 155, 'eta': 3.1714, 'loss': 0.1329, 'lr': 0.0067, 'params': 632328, 'time_iter': 0.0125, 'accuracy': 0.9709}
train: {'epoch': 156, 'eta': 3.1587, 'loss': 0.1072, 'lr': 0.0067, 'params': 632328, 'time_iter': 0.0132, 'accuracy': 0.9829}
train: {'epoch': 157, 'eta': 3.1457, 'loss': 0.0945, 'lr': 0.0067, 'params': 632328, 'time_iter': 0.013, 'accuracy': 0.9885}
train: {'epoch': 158, 'eta': 3.132, 'loss': 0.0782, 'lr': 0.0066, 'params': 632328, 'time_iter': 0.0125, 'accuracy': 0.9894}
train: {'epoch': 159, 'eta': 3.1183, 'loss': 0.0706, 'lr': 0.0066, 'params': 632328, 'time_iter': 0.0126, 'accuracy': 0.9903}
val: {'epoch': 159, 'loss': 0.4849, 'lr': 0, 'params': 632328, 'time_iter': 0.0076, 'accuracy': 0.8672}
train: {'epoch': 160, 'eta': 3.1056, 'loss': 0.065, 'lr': 0.0065, 'params': 632328, 'time_iter': 0.0132, 'accuracy': 0.9917}
train: {'epoch': 161, 'eta': 3.0923, 'loss': 0.0588, 'lr': 0.0065, 'params': 632328, 'time_iter': 0.0128, 'accuracy': 0.9935}
train: {'epoch': 162, 'eta': 3.0792, 'loss': 0.0521, 'lr': 0.0065, 'params': 632328, 'time_iter': 0.0129, 'accuracy': 0.9954}
train: {'epoch': 163, 'eta': 3.0665, 'loss': 0.047, 'lr': 0.0064, 'params': 632328, 'time_iter': 0.0132, 'accuracy': 0.9954}
train: {'epoch': 164, 'eta': 3.0535, 'loss': 0.0427, 'lr': 0.0064, 'params': 632328, 'time_iter': 0.013, 'accuracy': 0.9958}
train: {'epoch': 165, 'eta': 3.04, 'loss': 0.0396, 'lr': 0.0064, 'params': 632328, 'time_iter': 0.0126, 'accuracy': 0.9968}
train: {'epoch': 166, 'eta': 3.0273, 'loss': 0.0371, 'lr': 0.0063, 'params': 632328, 'time_iter': 0.0132, 'accuracy': 0.9968}
train: {'epoch': 167, 'eta': 3.0143, 'loss': 0.0348, 'lr': 0.0063, 'params': 632328, 'time_iter': 0.013, 'accuracy': 0.9972}
train: {'epoch': 168, 'eta': 3.0007, 'loss': 0.0327, 'lr': 0.0062, 'params': 632328, 'time_iter': 0.0125, 'accuracy': 0.9977}
train: {'epoch': 169, 'eta': 2.987, 'loss': 0.0308, 'lr': 0.0062, 'params': 632328, 'time_iter': 0.0125, 'accuracy': 0.9977}
train: {'epoch': 170, 'eta': 2.9743, 'loss': 0.029, 'lr': 0.0062, 'params': 632328, 'time_iter': 0.0132, 'accuracy': 0.9977}
train: {'epoch': 171, 'eta': 2.9614, 'loss': 0.0272, 'lr': 0.0061, 'params': 632328, 'time_iter': 0.013, 'accuracy': 0.9977}
train: {'epoch': 172, 'eta': 2.9478, 'loss': 0.0258, 'lr': 0.0061, 'params': 632328, 'time_iter': 0.0126, 'accuracy': 0.9982}
train: {'epoch': 173, 'eta': 2.9346, 'loss': 0.0245, 'lr': 0.0061, 'params': 632328, 'time_iter': 0.0128, 'accuracy': 0.9982}
train: {'epoch': 174, 'eta': 2.922, 'loss': 0.0234, 'lr': 0.006, 'params': 632328, 'time_iter': 0.0133, 'accuracy': 0.9986}
train: {'epoch': 175, 'eta': 2.9092, 'loss': 0.0223, 'lr': 0.006, 'params': 632328, 'time_iter': 0.0131, 'accuracy': 0.9986}
train: {'epoch': 176, 'eta': 2.8957, 'loss': 0.0215, 'lr': 0.0059, 'params': 632328, 'time_iter': 0.0126, 'accuracy': 0.9986}
train: {'epoch': 177, 'eta': 2.8832, 'loss': 0.0207, 'lr': 0.0059, 'params': 632328, 'time_iter': 0.0134, 'accuracy': 0.9991}
train: {'epoch': 178, 'eta': 2.8703, 'loss': 0.0199, 'lr': 0.0059, 'params': 632328, 'time_iter': 0.013, 'accuracy': 0.9991}
train: {'epoch': 179, 'eta': 2.8567, 'loss': 0.0194, 'lr': 0.0058, 'params': 632328, 'time_iter': 0.0125, 'accuracy': 0.9991}
val: {'epoch': 179, 'loss': 0.4939, 'lr': 0, 'params': 632328, 'time_iter': 0.007, 'accuracy': 0.8672}
train: {'epoch': 180, 'eta': 2.8435, 'loss': 0.0188, 'lr': 0.0058, 'params': 632328, 'time_iter': 0.0128, 'accuracy': 0.9995}
train: {'epoch': 181, 'eta': 2.8308, 'loss': 0.0183, 'lr': 0.0057, 'params': 632328, 'time_iter': 0.0132, 'accuracy': 0.9995}
train: {'epoch': 182, 'eta': 2.8178, 'loss': 0.0178, 'lr': 0.0057, 'params': 632328, 'time_iter': 0.013, 'accuracy': 1.0}
train: {'epoch': 183, 'eta': 2.8044, 'loss': 0.0173, 'lr': 0.0057, 'params': 632328, 'time_iter': 0.0126, 'accuracy': 1.0}
train: {'epoch': 184, 'eta': 2.7909, 'loss': 0.0169, 'lr': 0.0056, 'params': 632328, 'time_iter': 0.0125, 'accuracy': 1.0}
train: {'epoch': 185, 'eta': 2.7774, 'loss': 0.0165, 'lr': 0.0056, 'params': 632328, 'time_iter': 0.0126, 'accuracy': 1.0}
train: {'epoch': 186, 'eta': 2.764, 'loss': 0.0162, 'lr': 0.0055, 'params': 632328, 'time_iter': 0.0126, 'accuracy': 1.0}
train: {'epoch': 187, 'eta': 2.7505, 'loss': 0.016, 'lr': 0.0055, 'params': 632328, 'time_iter': 0.0125, 'accuracy': 1.0}
train: {'epoch': 188, 'eta': 2.737, 'loss': 0.0157, 'lr': 0.0055, 'params': 632328, 'time_iter': 0.0125, 'accuracy': 1.0}
train: {'epoch': 189, 'eta': 2.7235, 'loss': 0.0154, 'lr': 0.0054, 'params': 632328, 'time_iter': 0.0124, 'accuracy': 1.0}
train: {'epoch': 190, 'eta': 2.71, 'loss': 0.0152, 'lr': 0.0054, 'params': 632328, 'time_iter': 0.0126, 'accuracy': 1.0}
train: {'epoch': 191, 'eta': 2.6971, 'loss': 0.015, 'lr': 0.0054, 'params': 632328, 'time_iter': 0.013, 'accuracy': 1.0}
train: {'epoch': 192, 'eta': 2.6836, 'loss': 0.0149, 'lr': 0.0053, 'params': 632328, 'time_iter': 0.0125, 'accuracy': 1.0}
train: {'epoch': 193, 'eta': 2.6701, 'loss': 0.0147, 'lr': 0.0053, 'params': 632328, 'time_iter': 0.0125, 'accuracy': 1.0}
train: {'epoch': 194, 'eta': 2.6568, 'loss': 0.0145, 'lr': 0.0052, 'params': 632328, 'time_iter': 0.0126, 'accuracy': 1.0}
train: {'epoch': 195, 'eta': 2.6433, 'loss': 0.0144, 'lr': 0.0052, 'params': 632328, 'time_iter': 0.0125, 'accuracy': 1.0}
train: {'epoch': 196, 'eta': 2.6299, 'loss': 0.0142, 'lr': 0.0052, 'params': 632328, 'time_iter': 0.0125, 'accuracy': 1.0}
train: {'epoch': 197, 'eta': 2.6166, 'loss': 0.0141, 'lr': 0.0051, 'params': 632328, 'time_iter': 0.0126, 'accuracy': 1.0}
train: {'epoch': 198, 'eta': 2.6031, 'loss': 0.014, 'lr': 0.0051, 'params': 632328, 'time_iter': 0.0125, 'accuracy': 1.0}
train: {'epoch': 199, 'eta': 2.5897, 'loss': 0.0139, 'lr': 0.005, 'params': 632328, 'time_iter': 0.0125, 'accuracy': 1.0}
val: {'epoch': 199, 'loss': 0.5076, 'lr': 0, 'params': 632328, 'time_iter': 0.0072, 'accuracy': 0.8653}
Check point saved: results/example/2/ckpt/199.ckpt
train: {'epoch': 200, 'eta': 2.5775, 'loss': 0.0138, 'lr': 0.005, 'params': 632328, 'time_iter': 0.0137, 'accuracy': 1.0}
train: {'epoch': 201, 'eta': 2.5643, 'loss': 0.0137, 'lr': 0.005, 'params': 632328, 'time_iter': 0.0127, 'accuracy': 1.0}
train: {'epoch': 202, 'eta': 2.5509, 'loss': 0.0136, 'lr': 0.0049, 'params': 632328, 'time_iter': 0.0125, 'accuracy': 1.0}
train: {'epoch': 203, 'eta': 2.5376, 'loss': 0.0135, 'lr': 0.0049, 'params': 632328, 'time_iter': 0.0125, 'accuracy': 1.0}
train: {'epoch': 204, 'eta': 2.5245, 'loss': 0.0134, 'lr': 0.0048, 'params': 632328, 'time_iter': 0.0128, 'accuracy': 1.0}
train: {'epoch': 205, 'eta': 2.5121, 'loss': 0.0133, 'lr': 0.0048, 'params': 632328, 'time_iter': 0.0135, 'accuracy': 1.0}
train: {'epoch': 206, 'eta': 2.4987, 'loss': 0.0133, 'lr': 0.0048, 'params': 632328, 'time_iter': 0.0125, 'accuracy': 1.0}
train: {'epoch': 207, 'eta': 2.4854, 'loss': 0.0132, 'lr': 0.0047, 'params': 632328, 'time_iter': 0.0126, 'accuracy': 1.0}
train: {'epoch': 208, 'eta': 2.4721, 'loss': 0.0135, 'lr': 0.0047, 'params': 632328, 'time_iter': 0.0125, 'accuracy': 1.0}
train: {'epoch': 209, 'eta': 2.4589, 'loss': 0.0156, 'lr': 0.0046, 'params': 632328, 'time_iter': 0.0127, 'accuracy': 1.0}
train: {'epoch': 210, 'eta': 2.4456, 'loss': 0.0464, 'lr': 0.0046, 'params': 632328, 'time_iter': 0.0125, 'accuracy': 0.9963}
train: {'epoch': 211, 'eta': 2.4323, 'loss': 0.1258, 'lr': 0.0046, 'params': 632328, 'time_iter': 0.0125, 'accuracy': 0.9737}
train: {'epoch': 212, 'eta': 2.4189, 'loss': 0.2488, 'lr': 0.0045, 'params': 632328, 'time_iter': 0.0125, 'accuracy': 0.934}
train: {'epoch': 213, 'eta': 2.4056, 'loss': 0.1097, 'lr': 0.0045, 'params': 632328, 'time_iter': 0.0125, 'accuracy': 0.9811}
train: {'epoch': 214, 'eta': 2.3924, 'loss': 0.1485, 'lr': 0.0045, 'params': 632328, 'time_iter': 0.0126, 'accuracy': 0.9723}
train: {'epoch': 215, 'eta': 2.3791, 'loss': 0.1169, 'lr': 0.0044, 'params': 632328, 'time_iter': 0.0125, 'accuracy': 0.9801}
train: {'epoch': 216, 'eta': 2.3665, 'loss': 0.0934, 'lr': 0.0044, 'params': 632328, 'time_iter': 0.0133, 'accuracy': 0.9871}
train: {'epoch': 217, 'eta': 2.3537, 'loss': 0.0874, 'lr': 0.0043, 'params': 632328, 'time_iter': 0.0131, 'accuracy': 0.9875}
train: {'epoch': 218, 'eta': 2.3411, 'loss': 0.0844, 'lr': 0.0043, 'params': 632328, 'time_iter': 0.0134, 'accuracy': 0.988}
train: {'epoch': 219, 'eta': 2.3285, 'loss': 0.0745, 'lr': 0.0043, 'params': 632328, 'time_iter': 0.0134, 'accuracy': 0.9908}
val: {'epoch': 219, 'loss': 0.4608, 'lr': 0, 'params': 632328, 'time_iter': 0.007, 'accuracy': 0.8727}
train: {'epoch': 220, 'eta': 2.3153, 'loss': 0.0659, 'lr': 0.0042, 'params': 632328, 'time_iter': 0.0126, 'accuracy': 0.9917}
train: {'epoch': 221, 'eta': 2.3029, 'loss': 0.0618, 'lr': 0.0042, 'params': 632328, 'time_iter': 0.0135, 'accuracy': 0.9912}
train: {'epoch': 222, 'eta': 2.2901, 'loss': 0.0584, 'lr': 0.0041, 'params': 632328, 'time_iter': 0.0132, 'accuracy': 0.9926}
train: {'epoch': 223, 'eta': 2.2769, 'loss': 0.0544, 'lr': 0.0041, 'params': 632328, 'time_iter': 0.0126, 'accuracy': 0.994}
train: {'epoch': 224, 'eta': 2.2636, 'loss': 0.0499, 'lr': 0.0041, 'params': 632328, 'time_iter': 0.0125, 'accuracy': 0.9945}
train: {'epoch': 225, 'eta': 2.2504, 'loss': 0.0456, 'lr': 0.004, 'params': 632328, 'time_iter': 0.0125, 'accuracy': 0.9949}
train: {'epoch': 226, 'eta': 2.2372, 'loss': 0.0423, 'lr': 0.004, 'params': 632328, 'time_iter': 0.0126, 'accuracy': 0.9945}
train: {'epoch': 227, 'eta': 2.2239, 'loss': 0.0398, 'lr': 0.0039, 'params': 632328, 'time_iter': 0.0125, 'accuracy': 0.9954}
train: {'epoch': 228, 'eta': 2.2107, 'loss': 0.0376, 'lr': 0.0039, 'params': 632328, 'time_iter': 0.0125, 'accuracy': 0.9963}
train: {'epoch': 229, 'eta': 2.1975, 'loss': 0.0357, 'lr': 0.0039, 'params': 632328, 'time_iter': 0.0126, 'accuracy': 0.9963}
train: {'epoch': 230, 'eta': 2.1843, 'loss': 0.034, 'lr': 0.0038, 'params': 632328, 'time_iter': 0.0125, 'accuracy': 0.9972}
train: {'epoch': 231, 'eta': 2.1711, 'loss': 0.0324, 'lr': 0.0038, 'params': 632328, 'time_iter': 0.0125, 'accuracy': 0.9972}
train: {'epoch': 232, 'eta': 2.1578, 'loss': 0.0309, 'lr': 0.0038, 'params': 632328, 'time_iter': 0.0124, 'accuracy': 0.9977}
train: {'epoch': 233, 'eta': 2.1446, 'loss': 0.0295, 'lr': 0.0037, 'params': 632328, 'time_iter': 0.0125, 'accuracy': 0.9982}
train: {'epoch': 234, 'eta': 2.1314, 'loss': 0.0282, 'lr': 0.0037, 'params': 632328, 'time_iter': 0.0126, 'accuracy': 0.9986}
train: {'epoch': 235, 'eta': 2.1183, 'loss': 0.0271, 'lr': 0.0036, 'params': 632328, 'time_iter': 0.0125, 'accuracy': 0.9986}
train: {'epoch': 236, 'eta': 2.1051, 'loss': 0.0261, 'lr': 0.0036, 'params': 632328, 'time_iter': 0.0125, 'accuracy': 0.9986}
train: {'epoch': 237, 'eta': 2.0919, 'loss': 0.0252, 'lr': 0.0036, 'params': 632328, 'time_iter': 0.0125, 'accuracy': 0.9986}
train: {'epoch': 238, 'eta': 2.0788, 'loss': 0.0244, 'lr': 0.0035, 'params': 632328, 'time_iter': 0.0127, 'accuracy': 0.9986}
train: {'epoch': 239, 'eta': 2.0657, 'loss': 0.0236, 'lr': 0.0035, 'params': 632328, 'time_iter': 0.0125, 'accuracy': 0.9986}
val: {'epoch': 239, 'loss': 0.5182, 'lr': 0, 'params': 632328, 'time_iter': 0.0069, 'accuracy': 0.8672}
train: {'epoch': 240, 'eta': 2.0525, 'loss': 0.0229, 'lr': 0.0035, 'params': 632328, 'time_iter': 0.0126, 'accuracy': 0.9986}
train: {'epoch': 241, 'eta': 2.0394, 'loss': 0.0222, 'lr': 0.0034, 'params': 632328, 'time_iter': 0.0126, 'accuracy': 0.9991}
train: {'epoch': 242, 'eta': 2.0263, 'loss': 0.0216, 'lr': 0.0034, 'params': 632328, 'time_iter': 0.0126, 'accuracy': 0.9991}
train: {'epoch': 243, 'eta': 2.0131, 'loss': 0.021, 'lr': 0.0033, 'params': 632328, 'time_iter': 0.0126, 'accuracy': 0.9991}
train: {'epoch': 244, 'eta': 2.0, 'loss': 0.0205, 'lr': 0.0033, 'params': 632328, 'time_iter': 0.0126, 'accuracy': 0.9995}
train: {'epoch': 245, 'eta': 1.9869, 'loss': 0.02, 'lr': 0.0033, 'params': 632328, 'time_iter': 0.0126, 'accuracy': 0.9995}
train: {'epoch': 246, 'eta': 1.9738, 'loss': 0.0195, 'lr': 0.0032, 'params': 632328, 'time_iter': 0.0125, 'accuracy': 0.9995}
train: {'epoch': 247, 'eta': 1.9608, 'loss': 0.0191, 'lr': 0.0032, 'params': 632328, 'time_iter': 0.0127, 'accuracy': 0.9995}
train: {'epoch': 248, 'eta': 1.9476, 'loss': 0.0188, 'lr': 0.0032, 'params': 632328, 'time_iter': 0.0125, 'accuracy': 0.9995}
train: {'epoch': 249, 'eta': 1.9345, 'loss': 0.0184, 'lr': 0.0031, 'params': 632328, 'time_iter': 0.0125, 'accuracy': 0.9995}
train: {'epoch': 250, 'eta': 1.9214, 'loss': 0.0181, 'lr': 0.0031, 'params': 632328, 'time_iter': 0.0125, 'accuracy': 0.9995}
train: {'epoch': 251, 'eta': 1.9083, 'loss': 0.0178, 'lr': 0.0031, 'params': 632328, 'time_iter': 0.0125, 'accuracy': 0.9995}
train: {'epoch': 252, 'eta': 1.8952, 'loss': 0.0176, 'lr': 0.003, 'params': 632328, 'time_iter': 0.0126, 'accuracy': 0.9995}
train: {'epoch': 253, 'eta': 1.882, 'loss': 0.0173, 'lr': 0.003, 'params': 632328, 'time_iter': 0.0125, 'accuracy': 0.9995}
train: {'epoch': 254, 'eta': 1.8689, 'loss': 0.0171, 'lr': 0.0029, 'params': 632328, 'time_iter': 0.0125, 'accuracy': 0.9995}
train: {'epoch': 255, 'eta': 1.8558, 'loss': 0.0168, 'lr': 0.0029, 'params': 632328, 'time_iter': 0.0125, 'accuracy': 0.9995}
train: {'epoch': 256, 'eta': 1.8428, 'loss': 0.0166, 'lr': 0.0029, 'params': 632328, 'time_iter': 0.0126, 'accuracy': 0.9995}
train: {'epoch': 257, 'eta': 1.8298, 'loss': 0.0164, 'lr': 0.0028, 'params': 632328, 'time_iter': 0.0128, 'accuracy': 0.9995}
train: {'epoch': 258, 'eta': 1.8168, 'loss': 0.0162, 'lr': 0.0028, 'params': 632328, 'time_iter': 0.0126, 'accuracy': 0.9995}
train: {'epoch': 259, 'eta': 1.8037, 'loss': 0.0161, 'lr': 0.0028, 'params': 632328, 'time_iter': 0.0125, 'accuracy': 0.9995}
val: {'epoch': 259, 'loss': 0.532, 'lr': 0, 'params': 632328, 'time_iter': 0.0069, 'accuracy': 0.8616}
train: {'epoch': 260, 'eta': 1.7906, 'loss': 0.0159, 'lr': 0.0027, 'params': 632328, 'time_iter': 0.0125, 'accuracy': 1.0}
train: {'epoch': 261, 'eta': 1.7779, 'loss': 0.0158, 'lr': 0.0027, 'params': 632328, 'time_iter': 0.0133, 'accuracy': 1.0}
train: {'epoch': 262, 'eta': 1.7651, 'loss': 0.0157, 'lr': 0.0027, 'params': 632328, 'time_iter': 0.0131, 'accuracy': 1.0}
train: {'epoch': 263, 'eta': 1.7523, 'loss': 0.0156, 'lr': 0.0026, 'params': 632328, 'time_iter': 0.0131, 'accuracy': 1.0}
train: {'epoch': 264, 'eta': 1.7395, 'loss': 0.0155, 'lr': 0.0026, 'params': 632328, 'time_iter': 0.013, 'accuracy': 1.0}
train: {'epoch': 265, 'eta': 1.7265, 'loss': 0.0154, 'lr': 0.0026, 'params': 632328, 'time_iter': 0.0125, 'accuracy': 1.0}
train: {'epoch': 266, 'eta': 1.7135, 'loss': 0.0153, 'lr': 0.0025, 'params': 632328, 'time_iter': 0.0126, 'accuracy': 1.0}
train: {'epoch': 267, 'eta': 1.7004, 'loss': 0.0152, 'lr': 0.0025, 'params': 632328, 'time_iter': 0.0125, 'accuracy': 1.0}
train: {'epoch': 268, 'eta': 1.6873, 'loss': 0.0151, 'lr': 0.0025, 'params': 632328, 'time_iter': 0.0125, 'accuracy': 1.0}
train: {'epoch': 269, 'eta': 1.6743, 'loss': 0.015, 'lr': 0.0024, 'params': 632328, 'time_iter': 0.0126, 'accuracy': 1.0}
train: {'epoch': 270, 'eta': 1.6612, 'loss': 0.0149, 'lr': 0.0024, 'params': 632328, 'time_iter': 0.0125, 'accuracy': 1.0}
train: {'epoch': 271, 'eta': 1.6482, 'loss': 0.0149, 'lr': 0.0024, 'params': 632328, 'time_iter': 0.0126, 'accuracy': 1.0}
train: {'epoch': 272, 'eta': 1.6355, 'loss': 0.0148, 'lr': 0.0023, 'params': 632328, 'time_iter': 0.0132, 'accuracy': 1.0}
train: {'epoch': 273, 'eta': 1.6227, 'loss': 0.0147, 'lr': 0.0023, 'params': 632328, 'time_iter': 0.013, 'accuracy': 1.0}
train: {'epoch': 274, 'eta': 1.6097, 'loss': 0.0147, 'lr': 0.0023, 'params': 632328, 'time_iter': 0.0126, 'accuracy': 1.0}
train: {'epoch': 275, 'eta': 1.5967, 'loss': 0.0146, 'lr': 0.0022, 'params': 632328, 'time_iter': 0.0126, 'accuracy': 1.0}
train: {'epoch': 276, 'eta': 1.5837, 'loss': 0.0145, 'lr': 0.0022, 'params': 632328, 'time_iter': 0.0127, 'accuracy': 1.0}
train: {'epoch': 277, 'eta': 1.5707, 'loss': 0.0145, 'lr': 0.0022, 'params': 632328, 'time_iter': 0.0126, 'accuracy': 1.0}
train: {'epoch': 278, 'eta': 1.5577, 'loss': 0.0144, 'lr': 0.0021, 'params': 632328, 'time_iter': 0.0125, 'accuracy': 1.0}
train: {'epoch': 279, 'eta': 1.5447, 'loss': 0.0144, 'lr': 0.0021, 'params': 632328, 'time_iter': 0.0126, 'accuracy': 1.0}
val: {'epoch': 279, 'loss': 0.543, 'lr': 0, 'params': 632328, 'time_iter': 0.0069, 'accuracy': 0.8653}
train: {'epoch': 280, 'eta': 1.5316, 'loss': 0.0143, 'lr': 0.0021, 'params': 632328, 'time_iter': 0.0125, 'accuracy': 1.0}
train: {'epoch': 281, 'eta': 1.5187, 'loss': 0.0143, 'lr': 0.002, 'params': 632328, 'time_iter': 0.0126, 'accuracy': 1.0}
train: {'epoch': 282, 'eta': 1.5057, 'loss': 0.0143, 'lr': 0.002, 'params': 632328, 'time_iter': 0.0125, 'accuracy': 1.0}
train: {'epoch': 283, 'eta': 1.4927, 'loss': 0.0142, 'lr': 0.002, 'params': 632328, 'time_iter': 0.0126, 'accuracy': 1.0}
train: {'epoch': 284, 'eta': 1.4799, 'loss': 0.0142, 'lr': 0.0019, 'params': 632328, 'time_iter': 0.0132, 'accuracy': 1.0}
train: {'epoch': 285, 'eta': 1.4672, 'loss': 0.0142, 'lr': 0.0019, 'params': 632328, 'time_iter': 0.0131, 'accuracy': 1.0}
train: {'epoch': 286, 'eta': 1.4541, 'loss': 0.0141, 'lr': 0.0019, 'params': 632328, 'time_iter': 0.0125, 'accuracy': 1.0}
train: {'epoch': 287, 'eta': 1.4412, 'loss': 0.0141, 'lr': 0.0018, 'params': 632328, 'time_iter': 0.0126, 'accuracy': 1.0}
train: {'epoch': 288, 'eta': 1.4282, 'loss': 0.0141, 'lr': 0.0018, 'params': 632328, 'time_iter': 0.0125, 'accuracy': 1.0}
train: {'epoch': 289, 'eta': 1.4152, 'loss': 0.014, 'lr': 0.0018, 'params': 632328, 'time_iter': 0.0125, 'accuracy': 1.0}
train: {'epoch': 290, 'eta': 1.4022, 'loss': 0.014, 'lr': 0.0018, 'params': 632328, 'time_iter': 0.0125, 'accuracy': 1.0}
train: {'epoch': 291, 'eta': 1.3892, 'loss': 0.014, 'lr': 0.0017, 'params': 632328, 'time_iter': 0.0125, 'accuracy': 1.0}
train: {'epoch': 292, 'eta': 1.3762, 'loss': 0.0139, 'lr': 0.0017, 'params': 632328, 'time_iter': 0.0126, 'accuracy': 1.0}
train: {'epoch': 293, 'eta': 1.3632, 'loss': 0.0139, 'lr': 0.0017, 'params': 632328, 'time_iter': 0.0125, 'accuracy': 1.0}
train: {'epoch': 294, 'eta': 1.3503, 'loss': 0.0139, 'lr': 0.0016, 'params': 632328, 'time_iter': 0.0125, 'accuracy': 1.0}
train: {'epoch': 295, 'eta': 1.3373, 'loss': 0.0139, 'lr': 0.0016, 'params': 632328, 'time_iter': 0.0127, 'accuracy': 1.0}
train: {'epoch': 296, 'eta': 1.3244, 'loss': 0.0139, 'lr': 0.0016, 'params': 632328, 'time_iter': 0.0126, 'accuracy': 1.0}
train: {'epoch': 297, 'eta': 1.3116, 'loss': 0.0138, 'lr': 0.0015, 'params': 632328, 'time_iter': 0.0132, 'accuracy': 1.0}
train: {'epoch': 298, 'eta': 1.2989, 'loss': 0.0138, 'lr': 0.0015, 'params': 632328, 'time_iter': 0.0131, 'accuracy': 1.0}
train: {'epoch': 299, 'eta': 1.2861, 'loss': 0.0138, 'lr': 0.0015, 'params': 632328, 'time_iter': 0.013, 'accuracy': 1.0}
val: {'epoch': 299, 'loss': 0.5525, 'lr': 0, 'params': 632328, 'time_iter': 0.0074, 'accuracy': 0.8616}
Check point saved: results/example/2/ckpt/299.ckpt
train: {'epoch': 300, 'eta': 1.2736, 'loss': 0.0138, 'lr': 0.0015, 'params': 632328, 'time_iter': 0.0141, 'accuracy': 1.0}
train: {'epoch': 301, 'eta': 1.2609, 'loss': 0.0138, 'lr': 0.0014, 'params': 632328, 'time_iter': 0.0132, 'accuracy': 1.0}
train: {'epoch': 302, 'eta': 1.2479, 'loss': 0.0137, 'lr': 0.0014, 'params': 632328, 'time_iter': 0.0126, 'accuracy': 1.0}
train: {'epoch': 303, 'eta': 1.235, 'loss': 0.0137, 'lr': 0.0014, 'params': 632328, 'time_iter': 0.0126, 'accuracy': 1.0}
train: {'epoch': 304, 'eta': 1.222, 'loss': 0.0137, 'lr': 0.0014, 'params': 632328, 'time_iter': 0.0125, 'accuracy': 1.0}
train: {'epoch': 305, 'eta': 1.209, 'loss': 0.0137, 'lr': 0.0013, 'params': 632328, 'time_iter': 0.0125, 'accuracy': 1.0}
train: {'epoch': 306, 'eta': 1.196, 'loss': 0.0137, 'lr': 0.0013, 'params': 632328, 'time_iter': 0.0124, 'accuracy': 1.0}
train: {'epoch': 307, 'eta': 1.1831, 'loss': 0.0137, 'lr': 0.0013, 'params': 632328, 'time_iter': 0.0125, 'accuracy': 1.0}
train: {'epoch': 308, 'eta': 1.1701, 'loss': 0.0137, 'lr': 0.0012, 'params': 632328, 'time_iter': 0.0125, 'accuracy': 1.0}
train: {'epoch': 309, 'eta': 1.1571, 'loss': 0.0136, 'lr': 0.0012, 'params': 632328, 'time_iter': 0.0125, 'accuracy': 1.0}
train: {'epoch': 310, 'eta': 1.1442, 'loss': 0.0136, 'lr': 0.0012, 'params': 632328, 'time_iter': 0.0126, 'accuracy': 1.0}
train: {'epoch': 311, 'eta': 1.1312, 'loss': 0.0136, 'lr': 0.0012, 'params': 632328, 'time_iter': 0.0125, 'accuracy': 1.0}
train: {'epoch': 312, 'eta': 1.1183, 'loss': 0.0136, 'lr': 0.0011, 'params': 632328, 'time_iter': 0.0125, 'accuracy': 1.0}
train: {'epoch': 313, 'eta': 1.1054, 'loss': 0.0136, 'lr': 0.0011, 'params': 632328, 'time_iter': 0.0126, 'accuracy': 1.0}
train: {'epoch': 314, 'eta': 1.0925, 'loss': 0.0136, 'lr': 0.0011, 'params': 632328, 'time_iter': 0.0129, 'accuracy': 1.0}
train: {'epoch': 315, 'eta': 1.0796, 'loss': 0.0136, 'lr': 0.0011, 'params': 632328, 'time_iter': 0.0125, 'accuracy': 1.0}
train: {'epoch': 316, 'eta': 1.0667, 'loss': 0.0136, 'lr': 0.001, 'params': 632328, 'time_iter': 0.0125, 'accuracy': 1.0}
train: {'epoch': 317, 'eta': 1.0537, 'loss': 0.0136, 'lr': 0.001, 'params': 632328, 'time_iter': 0.0125, 'accuracy': 1.0}
train: {'epoch': 318, 'eta': 1.0408, 'loss': 0.0136, 'lr': 0.001, 'params': 632328, 'time_iter': 0.0125, 'accuracy': 1.0}
train: {'epoch': 319, 'eta': 1.0279, 'loss': 0.0135, 'lr': 0.001, 'params': 632328, 'time_iter': 0.0126, 'accuracy': 1.0}
val: {'epoch': 319, 'loss': 0.5619, 'lr': 0, 'params': 632328, 'time_iter': 0.0069, 'accuracy': 0.8616}
train: {'epoch': 320, 'eta': 1.015, 'loss': 0.0135, 'lr': 0.001, 'params': 632328, 'time_iter': 0.0129, 'accuracy': 1.0}
train: {'epoch': 321, 'eta': 1.0021, 'loss': 0.0135, 'lr': 0.0009, 'params': 632328, 'time_iter': 0.0127, 'accuracy': 1.0}
train: {'epoch': 322, 'eta': 0.9892, 'loss': 0.0135, 'lr': 0.0009, 'params': 632328, 'time_iter': 0.0125, 'accuracy': 1.0}
train: {'epoch': 323, 'eta': 0.9763, 'loss': 0.0135, 'lr': 0.0009, 'params': 632328, 'time_iter': 0.0125, 'accuracy': 1.0}
train: {'epoch': 324, 'eta': 0.9634, 'loss': 0.0135, 'lr': 0.0009, 'params': 632328, 'time_iter': 0.0125, 'accuracy': 1.0}
train: {'epoch': 325, 'eta': 0.9505, 'loss': 0.0135, 'lr': 0.0008, 'params': 632328, 'time_iter': 0.0126, 'accuracy': 1.0}
train: {'epoch': 326, 'eta': 0.9376, 'loss': 0.0135, 'lr': 0.0008, 'params': 632328, 'time_iter': 0.0125, 'accuracy': 1.0}
train: {'epoch': 327, 'eta': 0.9247, 'loss': 0.0135, 'lr': 0.0008, 'params': 632328, 'time_iter': 0.0125, 'accuracy': 1.0}
train: {'epoch': 328, 'eta': 0.9117, 'loss': 0.0135, 'lr': 0.0008, 'params': 632328, 'time_iter': 0.0125, 'accuracy': 1.0}
train: {'epoch': 329, 'eta': 0.8988, 'loss': 0.0135, 'lr': 0.0008, 'params': 632328, 'time_iter': 0.0125, 'accuracy': 1.0}
train: {'epoch': 330, 'eta': 0.8859, 'loss': 0.0135, 'lr': 0.0007, 'params': 632328, 'time_iter': 0.0126, 'accuracy': 1.0}
train: {'epoch': 331, 'eta': 0.873, 'loss': 0.0135, 'lr': 0.0007, 'params': 632328, 'time_iter': 0.0126, 'accuracy': 1.0}
train: {'epoch': 332, 'eta': 0.8602, 'loss': 0.0135, 'lr': 0.0007, 'params': 632328, 'time_iter': 0.0127, 'accuracy': 1.0}
train: {'epoch': 333, 'eta': 0.8473, 'loss': 0.0135, 'lr': 0.0007, 'params': 632328, 'time_iter': 0.0127, 'accuracy': 1.0}
train: {'epoch': 334, 'eta': 0.8344, 'loss': 0.0134, 'lr': 0.0007, 'params': 632328, 'time_iter': 0.0125, 'accuracy': 1.0}
train: {'epoch': 335, 'eta': 0.8215, 'loss': 0.0134, 'lr': 0.0006, 'params': 632328, 'time_iter': 0.0126, 'accuracy': 1.0}
train: {'epoch': 336, 'eta': 0.8086, 'loss': 0.0134, 'lr': 0.0006, 'params': 632328, 'time_iter': 0.0125, 'accuracy': 1.0}
train: {'epoch': 337, 'eta': 0.7957, 'loss': 0.0134, 'lr': 0.0006, 'params': 632328, 'time_iter': 0.0125, 'accuracy': 1.0}
train: {'epoch': 338, 'eta': 0.7828, 'loss': 0.0134, 'lr': 0.0006, 'params': 632328, 'time_iter': 0.0125, 'accuracy': 1.0}
train: {'epoch': 339, 'eta': 0.77, 'loss': 0.0134, 'lr': 0.0006, 'params': 632328, 'time_iter': 0.0125, 'accuracy': 1.0}
val: {'epoch': 339, 'loss': 0.5693, 'lr': 0, 'params': 632328, 'time_iter': 0.0069, 'accuracy': 0.8598}
train: {'epoch': 340, 'eta': 0.7571, 'loss': 0.0134, 'lr': 0.0005, 'params': 632328, 'time_iter': 0.0125, 'accuracy': 1.0}
train: {'epoch': 341, 'eta': 0.7442, 'loss': 0.0134, 'lr': 0.0005, 'params': 632328, 'time_iter': 0.0126, 'accuracy': 1.0}
train: {'epoch': 342, 'eta': 0.7313, 'loss': 0.0134, 'lr': 0.0005, 'params': 632328, 'time_iter': 0.0125, 'accuracy': 1.0}
train: {'epoch': 343, 'eta': 0.7185, 'loss': 0.0134, 'lr': 0.0005, 'params': 632328, 'time_iter': 0.0126, 'accuracy': 1.0}
train: {'epoch': 344, 'eta': 0.7056, 'loss': 0.0134, 'lr': 0.0005, 'params': 632328, 'time_iter': 0.0125, 'accuracy': 1.0}
train: {'epoch': 345, 'eta': 0.6927, 'loss': 0.0134, 'lr': 0.0005, 'params': 632328, 'time_iter': 0.0125, 'accuracy': 1.0}
train: {'epoch': 346, 'eta': 0.6798, 'loss': 0.0134, 'lr': 0.0004, 'params': 632328, 'time_iter': 0.0126, 'accuracy': 1.0}
train: {'epoch': 347, 'eta': 0.667, 'loss': 0.0134, 'lr': 0.0004, 'params': 632328, 'time_iter': 0.0126, 'accuracy': 1.0}
train: {'epoch': 348, 'eta': 0.6541, 'loss': 0.0134, 'lr': 0.0004, 'params': 632328, 'time_iter': 0.0125, 'accuracy': 1.0}
train: {'epoch': 349, 'eta': 0.6412, 'loss': 0.0134, 'lr': 0.0004, 'params': 632328, 'time_iter': 0.0126, 'accuracy': 1.0}
train: {'epoch': 350, 'eta': 0.6284, 'loss': 0.0134, 'lr': 0.0004, 'params': 632328, 'time_iter': 0.0126, 'accuracy': 1.0}
train: {'epoch': 351, 'eta': 0.6155, 'loss': 0.0134, 'lr': 0.0004, 'params': 632328, 'time_iter': 0.0125, 'accuracy': 1.0}
train: {'epoch': 352, 'eta': 0.6027, 'loss': 0.0134, 'lr': 0.0004, 'params': 632328, 'time_iter': 0.0128, 'accuracy': 1.0}
train: {'epoch': 353, 'eta': 0.5898, 'loss': 0.0134, 'lr': 0.0003, 'params': 632328, 'time_iter': 0.0125, 'accuracy': 1.0}
train: {'epoch': 354, 'eta': 0.577, 'loss': 0.0134, 'lr': 0.0003, 'params': 632328, 'time_iter': 0.0125, 'accuracy': 1.0}
train: {'epoch': 355, 'eta': 0.5641, 'loss': 0.0134, 'lr': 0.0003, 'params': 632328, 'time_iter': 0.0124, 'accuracy': 1.0}
train: {'epoch': 356, 'eta': 0.5513, 'loss': 0.0134, 'lr': 0.0003, 'params': 632328, 'time_iter': 0.0126, 'accuracy': 1.0}
train: {'epoch': 357, 'eta': 0.5384, 'loss': 0.0134, 'lr': 0.0003, 'params': 632328, 'time_iter': 0.0126, 'accuracy': 1.0}
train: {'epoch': 358, 'eta': 0.5256, 'loss': 0.0134, 'lr': 0.0003, 'params': 632328, 'time_iter': 0.0125, 'accuracy': 1.0}
train: {'epoch': 359, 'eta': 0.5127, 'loss': 0.0134, 'lr': 0.0003, 'params': 632328, 'time_iter': 0.0125, 'accuracy': 1.0}
val: {'epoch': 359, 'loss': 0.5743, 'lr': 0, 'params': 632328, 'time_iter': 0.0069, 'accuracy': 0.8598}
train: {'epoch': 360, 'eta': 0.4998, 'loss': 0.0134, 'lr': 0.0002, 'params': 632328, 'time_iter': 0.0125, 'accuracy': 1.0}
train: {'epoch': 361, 'eta': 0.487, 'loss': 0.0134, 'lr': 0.0002, 'params': 632328, 'time_iter': 0.0126, 'accuracy': 1.0}
train: {'epoch': 362, 'eta': 0.4742, 'loss': 0.0134, 'lr': 0.0002, 'params': 632328, 'time_iter': 0.0127, 'accuracy': 1.0}
train: {'epoch': 363, 'eta': 0.4614, 'loss': 0.0134, 'lr': 0.0002, 'params': 632328, 'time_iter': 0.0127, 'accuracy': 1.0}
train: {'epoch': 364, 'eta': 0.4485, 'loss': 0.0134, 'lr': 0.0002, 'params': 632328, 'time_iter': 0.0127, 'accuracy': 1.0}
train: {'epoch': 365, 'eta': 0.4357, 'loss': 0.0134, 'lr': 0.0002, 'params': 632328, 'time_iter': 0.0126, 'accuracy': 1.0}
train: {'epoch': 366, 'eta': 0.4229, 'loss': 0.0134, 'lr': 0.0002, 'params': 632328, 'time_iter': 0.0125, 'accuracy': 1.0}
train: {'epoch': 367, 'eta': 0.41, 'loss': 0.0134, 'lr': 0.0002, 'params': 632328, 'time_iter': 0.0126, 'accuracy': 1.0}
train: {'epoch': 368, 'eta': 0.3972, 'loss': 0.0134, 'lr': 0.0002, 'params': 632328, 'time_iter': 0.0126, 'accuracy': 1.0}
train: {'epoch': 369, 'eta': 0.3844, 'loss': 0.0134, 'lr': 0.0001, 'params': 632328, 'time_iter': 0.0125, 'accuracy': 1.0}
train: {'epoch': 370, 'eta': 0.3715, 'loss': 0.0134, 'lr': 0.0001, 'params': 632328, 'time_iter': 0.0126, 'accuracy': 1.0}
train: {'epoch': 371, 'eta': 0.3587, 'loss': 0.0134, 'lr': 0.0001, 'params': 632328, 'time_iter': 0.0128, 'accuracy': 1.0}
train: {'epoch': 372, 'eta': 0.3459, 'loss': 0.0134, 'lr': 0.0001, 'params': 632328, 'time_iter': 0.0126, 'accuracy': 1.0}
train: {'epoch': 373, 'eta': 0.3331, 'loss': 0.0134, 'lr': 0.0001, 'params': 632328, 'time_iter': 0.0125, 'accuracy': 1.0}
train: {'epoch': 374, 'eta': 0.3202, 'loss': 0.0134, 'lr': 0.0001, 'params': 632328, 'time_iter': 0.0126, 'accuracy': 1.0}
train: {'epoch': 375, 'eta': 0.3074, 'loss': 0.0134, 'lr': 0.0001, 'params': 632328, 'time_iter': 0.0125, 'accuracy': 1.0}
train: {'epoch': 376, 'eta': 0.2946, 'loss': 0.0134, 'lr': 0.0001, 'params': 632328, 'time_iter': 0.0125, 'accuracy': 1.0}
train: {'epoch': 377, 'eta': 0.2818, 'loss': 0.0134, 'lr': 0.0001, 'params': 632328, 'time_iter': 0.0125, 'accuracy': 1.0}
train: {'epoch': 378, 'eta': 0.2689, 'loss': 0.0134, 'lr': 0.0001, 'params': 632328, 'time_iter': 0.0125, 'accuracy': 1.0}
train: {'epoch': 379, 'eta': 0.2561, 'loss': 0.0134, 'lr': 0.0001, 'params': 632328, 'time_iter': 0.0126, 'accuracy': 1.0}
val: {'epoch': 379, 'loss': 0.577, 'lr': 0, 'params': 632328, 'time_iter': 0.0069, 'accuracy': 0.8579}
train: {'epoch': 380, 'eta': 0.2433, 'loss': 0.0134, 'lr': 0.0001, 'params': 632328, 'time_iter': 0.0125, 'accuracy': 1.0}
train: {'epoch': 381, 'eta': 0.2305, 'loss': 0.0134, 'lr': 0.0001, 'params': 632328, 'time_iter': 0.0126, 'accuracy': 1.0}
train: {'epoch': 382, 'eta': 0.2177, 'loss': 0.0134, 'lr': 0.0, 'params': 632328, 'time_iter': 0.0125, 'accuracy': 1.0}
train: {'epoch': 383, 'eta': 0.2049, 'loss': 0.0134, 'lr': 0.0, 'params': 632328, 'time_iter': 0.0126, 'accuracy': 1.0}
train: {'epoch': 384, 'eta': 0.192, 'loss': 0.0134, 'lr': 0.0, 'params': 632328, 'time_iter': 0.0125, 'accuracy': 1.0}
train: {'epoch': 385, 'eta': 0.1792, 'loss': 0.0134, 'lr': 0.0, 'params': 632328, 'time_iter': 0.0126, 'accuracy': 1.0}
train: {'epoch': 386, 'eta': 0.1664, 'loss': 0.0134, 'lr': 0.0, 'params': 632328, 'time_iter': 0.0126, 'accuracy': 1.0}
train: {'epoch': 387, 'eta': 0.1536, 'loss': 0.0134, 'lr': 0.0, 'params': 632328, 'time_iter': 0.0126, 'accuracy': 1.0}
train: {'epoch': 388, 'eta': 0.1408, 'loss': 0.0134, 'lr': 0.0, 'params': 632328, 'time_iter': 0.0127, 'accuracy': 1.0}
train: {'epoch': 389, 'eta': 0.128, 'loss': 0.0134, 'lr': 0.0, 'params': 632328, 'time_iter': 0.0125, 'accuracy': 1.0}
train: {'epoch': 390, 'eta': 0.1152, 'loss': 0.0134, 'lr': 0.0, 'params': 632328, 'time_iter': 0.0128, 'accuracy': 1.0}
train: {'epoch': 391, 'eta': 0.1024, 'loss': 0.0134, 'lr': 0.0, 'params': 632328, 'time_iter': 0.0125, 'accuracy': 1.0}
train: {'epoch': 392, 'eta': 0.0896, 'loss': 0.0134, 'lr': 0.0, 'params': 632328, 'time_iter': 0.0126, 'accuracy': 1.0}
train: {'epoch': 393, 'eta': 0.0768, 'loss': 0.0134, 'lr': 0.0, 'params': 632328, 'time_iter': 0.0125, 'accuracy': 1.0}
train: {'epoch': 394, 'eta': 0.064, 'loss': 0.0134, 'lr': 0.0, 'params': 632328, 'time_iter': 0.0126, 'accuracy': 1.0}
train: {'epoch': 395, 'eta': 0.0512, 'loss': 0.0134, 'lr': 0.0, 'params': 632328, 'time_iter': 0.0125, 'accuracy': 1.0}
train: {'epoch': 396, 'eta': 0.0384, 'loss': 0.0134, 'lr': 0.0, 'params': 632328, 'time_iter': 0.0126, 'accuracy': 1.0}
train: {'epoch': 397, 'eta': 0.0256, 'loss': 0.0134, 'lr': 0.0, 'params': 632328, 'time_iter': 0.0125, 'accuracy': 1.0}
train: {'epoch': 398, 'eta': 0.0128, 'loss': 0.0134, 'lr': 0.0, 'params': 632328, 'time_iter': 0.0125, 'accuracy': 1.0}
train: {'epoch': 399, 'eta': 0.0, 'loss': 0.0134, 'lr': 0.0, 'params': 632328, 'time_iter': 0.0125, 'accuracy': 1.0}
val: {'epoch': 399, 'loss': 0.5779, 'lr': 0, 'params': 632328, 'time_iter': 0.0075, 'accuracy': 0.8579}
Check point saved: results/example/2/ckpt/399.ckpt
Task done, results saved in results/example/2
