GPU Mem: [10128]
Greedy select GPU, select GPU 0 with mem: 10128
node_clustering_coefficient_label dimensions are collapsed due to balanced binning
Load: 20.21s, Before split: 0.1194s, Split: 0.004231s, After split: 6.437e-06s
node_clustering_coefficient_label dimensions are collapsed due to balanced binning
Load: 0.3138s, Before split: 0.1185s, Split: 0.004086s, After split: 5.96e-06s
GPU Mem: [123]
GPU Prob: [1.]
Random select GPU, select GPU 0 with mem: 123
node_clustering_coefficient_label dimensions are collapsed due to balanced binning
Load: 0.1991s, Before split: 0.2618s, Split: 0.004822s, After split: 5.96e-06s
Num parameters: 10
Start from epoch 0
Task done, results saved in results
node_clustering_coefficient_label dimensions are collapsed due to balanced binning
Load: 0.3623s, Before split: 0.1204s, Split: 0.004341s, After split: 5.96e-06s
Num parameters: 10
Start from epoch 0
Task done, results saved in results
node_clustering_coefficient_label dimensions are collapsed due to balanced binning
Load: 0.1913s, Before split: 0.1229s, Split: 0.004302s, After split: 6.199e-06s
Num parameters: 10
Start from epoch 0
Task done, results saved in results
Load: 0.1888s, Before split: 0.1213s, Split: 0.004216s, After split: 5.96e-06s
Num parameters: 10
Start from epoch 0
Task done, results saved in results
Load: 0.1919s, Before split: 0.3199s, Split: 0.004705s, After split: 5.722e-06s
Num parameters: 10
Start from epoch 0
Task done, results saved in results
node_clustering_coefficient_label dimensions are collapsed due to balanced binning
Load: 0.1959s, Before split: 0.3515s, Split: 0.0004132s, After split: 4.53e-06s
Num parameters: 10
Start from epoch 0
Task done, results saved in results
node_clustering_coefficient_label dimensions are collapsed due to balanced binning
Load: 0.01398s, Before split: 0.1619s, Split: 0.0002356s, After split: 7.153e-06s
Num parameters: 10
Start from epoch 0
Task done, results saved in results
node_clustering_coefficient_label dimensions are collapsed due to balanced binning
Load: 0.01479s, Before split: 0.389s, Split: 0.0004747s, After split: 5.007e-06s
Num parameters: 10
Start from epoch 0
Task done, results saved in results
node_clustering_coefficient_label dimensions are collapsed due to balanced binning
Load: 0.01614s, Before split: 0.1643s, Split: 0.0002296s, After split: 4.053e-06s
Num parameters: 10
Start from epoch 0
Task done, results saved in results
node_clustering_coefficient_label dimensions are collapsed due to balanced binning
Load: 0.01716s, Before split: 0.1656s, Split: 0.0002322s, After split: 4.053e-06s
Num parameters: 10
Start from epoch 0
node_clustering_coefficient_label dimensions are collapsed due to balanced binning
Load: 0.01676s, Before split: 0.5116s, Split: 0.0002363s, After split: 4.53e-06s
Num parameters: 10
Start from epoch 0
Task done, results saved in results
Load: 0.01525s, Before split: 0.2878s, Split: 0.0004153s, After split: 4.768e-06s
Num parameters: 10
Start from epoch 0
Task done, results saved in results
node_clustering_coefficient_label dimensions are collapsed due to balanced binning
Load: 0.01662s, Before split: 0.2916s, Split: 0.0002642s, After split: 4.292e-06s
Num parameters: 10
Start from epoch 0
Task done, results saved in results
node_clustering_coefficient_label dimensions are collapsed due to balanced binning
Load: 0.01613s, Before split: 0.54s, Split: 0.000411s, After split: 5.007e-06s
Num parameters: 10
Start from epoch 0
Task done, results saved in results
node_clustering_coefficient_label dimensions are collapsed due to balanced binning
Load: 0.01533s, Before split: 0.2906s, Split: 0.0002315s, After split: 4.053e-06s
Num parameters: 10
Start from epoch 0
Task done, results saved in results
Load: 0.01515s, Before split: 0.2846s, Split: 0.0003941s, After split: 4.768e-06s
Num parameters: 10
Start from epoch 0
Task done, results saved in results
Load: 0.01754s, Before split: 0.5717s, Split: 0.0002618s, After split: 4.292e-06s
Num parameters: 10
Start from epoch 0
Task done, results saved in results
node_clustering_coefficient_label dimensions are collapsed due to balanced binning
Load: 0.01745s, Before split: 0.2862s, Split: 0.0002577s, After split: 4.53e-06s
Num parameters: 10
Start from epoch 0
Task done, results saved in results
node_clustering_coefficient_label dimensions are collapsed due to balanced binning
Load: 0.01505s, Before split: 0.5352s, Split: 0.0002394s, After split: 4.292e-06s
Num parameters: 10
Start from epoch 0
Task done, results saved in results
Load: 0.01702s, Before split: 0.2838s, Split: 0.0003865s, After split: 4.768e-06s
Num parameters: 10
Start from epoch 0
Task done, results saved in results
Load: 0.2607s, Before split: 0.2847s, Split: 0.0002275s, After split: 4.053e-06s
Num parameters: 10
Start from epoch 0
Load: 0.01552s, Before split: 0.2868s, Split: 0.0002339s, After split: 4.053e-06s
Num parameters: 10
Start from epoch 0
node_clustering_coefficient_label dimensions are collapsed due to balanced binning
Load: 0.01309s, Before split: 0.2828s, Split: 0.000226s, After split: 4.053e-06s
Num parameters: 10
Start from epoch 0
node_clustering_coefficient_label dimensions are collapsed due to balanced binning
Load: 0.01489s, Before split: 0.5238s, Split: 0.0004325s, After split: 4.768e-06s
Num parameters: 10
Start from epoch 0
node_clustering_coefficient_label dimensions are collapsed due to balanced binning
Load: 0.01713s, Before split: 0.2922s, Split: 0.0002322s, After split: 5.484e-06s
Num parameters: 10
Start from epoch 0
node_clustering_coefficient_label dimensions are collapsed due to balanced binning
Load: 0.01503s, Before split: 0.5712s, Split: 0.0004375s, After split: 4.768e-06s
Num parameters: 10
Start from epoch 0
Task done, results saved in results
Load: 0.01465s, Before split: 0.2861s, Split: 0.000459s, After split: 5.245e-06s
Num parameters: 10
Start from epoch 0
Task done, results saved in results
Load: 0.01435s, Before split: 0.5249s, Split: 0.0003891s, After split: 4.53e-06s
Num parameters: 10
Start from epoch 0
Task done, results saved in results
Load: 0.01389s, Before split: 0.2871s, Split: 0.0003886s, After split: 5.007e-06s
Num parameters: 10
Start from epoch 0
Load: 0.2258s, Before split: 0.2906s, Split: 0.0002229s, After split: 3.815e-06s
Num parameters: 10
Start from epoch 0
Load: 0.014s, Before split: 0.4938s, Split: 0.0002716s, After split: 4.292e-06s
Num parameters: 10
Start from epoch 0
Load: 0.01425s, Before split: 0.2787s, Split: 0.0002272s, After split: 3.815e-06s
Num parameters: 10
Start from epoch 0
node_clustering_coefficient_label dimensions are collapsed due to balanced binning
Load: 0.01443s, Before split: 0.5295s, Split: 0.0002589s, After split: 4.768e-06s
Num parameters: 10
Start from epoch 0
Task done, results saved in results
node_clustering_coefficient_label dimensions are collapsed due to balanced binning
Load: 0.01832s, Before split: 0.291s, Split: 0.0002532s, After split: 4.053e-06s
Num parameters: 10
Start from epoch 0
GPU Mem: [123]
GPU Prob: [1.]
Random select GPU, select GPU 0 with mem: 123
node_clustering_coefficient_label dimensions are collapsed due to balanced binning
Load: 0.02085s, Before split: 0.4341s, Split: 0.0003595s, After split: 5.484e-06s
Num parameters: 10
Start from epoch 0
Task done, results saved in results
node_clustering_coefficient_label dimensions are collapsed due to balanced binning
Load: 0.01314s, Before split: 0.2818s, Split: 0.0002165s, After split: 4.768e-06s
Num parameters: 10
Start from epoch 0
GPU Mem: [123]
GPU Prob: [1.]
Random select GPU, select GPU 0 with mem: 123
node_clustering_coefficient_label dimensions are collapsed due to balanced binning
Load: 0.02829s, Before split: 0.4305s, Split: 0.0002198s, After split: 5.245e-06s
Num parameters: 10
Start from epoch 0
Task done, results saved in results
node_clustering_coefficient_label dimensions are collapsed due to balanced binning
Load: 0.01512s, Before split: 0.4673s, Split: 0.0002s, After split: 5.007e-06s
Num parameters: 10
Start from epoch 0
Task done, results saved in results
node_clustering_coefficient_label dimensions are collapsed due to balanced binning
Load: 0.0132s, Before split: 0.2732s, Split: 0.0001991s, After split: 4.768e-06s
Num parameters: 10
Start from epoch 0
Task done, results saved in results
node_clustering_coefficient_label dimensions are collapsed due to balanced binning
Load: 0.1986s, Before split: 0.1488s, Split: 0.000185s, After split: 4.53e-06s
Num parameters: 10
Start from epoch 0
Task done, results saved in results
node_clustering_coefficient_label dimensions are collapsed due to balanced binning
Load: 0.0149s, Before split: 0.1567s, Split: 0.0003455s, After split: 4.768e-06s
Num parameters: 10
Start from epoch 0
Task done, results saved in results
node_clustering_coefficient_label dimensions are collapsed due to balanced binning
Load: 0.1896s, Before split: 0.3024s, Split: 0.0002487s, After split: 6.437e-06s
Num parameters: 10
Start from epoch 0
Task done, results saved in results
node_clustering_coefficient_label dimensions are collapsed due to balanced binning
Load: 0.2018s, Before split: 0.274s, Split: 0.0003664s, After split: 5.007e-06s
Num parameters: 10
Start from epoch 0
Task done, results saved in results
node_clustering_coefficient_label dimensions are collapsed due to balanced binning
Load: 0.01541s, Before split: 0.4719s, Split: 0.0001969s, After split: 4.768e-06s
Num parameters: 10
Start from epoch 0
GPU Mem: [123]
GPU Prob: [1.]
Random select GPU, select GPU 0 with mem: 123
node_clustering_coefficient_label dimensions are collapsed due to balanced binning
Load: 0.02881s, Before split: 0.4336s, Split: 0.0005493s, After split: 5.96e-06s
Num parameters: 10
Start from epoch 0
Task done, results saved in results
GPU Mem: [123]
GPU Prob: [1.]
Random select GPU, select GPU 0 with mem: 123
node_clustering_coefficient_label dimensions are collapsed due to balanced binning
Load: 0.02217s, Before split: 0.4331s, Split: 0.0003257s, After split: 4.292e-06s
Num parameters: 10
Start from epoch 0
Task done, results saved in results
node_clustering_coefficient_label dimensions are collapsed due to balanced binning
Load: 0.01486s, Before split: 0.4633s, Split: 0.0003605s, After split: 4.292e-06s
Num parameters: 10
Start from epoch 0
Task done, results saved in results
node_clustering_coefficient_label dimensions are collapsed due to balanced binning
Load: 0.01406s, Before split: 0.2787s, Split: 0.0002134s, After split: 4.292e-06s
Num parameters: 10
Start from epoch 0
Task done, results saved in results
node_clustering_coefficient_label dimensions are collapsed due to balanced binning
Load: 0.198s, Before split: 0.275s, Split: 0.0004663s, After split: 5.722e-06s
Num parameters: 10
Start from epoch 0
Task done, results saved in results
Load: 0.01739s, Before split: 0.4462s, Split: 0.0001991s, After split: 4.292e-06s
Num parameters: 10
Start from epoch 0
Task done, results saved in results
Load: 0.01466s, Before split: 0.3069s, Split: 0.0007143s, After split: 2.265e-05s
Num parameters: 10
Start from epoch 0
Task done, results saved in results
Load: 0.01609s, Before split: 0.1552s, Split: 0.0004172s, After split: 4.53e-06s
Num parameters: 10
Start from epoch 0
Task done, results saved in results
node_clustering_coefficient_label dimensions are collapsed due to balanced binning
Load: 0.01464s, Before split: 0.156s, Split: 0.0003395s, After split: 4.53e-06s
Num parameters: 10
Start from epoch 0
Task done, results saved in results
node_clustering_coefficient_label dimensions are collapsed due to balanced binning
Load: 0.01623s, Before split: 0.2827s, Split: 0.0002162s, After split: 4.292e-06s
Num parameters: 10
Start from epoch 0
Task done, results saved in results
node_clustering_coefficient_label dimensions are collapsed due to balanced binning
Load: 0.2013s, Before split: 0.2778s, Split: 0.000551s, After split: 4.292e-06s
Num parameters: 10
Start from epoch 0
Task done, results saved in results
node_clustering_coefficient_label dimensions are collapsed due to balanced binning
Load: 0.01573s, Before split: 0.3442s, Split: 0.0001922s, After split: 4.768e-06s
Num parameters: 10
Start from epoch 0
Task done, results saved in results
node_clustering_coefficient_label dimensions are collapsed due to balanced binning
Load: 9.589s, Before split: 0.1686s, Split: 0.0004618s, After split: 4.292e-06s
Num parameters: 10
Start from epoch 0
Task done, results saved in results
node_clustering_coefficient_label dimensions are collapsed due to balanced binning
Load: 0.1478s, Before split: 0.1737s, Split: 0.0002074s, After split: 4.292e-06s
Num parameters: 10
Start from epoch 0
Task done, results saved in results
node_clustering_coefficient_label dimensions are collapsed due to balanced binning
Load: 0.1438s, Before split: 0.2358s, Split: 0.0002007s, After split: 5.007e-06s
Num parameters: 10
Start from epoch 0
Task done, results saved in results
node_clustering_coefficient_label dimensions are collapsed due to balanced binning
Load: 0.3304s, Before split: 0.1694s, Split: 0.0003409s, After split: 4.768e-06s
Num parameters: 10
Start from epoch 0
node_clustering_coefficient_label dimensions are collapsed due to balanced binning
Load: 0.1425s, Before split: 0.08431s, Split: 0.0001819s, After split: 4.768e-06s
Num parameters: 10
Start from epoch 0
node_clustering_coefficient_label dimensions are collapsed due to balanced binning
Load: 0.3054s, Before split: 0.08276s, Split: 0.0001917s, After split: 4.768e-06s
Num parameters: 10
Start from epoch 0
node_clustering_coefficient_label dimensions are collapsed due to balanced binning
Load: 0.1472s, Before split: 0.083s, Split: 0.0002317s, After split: 5.007e-06s
Num parameters: 10
Start from epoch 0
Task done, results saved in results
node_clustering_coefficient_label dimensions are collapsed due to balanced binning
Load: 0.1423s, Before split: 0.1713s, Split: 0.0005145s, After split: 5.007e-06s
Num parameters: 10
Start from epoch 0
node_clustering_coefficient_label dimensions are collapsed due to balanced binning
Load: 0.1461s, Before split: 0.1745s, Split: 0.0003448s, After split: 4.768e-06s
Num parameters: 10
Start from epoch 0
GPU Mem: [123]
GPU Prob: [1.]
Random select GPU, select GPU 0 with mem: 123
node_clustering_coefficient_label dimensions are collapsed due to balanced binning
Load: 0.1579s, Before split: 0.1723s, Split: 0.0004091s, After split: 5.245e-06s
Num parameters: 10
Start from epoch 0
Task done, results saved in results
node_clustering_coefficient_label dimensions are collapsed due to balanced binning
Load: 0.1465s, Before split: 0.3476s, Split: 0.0002723s, After split: 4.768e-06s
Start from epoch 0
Task done, results saved in results
GPU Mem: [123]
GPU Prob: [1.]
Random select GPU, select GPU 0 with mem: 123
node_clustering_coefficient_label dimensions are collapsed due to balanced binning
Load: 0.1507s, Before split: 0.1682s, Split: 0.0001037s, After split: 6.676e-06s
Start from epoch 0
Task done, results saved in results
node_clustering_coefficient_label dimensions are collapsed due to balanced binning
Load: 0.1405s, Before split: 0.3405s, Split: 9.131e-05s, After split: 3.576e-06s
Start from epoch 0
Task done, results saved in results
node_clustering_coefficient_label dimensions are collapsed due to balanced binning
Load: 0.2892s, Before split: 0.1881s, Split: 9.561e-05s, After split: 5.484e-06s
Start from epoch 0
node_clustering_coefficient_label dimensions are collapsed due to balanced binning
Load: 0.1429s, Before split: 0.1713s, Split: 0.0001037s, After split: 4.768e-06s
Start from epoch 0
GPU Mem: [123]
GPU Prob: [1.]
Random select GPU, select GPU 0 with mem: 123
node_clustering_coefficient_label dimensions are collapsed due to balanced binning
Load: 0.1553s, Before split: 0.1734s, Split: 9.775e-05s, After split: 5.484e-06s
Start from epoch 0
node_clustering_coefficient_label dimensions are collapsed due to balanced binning
Load: 0.1425s, Before split: 0.1702s, Split: 8.535e-05s, After split: 3.815e-06s
node_clustering_coefficient_label dimensions are collapsed due to balanced binning
Load: 0.1417s, Before split: 0.3021s, Split: 9.251e-05s, After split: 4.053e-06s
node_clustering_coefficient_label dimensions are collapsed due to balanced binning
Load: 0.1417s, Before split: 0.1688s, Split: 8.941e-05s, After split: 3.815e-06s
Start from epoch 0
Task done, results saved in results
GPU Mem: [123]
GPU Prob: [1.]
Random select GPU, select GPU 0 with mem: 123
node_clustering_coefficient_label dimensions are collapsed due to balanced binning
Load: 0.1561s, Before split: 0.1949s, Split: 0.0001032s, After split: 4.292e-06s
Start from epoch 0
node_clustering_coefficient_label dimensions are collapsed due to balanced binning
Load: 0.1443s, Before split: 0.1673s, Split: 8.416e-05s, After split: 4.292e-06s
Start from epoch 0
Task done, results saved in results
GPU Mem: [123]
GPU Prob: [1.]
Random select GPU, select GPU 0 with mem: 123
node_clustering_coefficient_label dimensions are collapsed due to balanced binning
Load: 0.1541s, Before split: 0.1712s, Split: 0.0001066s, After split: 4.053e-06s
Start from epoch 0
Task done, results saved in results
GPU Mem: [123]
GPU Prob: [1.]
Random select GPU, select GPU 0 with mem: 123
node_clustering_coefficient_label dimensions are collapsed due to balanced binning
Load: 0.1566s, Before split: 0.1758s, Split: 0.0001004s, After split: 4.053e-06s
Start from epoch 0
GPU Mem: [123]
GPU Prob: [1.]
Random select GPU, select GPU 0 with mem: 123
node_clustering_coefficient_label dimensions are collapsed due to balanced binning
Load: 0.1563s, Before split: 0.1696s, Split: 0.0001047s, After split: 6.437e-06s
Start from epoch 0
node_clustering_coefficient_label dimensions are collapsed due to balanced binning
Load: 0.1409s, Before split: 0.1642s, Split: 8.392e-05s, After split: 4.053e-06s
Start from epoch 0
Task done, results saved in results
GPU Mem: [10128]
Greedy select GPU, select GPU 0 with mem: 10128
node_clustering_coefficient_label dimensions are collapsed due to balanced binning
Load: 0.2788s, Before split: 0.1708s, Split: 0.0001054s, After split: 4.53e-06s
GPU Mem: [123]
GPU Prob: [1.]
Random select GPU, select GPU 0 with mem: 123
node_clustering_coefficient_label dimensions are collapsed due to balanced binning
Load: 0.2792s, Before split: 0.1698s, Split: 9.727e-05s, After split: 4.53e-06s
Start from epoch 0
Task done, results saved in results
GPU Mem: [123]
GPU Prob: [1.]
Random select GPU, select GPU 0 with mem: 123
node_clustering_coefficient_label dimensions are collapsed due to balanced binning
Load: 0.2745s, Before split: 0.1698s, Split: 9.704e-05s, After split: 4.53e-06s
Start from epoch 0
Task done, results saved in results
GPU Mem: [123]
GPU Prob: [1.]
Random select GPU, select GPU 0 with mem: 123
node_clustering_coefficient_label dimensions are collapsed due to balanced binning
Load: 0.2786s, Before split: 0.1683s, Split: 9.799e-05s, After split: 4.292e-06s
Start from epoch 0
Task done, results saved in results
GPU Mem: [123]
GPU Prob: [1.]
Random select GPU, select GPU 0 with mem: 123
node_clustering_coefficient_label dimensions are collapsed due to balanced binning
Load: 0.1502s, Before split: 0.1716s, Split: 0.0001113s, After split: 3.815e-06s
node_clustering_coefficient_label dimensions are collapsed due to balanced binning
Load: 0.1422s, Before split: 0.1656s, Split: 8.464e-05s, After split: 3.815e-06s
Start from epoch 0
Task done, results saved in results
GPU Mem: [10128]
Greedy select GPU, select GPU 0 with mem: 10128
node_clustering_coefficient_label dimensions are collapsed due to balanced binning
Load: 0.2753s, Before split: 0.1927s, Split: 0.0001009s, After split: 5.007e-06s
GPU Mem: [123]
GPU Prob: [1.]
Random select GPU, select GPU 0 with mem: 123
node_clustering_coefficient_label dimensions are collapsed due to balanced binning
Load: 0.2864s, Before split: 0.1706s, Split: 9.441e-05s, After split: 4.768e-06s
Start from epoch 0
Task done, results saved in results
GPU Mem: [123]
GPU Prob: [1.]
Random select GPU, select GPU 0 with mem: 123
node_clustering_coefficient_label dimensions are collapsed due to balanced binning
Load: 0.2914s, Before split: 0.173s, Split: 0.0001361s, After split: 6.199e-06s
Start from epoch 0
Task done, results saved in results
GPU Mem: [123]
GPU Prob: [1.]
Random select GPU, select GPU 0 with mem: 123
Load: 3.408s, Before split: 0.0003691s, Split: 0.0002997s, After split: 5.245e-06s
Start from epoch 0
GPU Mem: [123]
GPU Prob: [1.]
Random select GPU, select GPU 0 with mem: 123
Load: 0.205s, Before split: 0.000365s, Split: 0.000299s, After split: 5.722e-06s
Start from epoch 0
Task done, results saved in results
GPU Mem: [123]
GPU Prob: [1.]
Random select GPU, select GPU 0 with mem: 123
Load: 3.386s, Before split: 0.0005183s, Split: 0.0003641s, After split: 6.676e-06s
Start from epoch 0
Task done, results saved in results
GPU Mem: [123]
GPU Prob: [1.]
Random select GPU, select GPU 0 with mem: 123
Load: 0.2373s, Before split: 1.86s, Split: 0.000463s, After split: 7.868e-06s
Start from epoch 0
Task done, results saved in results
GPU Mem: [123]
GPU Prob: [1.]
Random select GPU, select GPU 0 with mem: 123
Load: 0.2543s, Before split: 1.852s, Split: 0.0003486s, After split: 5.245e-06s
Start from epoch 0
GPU Mem: [123]
GPU Prob: [1.]
Random select GPU, select GPU 0 with mem: 123
Load: 0.2439s, Before split: 0.0004213s, Split: 0.0003157s, After split: 5.484e-06s
Start from epoch 0
GPU Mem: [123]
GPU Prob: [1.]
Random select GPU, select GPU 0 with mem: 123
Load: 0.2305s, Before split: 0.0005312s, Split: 0.0003581s, After split: 7.391e-06s
Start from epoch 0
Task done, results saved in results
GPU Mem: [2498]
GPU Prob: [1.]
Random select GPU, select GPU 0 with mem: 2498
Load: 0.1167s, Before split: 0.0004659s, Split: 0.00032s, After split: 5.484e-06s
Start from epoch 0
Task done, results saved in results
GPU Mem: [2498]
GPU Prob: [1.]
Random select GPU, select GPU 0 with mem: 2498
Load: 0.1162s, Before split: 0.0004697s, Split: 0.0003037s, After split: 8.106e-06s
Start from epoch 0
Task done, results saved in results
Load: 0.2692s, Before split: 0.0003765s, Split: 0.0002074s, After split: 5.007e-06s
Start from epoch 0
Task done, results saved in results
Load: 0.1051s, Before split: 0.0004115s, Split: 0.0002103s, After split: 5.484e-06s
Start from epoch 0
Task done, results saved in results
Load: 0.1023s, Before split: 0.0003641s, Split: 0.0002034s, After split: 5.245e-06s
Start from epoch 0
Task done, results saved in results
Load: 0.2723s, Before split: 0.0004776s, Split: 0.0002525s, After split: 6.437e-06s
Start from epoch 0
Task done, results saved in results
Load: 0.1047s, Before split: 0.0003943s, Split: 0.0002062s, After split: 5.245e-06s
Start from epoch 0
Task done, results saved in results
Load: 0.2994s, Before split: 0.0003622s, Split: 0.0002034s, After split: 5.007e-06s
Start from epoch 0
Task done, results saved in results
Load: 0.1019s, Before split: 0.0003798s, Split: 0.0002058s, After split: 5.484e-06s
Start from epoch 0
Task done, results saved in results
Load: 0.103s, Before split: 0.0003743s, Split: 0.0002041s, After split: 5.245e-06s
Start from epoch 0
Task done, results saved in results
Load: 0.1094s, Before split: 0.0004532s, Split: 0.0002153s, After split: 4.53e-06s
Start from epoch 0
Task done, results saved in results
Load: 0.334s, Before split: 0.0003569s, Split: 0.0002041s, After split: 5.007e-06s
Start from epoch 0
Task done, results saved in results
Load: 0.1028s, Before split: 0.0004418s, Split: 0.0002179s, After split: 5.245e-06s
Start from epoch 0
Task done, results saved in results
Load: 0.1084s, Before split: 0.0003898s, Split: 0.0002077s, After split: 4.768e-06s
Start from epoch 0
Task done, results saved in results
Load: 0.1016s, Before split: 0.000422s, Split: 0.000231s, After split: 4.53e-06s
Start from epoch 0
Task done, results saved in results
Load: 0.1051s, Before split: 0.000432s, Split: 0.0002131s, After split: 5.007e-06s
Start from epoch 0
Task done, results saved in results
Load: 0.3215s, Before split: 0.0004425s, Split: 0.0002022s, After split: 5.007e-06s
Start from epoch 0
Task done, results saved in results
Load: 0.1033s, Before split: 0.0004389s, Split: 0.0002122s, After split: 4.768e-06s
Start from epoch 0
Task done, results saved in results
Load: 0.1039s, Before split: 0.0003786s, Split: 0.0002086s, After split: 5.007e-06s
Start from epoch 0
Task done, results saved in results
Load: 0.1083s, Before split: 0.0003574s, Split: 0.0002046s, After split: 5.245e-06s
Start from epoch 0
Task done, results saved in results
Load: 0.1004s, Before split: 0.0003636s, Split: 0.0002046s, After split: 4.768e-06s
Start from epoch 0
Task done, results saved in results
Load: 0.321s, Before split: 0.0003586s, Split: 0.0002029s, After split: 5.245e-06s
Start from epoch 0
Task done, results saved in results
Load: 0.108s, Before split: 0.0003588s, Split: 0.0002019s, After split: 5.007e-06s
Start from epoch 0
Task done, results saved in results
Load: 0.1017s, Before split: 0.0004573s, Split: 0.0002108s, After split: 5.245e-06s
Start from epoch 0
Task done, results saved in results
Load: 0.1035s, Before split: 0.0003855s, Split: 0.0002065s, After split: 5.007e-06s
Start from epoch 0
Task done, results saved in results
Load: 0.1044s, Before split: 0.0003724s, Split: 0.0002029s, After split: 5.007e-06s
Start from epoch 0
Task done, results saved in results
Load: 0.3259s, Before split: 0.0004158s, Split: 0.0002189s, After split: 5.245e-06s
Start from epoch 0
Task done, results saved in results
Load: 0.1055s, Before split: 0.0003591s, Split: 0.0002046s, After split: 5.007e-06s
Start from epoch 0
Task done, results saved in results
Load: 0.111s, Before split: 0.0004377s, Split: 0.0002112s, After split: 5.484e-06s
Start from epoch 0
Task done, results saved in results
Load: 0.1039s, Before split: 0.0003805s, Split: 0.0002034s, After split: 4.768e-06s
Start from epoch 0
Task done, results saved in results
Load: 0.1021s, Before split: 0.0003655s, Split: 0.0002177s, After split: 5.484e-06s
Start from epoch 0
Task done, results saved in results
Load: 0.1089s, Before split: 0.0003574s, Split: 0.0002027s, After split: 5.484e-06s
Start from epoch 0
Task done, results saved in results
Load: 0.3133s, Before split: 0.000365s, Split: 0.0002015s, After split: 5.007e-06s
Start from epoch 0
Task done, results saved in results
Load: 0.1035s, Before split: 0.0003762s, Split: 0.0002294s, After split: 5.007e-06s
Start from epoch 0
Task done, results saved in results
Load: 0.1099s, Before split: 0.0004098s, Split: 0.0002174s, After split: 4.768e-06s
Start from epoch 0
Task done, results saved in results
Load: 0.1038s, Before split: 0.0003736s, Split: 0.0002024s, After split: 5.245e-06s
Start from epoch 0
Task done, results saved in results
Load: 0.3222s, Before split: 0.0003846s, Split: 0.0002065s, After split: 5.245e-06s
Start from epoch 0
Task done, results saved in results
GPU Mem: [10127]
Greedy select GPU, select GPU 0 with mem: 10127
Load: 0.2216s, Before split: 0.0004225s, Split: 0.0003183s, After split: 5.96e-06s
GPU Mem: [2498]
GPU Prob: [1.]
Random select GPU, select GPU 0 with mem: 2498
Load: 0.2293s, Before split: 0.0004284s, Split: 0.0003202s, After split: 5.484e-06s
Start from epoch 0
Task done, results saved in results
Load: 0.119s, Before split: 0.000536s, Split: 0.0002878s, After split: 7.868e-06s
Start from epoch 0
Task done, results saved in results
Load: 0.1249s, Before split: 0.0005264s, Split: 0.0002615s, After split: 8.106e-06s
Start from epoch 0
Task done, results saved in results
GPU Mem: [2498]
GPU Prob: [1.]
Random select GPU, select GPU 0 with mem: 2498
Load: 0.2312s, Before split: 0.000432s, Split: 0.0003138s, After split: 6.199e-06s
Start from epoch 0
Task done, results saved in results
Load: 0.09936s, Before split: 0.0004621s, Split: 0.0002184s, After split: 6.914e-06s
Start from epoch 0
Task done, results saved in results
Load: 0.09926s, Before split: 0.0004551s, Split: 0.0002158s, After split: 6.676e-06s
Start from epoch 0
Task done, results saved in results
GPU Mem: [2498]
GPU Prob: [1.]
Random select GPU, select GPU 0 with mem: 2498
Load: 0.1887s, Before split: 0.0003638s, Split: 0.0002997s, After split: 6.199e-06s
Start from epoch 0
Task done, results saved in results
Load: 0.04865s, Before split: 0.000433s, Split: 0.0002203s, After split: 4.53e-06s
Start from epoch 0
Task done, results saved in results
Load: 0.0507s, Before split: 0.000423s, Split: 0.0002038s, After split: 4.768e-06s
Start from epoch 0
Task done, results saved in results
GPU Mem: [2498]
GPU Prob: [1.]
Random select GPU, select GPU 0 with mem: 2498
Load: 0.1894s, Before split: 0.0003638s, Split: 0.0002952s, After split: 6.199e-06s
Start from epoch 0
GPU Mem: [2498]
GPU Prob: [1.]
Random select GPU, select GPU 0 with mem: 2498
Load: 0.1939s, Before split: 0.0003579s, Split: 0.0002964s, After split: 6.437e-06s
Start from epoch 0
Task done, results saved in results
Load: 0.04827s, Before split: 0.0004041s, Split: 0.0002074s, After split: 4.53e-06s
Start from epoch 0
Task done, results saved in results
Load: 0.0505s, Before split: 0.0004053s, Split: 0.0002046s, After split: 4.53e-06s
Start from epoch 0
Task done, results saved in results
GPU Mem: [2498]
GPU Prob: [1.]
Random select GPU, select GPU 0 with mem: 2498
Load: 0.1818s, Before split: 0.0003645s, Split: 0.0002978s, After split: 5.96e-06s
Start from epoch 0
Task done, results saved in results
Load: 0.04906s, Before split: 0.0004287s, Split: 0.0002189s, After split: 4.768e-06s
Start from epoch 0
Task done, results saved in results
Load: 0.05064s, Before split: 0.0003939s, Split: 0.0002022s, After split: 4.292e-06s
Start from epoch 0
Task done, results saved in results
GPU Mem: [2498]
GPU Prob: [1.]
Random select GPU, select GPU 0 with mem: 2498
Load: 0.2231s, Before split: 0.0004213s, Split: 0.0003211s, After split: 5.484e-06s
Start from epoch 0
Task done, results saved in results
Load: 0.1186s, Before split: 0.0005331s, Split: 0.0002799s, After split: 7.629e-06s
Start from epoch 0
Task done, results saved in results
Load: 0.1257s, Before split: 0.000519s, Split: 0.0002542s, After split: 7.391e-06s
Start from epoch 0
Task done, results saved in results
GPU Mem: [2498]
GPU Prob: [1.]
Random select GPU, select GPU 0 with mem: 2498
Load: 0.1862s, Before split: 0.0003617s, Split: 0.0002854s, After split: 5.245e-06s
Start from epoch 0
Task done, results saved in results
Load: 0.04915s, Before split: 0.0004437s, Split: 0.0002165s, After split: 4.53e-06s
Start from epoch 0
Task done, results saved in results
Load: 0.04996s, Before split: 0.0003784s, Split: 0.0001981s, After split: 4.053e-06s
Start from epoch 0
Task done, results saved in results
GPU Mem: [2498]
GPU Prob: [1.]
Random select GPU, select GPU 0 with mem: 2498
Load: 0.2316s, Before split: 0.0004241s, Split: 0.0003235s, After split: 5.96e-06s
Start from epoch 0
Task done, results saved in results
Load: 0.1027s, Before split: 0.0005729s, Split: 0.0002728s, After split: 6.199e-06s
Start from epoch 0
Task done, results saved in results
Load: 0.1s, Before split: 0.0004609s, Split: 0.0002258s, After split: 5.245e-06s
Start from epoch 0
Task done, results saved in results
GPU Mem: [2498]
GPU Prob: [1.]
Random select GPU, select GPU 0 with mem: 2498
Load: 0.2249s, Before split: 0.0004134s, Split: 0.0003283s, After split: 5.96e-06s
Start from epoch 0
Task done, results saved in results
Load: 0.1014s, Before split: 0.0005875s, Split: 0.0002789s, After split: 6.199e-06s
Start from epoch 0
Task done, results saved in results
Load: 0.123s, Before split: 0.0005341s, Split: 0.0002601s, After split: 5.484e-06s
Start from epoch 0
Task done, results saved in results
GPU Mem: [2498]
GPU Prob: [1.]
Random select GPU, select GPU 0 with mem: 2498
Load: 0.2086s, Before split: 1.049s, Split: 0.0009344s, After split: 2.933e-05s
Start from epoch 0
Task done, results saved in results
Load: 0.05505s, Before split: 0.9941s, Split: 0.0003369s, After split: 5.722e-06s
Start from epoch 0
Task done, results saved in results
Load: 0.0579s, Before split: 0.9308s, Split: 0.00032s, After split: 5.245e-06s
Start from epoch 0
Task done, results saved in results
GPU Mem: [2498]
GPU Prob: [1.]
Random select GPU, select GPU 0 with mem: 2498
Load: 0.1926s, Before split: 1.105s, Split: 0.0004764s, After split: 6.437e-06s
Start from epoch 0
Task done, results saved in results
Load: 0.05227s, Before split: 0.9468s, Split: 0.0003381s, After split: 5.96e-06s
Start from epoch 0
Task done, results saved in results
Load: 0.05184s, Before split: 0.9417s, Split: 0.0002317s, After split: 4.292e-06s
Start from epoch 0
Task done, results saved in results
GPU Mem: [2498]
GPU Prob: [1.]
Random select GPU, select GPU 0 with mem: 2498
Load: 0.229s, Before split: 1.861s, Split: 0.0004904s, After split: 8.345e-06s
Start from epoch 0
Task done, results saved in results
Load: 0.09682s, Before split: 1.67s, Split: 0.0002594s, After split: 5.007e-06s
Start from epoch 0
Task done, results saved in results
Load: 0.2446s, Before split: 1.694s, Split: 0.0002275s, After split: 5.484e-06s
Start from epoch 0
Task done, results saved in results
GPU Mem: [2498]
GPU Prob: [1.]
Random select GPU, select GPU 0 with mem: 2498
Load: 0.2428s, Before split: 1.907s, Split: 0.0004847s, After split: 1.049e-05s
Start from epoch 0
Task done, results saved in results
Load: 0.0971s, Before split: 1.69s, Split: 0.0002887s, After split: 6.437e-06s
Start from epoch 0
Task done, results saved in results
Load: 0.2476s, Before split: 1.693s, Split: 0.0002387s, After split: 4.53e-06s
Start from epoch 0
Task done, results saved in results
GPU Mem: [2498]
GPU Prob: [1.]
Random select GPU, select GPU 0 with mem: 2498
node_clustering_coefficient_label dimensions are collapsed due to balanced binning
Load: 0.1568s, Before split: 0.1614s, Split: 0.0001006s, After split: 5.96e-06s
Start from epoch 0
Task done, results saved in results
node_clustering_coefficient_label dimensions are collapsed due to balanced binning
Load: 0.01359s, Before split: 0.3149s, Split: 9.489e-05s, After split: 7.391e-06s
Start from epoch 0
Task done, results saved in results
node_clustering_coefficient_label dimensions are collapsed due to balanced binning
Load: 0.01547s, Before split: 0.1608s, Split: 0.000109s, After split: 5.245e-06s
Start from epoch 0
Task done, results saved in results
GPU Mem: [2498]
GPU Prob: [1.]
Random select GPU, select GPU 0 with mem: 2498
Load: 0.1976s, Before split: 0.7963s, Split: 0.0001779s, After split: 7.153e-06s
Start from epoch 0
GPU Mem: [2498]
GPU Prob: [1.]
Random select GPU, select GPU 0 with mem: 2498
node_clustering_coefficient_label dimensions are collapsed due to balanced binning
Load: 0.1404s, Before split: 0.2845s, Split: 0.0001113s, After split: 4.768e-06s
Start from epoch 0
Task done, results saved in results
node_clustering_coefficient_label dimensions are collapsed due to balanced binning
Load: 0.1664s, Before split: 0.276s, Split: 9.251e-05s, After split: 4.053e-06s
Start from epoch 0
Task done, results saved in results
node_clustering_coefficient_label dimensions are collapsed due to balanced binning
Load: 0.1684s, Before split: 0.2747s, Split: 9.346e-05s, After split: 4.292e-06s
Start from epoch 0
Task done, results saved in results
GPU Mem: [2498]
GPU Prob: [1.]
Random select GPU, select GPU 0 with mem: 2498
node_clustering_coefficient_label dimensions are collapsed due to balanced binning
Load: 0.1398s, Before split: 0.2846s, Split: 0.000109s, After split: 7.153e-06s
Start from epoch 0
Task done, results saved in results
node_clustering_coefficient_label dimensions are collapsed due to balanced binning
Load: 0.1728s, Before split: 0.2724s, Split: 9.227e-05s, After split: 4.053e-06s
Start from epoch 0
Task done, results saved in results
node_clustering_coefficient_label dimensions are collapsed due to balanced binning
Load: 0.2507s, Before split: 0.2633s, Split: 0.0001132s, After split: 5.245e-06s
Start from epoch 0
Task done, results saved in results
GPU Mem: [2498]
GPU Prob: [1.]
Random select GPU, select GPU 0 with mem: 2498
node_clustering_coefficient_label dimensions are collapsed due to balanced binning
Load: 0.1437s, Before split: 0.1619s, Split: 0.0001009s, After split: 6.437e-06s
Start from epoch 0
Task done, results saved in results
node_clustering_coefficient_label dimensions are collapsed due to balanced binning
Load: 0.01526s, Before split: 0.1553s, Split: 0.0001316s, After split: 4.53e-06s
Start from epoch 0
Task done, results saved in results
node_clustering_coefficient_label dimensions are collapsed due to balanced binning
Load: 0.01788s, Before split: 0.156s, Split: 0.000133s, After split: 4.768e-06s
Start from epoch 0
Task done, results saved in results
GPU Mem: [2498]
GPU Prob: [1.]
Random select GPU, select GPU 0 with mem: 2498
node_clustering_coefficient_label dimensions are collapsed due to balanced binning
Load: 0.146s, Before split: 0.2922s, Split: 0.0001166s, After split: 7.391e-06s
Start from epoch 0
Task done, results saved in results
node_clustering_coefficient_label dimensions are collapsed due to balanced binning
Load: 0.174s, Before split: 0.2778s, Split: 9.537e-05s, After split: 7.391e-06s
Start from epoch 0
Task done, results saved in results
node_clustering_coefficient_label dimensions are collapsed due to balanced binning
Load: 0.1718s, Before split: 0.2962s, Split: 0.0001061s, After split: 7.391e-06s
Start from epoch 0
Task done, results saved in results
GPU Mem: [2498]
GPU Prob: [1.]
Random select GPU, select GPU 0 with mem: 2498
node_clustering_coefficient_label dimensions are collapsed due to balanced binning
Load: 0.02002s, Before split: 0.4103s, Split: 0.0001118s, After split: 7.391e-06s
Start from epoch 0
Task done, results saved in results
node_clustering_coefficient_label dimensions are collapsed due to balanced binning
Load: 0.0147s, Before split: 0.4353s, Split: 9.441e-05s, After split: 4.292e-06s
Start from epoch 0
Task done, results saved in results
node_clustering_coefficient_label dimensions are collapsed due to balanced binning
Load: 0.01518s, Before split: 0.4381s, Split: 9.489e-05s, After split: 4.053e-06s
Start from epoch 0
Task done, results saved in results
GPU Mem: [2498]
GPU Prob: [1.]
Random select GPU, select GPU 0 with mem: 2498
node_clustering_coefficient_label dimensions are collapsed due to balanced binning
Load: 0.021s, Before split: 0.4239s, Split: 0.000113s, After split: 4.768e-06s
Start from epoch 0
Task done, results saved in results
node_clustering_coefficient_label dimensions are collapsed due to balanced binning
Load: 0.01486s, Before split: 0.5164s, Split: 0.000114s, After split: 5.722e-06s
Start from epoch 0
Task done, results saved in results
node_clustering_coefficient_label dimensions are collapsed due to balanced binning
Load: 0.01465s, Before split: 0.4683s, Split: 9.656e-05s, After split: 4.053e-06s
Start from epoch 0
Task done, results saved in results
GPU Mem: [2498]
GPU Prob: [1.]
Random select GPU, select GPU 0 with mem: 2498
node_clustering_coefficient_label dimensions are collapsed due to balanced binning
Load: 0.022s, Before split: 0.4186s, Split: 0.0001094s, After split: 5.722e-06s
Start from epoch 0
Task done, results saved in results
node_clustering_coefficient_label dimensions are collapsed due to balanced binning
Load: 0.01441s, Before split: 0.447s, Split: 9.298e-05s, After split: 7.868e-06s
Start from epoch 0
Task done, results saved in results
node_clustering_coefficient_label dimensions are collapsed due to balanced binning
Load: 0.01445s, Before split: 0.4435s, Split: 9.513e-05s, After split: 6.914e-06s
Start from epoch 0
Task done, results saved in results
GPU Mem: [2498]
GPU Prob: [1.]
Random select GPU, select GPU 0 with mem: 2498
node_clustering_coefficient_label dimensions are collapsed due to balanced binning
Load: 0.02605s, Before split: 0.2894s, Split: 0.0001054s, After split: 6.676e-06s
Start from epoch 0
Task done, results saved in results
node_clustering_coefficient_label dimensions are collapsed due to balanced binning
Load: 0.01399s, Before split: 0.3141s, Split: 9.537e-05s, After split: 4.292e-06s
Start from epoch 0
Task done, results saved in results
node_clustering_coefficient_label dimensions are collapsed due to balanced binning
Load: 0.01392s, Before split: 0.1518s, Split: 0.0001132s, After split: 4.292e-06s
Start from epoch 0
Task done, results saved in results
GPU Mem: [2498]
GPU Prob: [1.]
Random select GPU, select GPU 0 with mem: 2498
node_clustering_coefficient_label dimensions are collapsed due to balanced binning
Load: 0.0209s, Before split: 0.3021s, Split: 0.0001059s, After split: 4.292e-06s
Start from epoch 0
Task done, results saved in results
node_clustering_coefficient_label dimensions are collapsed due to balanced binning
Load: 0.01345s, Before split: 0.3109s, Split: 9.608e-05s, After split: 4.053e-06s
Start from epoch 0
Task done, results saved in results
node_clustering_coefficient_label dimensions are collapsed due to balanced binning
Load: 0.01401s, Before split: 0.1521s, Split: 0.0001094s, After split: 4.053e-06s
Start from epoch 0
Task done, results saved in results
GPU Mem: [2498]
GPU Prob: [1.]
Random select GPU, select GPU 0 with mem: 2498
GPU Mem: [2498]
GPU Prob: [1.]
Random select GPU, select GPU 0 with mem: 2498
node_clustering_coefficient_label dimensions are collapsed due to balanced binning
Load: 0.2716s, Before split: 0.07688s, Split: 9.584e-05s, After split: 4.053e-06s
Start from epoch 0
Task done, results saved in results
node_clustering_coefficient_label dimensions are collapsed due to balanced binning
Load: 0.14s, Before split: 0.07608s, Split: 0.0001051s, After split: 3.815e-06s
Start from epoch 0
Task done, results saved in results
node_clustering_coefficient_label dimensions are collapsed due to balanced binning
Load: 0.1432s, Before split: 0.07771s, Split: 0.0001042s, After split: 4.053e-06s
Start from epoch 0
Task done, results saved in results
GPU Mem: [2498]
GPU Prob: [1.]
Random select GPU, select GPU 0 with mem: 2498
node_clustering_coefficient_label dimensions are collapsed due to balanced binning
Load: 0.2782s, Before split: 0.07693s, Split: 9.847e-05s, After split: 4.768e-06s
Start from epoch 0
Task done, results saved in results
node_clustering_coefficient_label dimensions are collapsed due to balanced binning
Load: 0.139s, Before split: 0.07664s, Split: 0.0001018s, After split: 3.576e-06s
Start from epoch 0
Task done, results saved in results
node_clustering_coefficient_label dimensions are collapsed due to balanced binning
Load: 0.1434s, Before split: 0.07739s, Split: 0.0001001s, After split: 4.053e-06s
Start from epoch 0
Task done, results saved in results
GPU Mem: [2498]
GPU Prob: [1.]
Random select GPU, select GPU 0 with mem: 2498
node_clustering_coefficient_label dimensions are collapsed due to balanced binning
Load: 0.2762s, Before split: 0.1709s, Split: 9.99e-05s, After split: 4.292e-06s
Start from epoch 0
Task done, results saved in results
node_clustering_coefficient_label dimensions are collapsed due to balanced binning
Load: 0.1404s, Before split: 0.165s, Split: 0.0001056s, After split: 3.338e-06s
Start from epoch 0
GPU Mem: [2498]
GPU Prob: [1.]
Random select GPU, select GPU 0 with mem: 2498
node_clustering_coefficient_label dimensions are collapsed due to balanced binning
Load: 0.2735s, Before split: 0.1672s, Split: 9.823e-05s, After split: 6.437e-06s
Start from epoch 0
Task done, results saved in results
node_clustering_coefficient_label dimensions are collapsed due to balanced binning
Load: 0.1444s, Before split: 0.1611s, Split: 0.0001044s, After split: 3.815e-06s
Start from epoch 0
Task done, results saved in results
node_clustering_coefficient_label dimensions are collapsed due to balanced binning
Load: 0.148s, Before split: 0.3811s, Split: 0.000109s, After split: 4.53e-06s
Start from epoch 0
Task done, results saved in results
GPU Mem: [2498]
GPU Prob: [1.]
Random select GPU, select GPU 0 with mem: 2498
node_clustering_coefficient_label dimensions are collapsed due to balanced binning
Load: 0.2754s, Before split: 0.1695s, Split: 0.0001037s, After split: 4.292e-06s
Start from epoch 0
Task done, results saved in results
node_clustering_coefficient_label dimensions are collapsed due to balanced binning
Load: 0.1466s, Before split: 0.1636s, Split: 8.559e-05s, After split: 4.053e-06s
Start from epoch 0
Task done, results saved in results
node_clustering_coefficient_label dimensions are collapsed due to balanced binning
Load: 0.1414s, Before split: 0.322s, Split: 9.346e-05s, After split: 4.053e-06s
Start from epoch 0
Task done, results saved in results
GPU Mem: [2498]
GPU Prob: [1.]
Random select GPU, select GPU 0 with mem: 2498
node_clustering_coefficient_label dimensions are collapsed due to balanced binning
Load: 0.2922s, Before split: 0.07738s, Split: 9.537e-05s, After split: 4.53e-06s
Start from epoch 0
Task done, results saved in results
node_clustering_coefficient_label dimensions are collapsed due to balanced binning
Load: 0.1423s, Before split: 0.0772s, Split: 0.0001335s, After split: 4.53e-06s
Start from epoch 0
Task done, results saved in results
node_clustering_coefficient_label dimensions are collapsed due to balanced binning
Load: 0.1426s, Before split: 0.07837s, Split: 0.0001054s, After split: 3.815e-06s
Start from epoch 0
Task done, results saved in results
GPU Mem: [2498]
GPU Prob: [1.]
Random select GPU, select GPU 0 with mem: 2498
node_clustering_coefficient_label dimensions are collapsed due to balanced binning
Load: 0.02033s, Before split: 0.297s, Split: 0.0001197s, After split: 5.245e-06s
Start from epoch 0
Task done, results saved in results
node_clustering_coefficient_label dimensions are collapsed due to balanced binning
Load: 0.013s, Before split: 0.307s, Split: 9.561e-05s, After split: 5.007e-06s
Start from epoch 0
Task done, results saved in results
node_clustering_coefficient_label dimensions are collapsed due to balanced binning
Load: 0.01502s, Before split: 0.159s, Split: 0.0001137s, After split: 4.292e-06s
Start from epoch 0
Task done, results saved in results
GPU Mem: [2498]
GPU Prob: [1.]
Random select GPU, select GPU 0 with mem: 2498
node_clustering_coefficient_label dimensions are collapsed due to balanced binning
Load: 0.02638s, Before split: 0.4031s, Split: 0.000109s, After split: 4.292e-06s
Start from epoch 0
Task done, results saved in results
node_clustering_coefficient_label dimensions are collapsed due to balanced binning
Load: 0.1692s, Before split: 0.2685s, Split: 9.251e-05s, After split: 4.053e-06s
Start from epoch 0
Task done, results saved in results
node_clustering_coefficient_label dimensions are collapsed due to balanced binning
Load: 0.01511s, Before split: 0.4321s, Split: 9.608e-05s, After split: 4.53e-06s
Start from epoch 0
Task done, results saved in results
GPU Mem: [2498]
GPU Prob: [1.]
Random select GPU, select GPU 0 with mem: 2498
node_clustering_coefficient_label dimensions are collapsed due to balanced binning
Load: 0.3192s, Before split: 0.234s, Split: 0.0001125s, After split: 9.775e-06s
Start from epoch 0
Task done, results saved in results
node_clustering_coefficient_label dimensions are collapsed due to balanced binning
Load: 0.3284s, Before split: 0.2563s, Split: 0.0001121s, After split: 7.153e-06s
Start from epoch 0
Task done, results saved in results
node_clustering_coefficient_label dimensions are collapsed due to balanced binning
Load: 0.1955s, Before split: 0.3874s, Split: 0.0001006s, After split: 5.245e-06s
Start from epoch 0
Task done, results saved in results
GPU Mem: [2498]
GPU Prob: [1.]
Random select GPU, select GPU 0 with mem: 2498
node_clustering_coefficient_label dimensions are collapsed due to balanced binning
Load: 0.336s, Before split: 0.1157s, Split: 0.000103s, After split: 4.768e-06s
Start from epoch 0
Task done, results saved in results
node_clustering_coefficient_label dimensions are collapsed due to balanced binning
Load: 0.3395s, Before split: 0.1154s, Split: 8.917e-05s, After split: 7.868e-06s
Start from epoch 0
Task done, results saved in results
node_clustering_coefficient_label dimensions are collapsed due to balanced binning
Load: 0.1865s, Before split: 0.2732s, Split: 9.68e-05s, After split: 8.345e-06s
Start from epoch 0
Task done, results saved in results
GPU Mem: [2498]
GPU Prob: [1.]
Random select GPU, select GPU 0 with mem: 2498
node_clustering_coefficient_label dimensions are collapsed due to balanced binning
Load: 0.3262s, Before split: 0.1152s, Split: 9.799e-05s, After split: 4.292e-06s
Start from epoch 0
Task done, results saved in results
node_clustering_coefficient_label dimensions are collapsed due to balanced binning
Load: 0.4169s, Before split: 0.1183s, Split: 9.775e-05s, After split: 5.245e-06s
Start from epoch 0
Task done, results saved in results
node_clustering_coefficient_label dimensions are collapsed due to balanced binning
Load: 0.3684s, Before split: 0.1181s, Split: 9.227e-05s, After split: 5.245e-06s
Start from epoch 0
Task done, results saved in results
GPU Mem: [2498]
GPU Prob: [1.]
Random select GPU, select GPU 0 with mem: 2498
node_clustering_coefficient_label dimensions are collapsed due to balanced binning
Load: 0.3243s, Before split: 0.2303s, Split: 0.0001059s, After split: 7.153e-06s
Start from epoch 0
Task done, results saved in results
node_clustering_coefficient_label dimensions are collapsed due to balanced binning
Load: 0.3449s, Before split: 0.2489s, Split: 0.0001075s, After split: 5.007e-06s
Start from epoch 0
Task done, results saved in results
node_clustering_coefficient_label dimensions are collapsed due to balanced binning
Load: 0.1864s, Before split: 0.4129s, Split: 9.918e-05s, After split: 4.053e-06s
Start from epoch 0
Task done, results saved in results
GPU Mem: [2498]
GPU Prob: [1.]
Random select GPU, select GPU 0 with mem: 2498
node_clustering_coefficient_label dimensions are collapsed due to balanced binning
Load: 0.4503s, Before split: 0.2357s, Split: 0.0001185s, After split: 6.914e-06s
Start from epoch 0
