Load: 0.05366s, Before split: 0.0004082s, Split: 0.0002465s, After split: 6.914e-06s
GNN(
  (preprocess): Preprocess(
    node_feature: dim_out=1433
    Total: dim_out=1433
  )
  (pre_mp): GeneralMultiLayer(
    (Layer_0): GeneralLayer(
      (layer): Linear(
        (model): Linear(in_features=1433, out_features=256, bias=False)
      )
      (post_layer): Sequential(
        (0): BatchNorm1d(256, eps=1e-05, momentum=0.1, affine=True, track_running_stats=True)
        (1): PReLU(num_parameters=1)
      )
    )
  )
  (mp): GNNStackStage(
    (layer0): GeneralLayer(
      (layer): GeneralConv(
        (model): GeneralConvLayer(256, 256)
      )
      (post_layer): Sequential(
        (0): BatchNorm1d(256, eps=1e-05, momentum=0.1, affine=True, track_running_stats=True)
        (1): PReLU(num_parameters=1)
      )
    )
    (layer1): GeneralLayer(
      (layer): GeneralConv(
        (model): GeneralConvLayer(256, 256)
      )
      (post_layer): Sequential(
        (0): BatchNorm1d(256, eps=1e-05, momentum=0.1, affine=True, track_running_stats=True)
        (1): PReLU(num_parameters=1)
      )
    )
  )
  (post_mp): GNNNodeHead(
    (layer_post_mp): MLP(
      (model): Sequential(
        (0): Linear(
          (model): Linear(in_features=256, out_features=7, bias=True)
        )
      )
    )
  )
)
bn:
  eps: 1e-05
  mom: 0.1
cfg_dest: config.yaml
dataset:
  augment_feature: []
  augment_feature_dims: []
  augment_feature_repr: position
  augment_label: 
  augment_label_dims: 0
  cache_load: False
  cache_save: False
  dir: ./datasets
  edge_dim: 128
  edge_encoder: False
  edge_encoder_bn: True
  edge_encoder_name: Bond
  edge_message_ratio: 0.8
  edge_negative_sampling_ratio: 1.0
  edge_train_mode: all
  encoder_dim: 128
  format: PyG
  name: Cora
  node_encoder: False
  node_encoder_bn: True
  node_encoder_name: Atom
  remove_feature: False
  resample_disjoint: False
  resample_negative: False
  shuffle_split: True
  split: [0.8, 0.2]
  task: node
  task_type: classification
  to_undirected: False
  transductive: True
  transform: none
  tu_simple: True
device: cuda:0
example_arg: example
example_group:
  example_arg: example
gnn:
  act: prelu
  agg: add
  att_final_linear: False
  att_final_linear_bn: False
  att_heads: 1
  batchnorm: True
  dim_inner: 256
  dropout: 0.0
  flow: source_to_target
  keep_edge: 0.5
  l2norm: True
  layer_type: generalconv
  layers_mp: 2
  layers_post_mp: 1
  layers_pre_mp: 1
  msg_direction: single
  normalize_adj: False
  self_msg: concat
  skip_every: 1
  stage_type: stack
gpu_mem: False
mem:
  inplace: False
metric_agg: argmax
metric_best: auto
model:
  edge_decoding: dot
  graph_pooling: add
  loss_fun: cross_entropy
  match_upper: True
  size_average: mean
  thresh: 0.5
  type: gnn
num_threads: 6
num_workers: 0
optim:
  base_lr: 0.01
  lr_decay: 0.1
  max_epoch: 400
  momentum: 0.9
  optimizer: adam
  scheduler: cos
  steps: [30, 60, 90]
  weight_decay: 0.0005
out_dir: results/example/3
params: 632328
print: both
round: 4
seed: 3
share:
  dim_in: 1
  dim_out: 1
  num_splits: 1
tensorboard_agg: True
tensorboard_each_run: False
train:
  auto_resume: False
  batch_size: 32
  ckpt_clean: True
  ckpt_period: 100
  epoch_resume: -1
  eval_period: 20
  iter_per_epoch: 32
  mode: standard
  neighbor_sizes: [20, 15, 10, 5]
  node_per_graph: 32
  radius: extend
  sample_node: False
  sampler: full_batch
  walk_length: 4
val:
  node_per_graph: 32
  radius: extend
  sample_node: False
  sampler: full_batch
view_emb: False
Num parameters: 632328
Start from epoch 0
train: {'epoch': 0, 'eta': 6.2246, 'loss': 1.9607, 'lr': 0.01, 'params': 632328, 'time_iter': 0.0156, 'accuracy': 0.2031}
val: {'epoch': 0, 'loss': 1.9013, 'lr': 0, 'params': 632328, 'time_iter': 0.0073, 'accuracy': 0.1679}
train: {'epoch': 1, 'eta': 5.5937, 'loss': 1.5386, 'lr': 0.01, 'params': 632328, 'time_iter': 0.0125, 'accuracy': 0.656}
train: {'epoch': 2, 'eta': 5.3669, 'loss': 1.275, 'lr': 0.01, 'params': 632328, 'time_iter': 0.0124, 'accuracy': 0.7211}
train: {'epoch': 3, 'eta': 5.243, 'loss': 1.0977, 'lr': 0.01, 'params': 632328, 'time_iter': 0.0124, 'accuracy': 0.8213}
train: {'epoch': 4, 'eta': 5.1628, 'loss': 0.9528, 'lr': 0.01, 'params': 632328, 'time_iter': 0.0124, 'accuracy': 0.8296}
train: {'epoch': 5, 'eta': 5.1037, 'loss': 0.8367, 'lr': 0.01, 'params': 632328, 'time_iter': 0.0124, 'accuracy': 0.8841}
train: {'epoch': 6, 'eta': 5.0566, 'loss': 0.7385, 'lr': 0.01, 'params': 632328, 'time_iter': 0.0123, 'accuracy': 0.8929}
train: {'epoch': 7, 'eta': 5.0182, 'loss': 0.661, 'lr': 0.01, 'params': 632328, 'time_iter': 0.0123, 'accuracy': 0.9049}
train: {'epoch': 8, 'eta': 5.0158, 'loss': 0.5956, 'lr': 0.01, 'params': 632328, 'time_iter': 0.013, 'accuracy': 0.9169}
train: {'epoch': 9, 'eta': 4.9963, 'loss': 0.5381, 'lr': 0.01, 'params': 632328, 'time_iter': 0.0127, 'accuracy': 0.9238}
train: {'epoch': 10, 'eta': 4.9735, 'loss': 0.4868, 'lr': 0.01, 'params': 632328, 'time_iter': 0.0125, 'accuracy': 0.9289}
train: {'epoch': 11, 'eta': 4.9486, 'loss': 0.442, 'lr': 0.01, 'params': 632328, 'time_iter': 0.0124, 'accuracy': 0.9317}
train: {'epoch': 12, 'eta': 4.9252, 'loss': 0.4025, 'lr': 0.01, 'params': 632328, 'time_iter': 0.0124, 'accuracy': 0.9326}
train: {'epoch': 13, 'eta': 4.9032, 'loss': 0.3673, 'lr': 0.01, 'params': 632328, 'time_iter': 0.0124, 'accuracy': 0.9404}
train: {'epoch': 14, 'eta': 4.8848, 'loss': 0.3361, 'lr': 0.01, 'params': 632328, 'time_iter': 0.0125, 'accuracy': 0.9437}
train: {'epoch': 15, 'eta': 4.8648, 'loss': 0.3084, 'lr': 0.01, 'params': 632328, 'time_iter': 0.0124, 'accuracy': 0.9469}
train: {'epoch': 16, 'eta': 4.8469, 'loss': 0.2837, 'lr': 0.01, 'params': 632328, 'time_iter': 0.0124, 'accuracy': 0.9483}
train: {'epoch': 17, 'eta': 4.8282, 'loss': 0.2616, 'lr': 0.01, 'params': 632328, 'time_iter': 0.0124, 'accuracy': 0.9548}
train: {'epoch': 18, 'eta': 4.8155, 'loss': 0.2415, 'lr': 0.01, 'params': 632328, 'time_iter': 0.0126, 'accuracy': 0.9589}
train: {'epoch': 19, 'eta': 4.8386, 'loss': 0.2225, 'lr': 0.0099, 'params': 632328, 'time_iter': 0.0145, 'accuracy': 0.9635}
val: {'epoch': 19, 'loss': 0.4821, 'lr': 0, 'params': 632328, 'time_iter': 0.0069, 'accuracy': 0.869}
train: {'epoch': 20, 'eta': 4.8218, 'loss': 0.2066, 'lr': 0.0099, 'params': 632328, 'time_iter': 0.0125, 'accuracy': 0.9645}
train: {'epoch': 21, 'eta': 4.8057, 'loss': 0.1972, 'lr': 0.0099, 'params': 632328, 'time_iter': 0.0125, 'accuracy': 0.9649}
train: {'epoch': 22, 'eta': 4.7876, 'loss': 0.1875, 'lr': 0.0099, 'params': 632328, 'time_iter': 0.0124, 'accuracy': 0.9658}
train: {'epoch': 23, 'eta': 4.7706, 'loss': 0.187, 'lr': 0.0099, 'params': 632328, 'time_iter': 0.0124, 'accuracy': 0.9681}
train: {'epoch': 24, 'eta': 4.7538, 'loss': 0.1962, 'lr': 0.0099, 'params': 632328, 'time_iter': 0.0124, 'accuracy': 0.9548}
train: {'epoch': 25, 'eta': 4.7368, 'loss': 0.1553, 'lr': 0.0099, 'params': 632328, 'time_iter': 0.0124, 'accuracy': 0.9714}
train: {'epoch': 26, 'eta': 4.721, 'loss': 0.1623, 'lr': 0.0099, 'params': 632328, 'time_iter': 0.0124, 'accuracy': 0.9677}
train: {'epoch': 27, 'eta': 4.7048, 'loss': 0.1367, 'lr': 0.0099, 'params': 632328, 'time_iter': 0.0124, 'accuracy': 0.9755}
train: {'epoch': 28, 'eta': 4.689, 'loss': 0.1446, 'lr': 0.0099, 'params': 632328, 'time_iter': 0.0124, 'accuracy': 0.9709}
train: {'epoch': 29, 'eta': 4.6733, 'loss': 0.1257, 'lr': 0.0099, 'params': 632328, 'time_iter': 0.0124, 'accuracy': 0.9741}
train: {'epoch': 30, 'eta': 4.6577, 'loss': 0.1409, 'lr': 0.0099, 'params': 632328, 'time_iter': 0.0124, 'accuracy': 0.97}
train: {'epoch': 31, 'eta': 4.6428, 'loss': 0.1422, 'lr': 0.0099, 'params': 632328, 'time_iter': 0.0124, 'accuracy': 0.9668}
train: {'epoch': 32, 'eta': 4.6273, 'loss': 0.1138, 'lr': 0.0098, 'params': 632328, 'time_iter': 0.0124, 'accuracy': 0.976}
train: {'epoch': 33, 'eta': 4.6123, 'loss': 0.1198, 'lr': 0.0098, 'params': 632328, 'time_iter': 0.0124, 'accuracy': 0.9769}
train: {'epoch': 34, 'eta': 4.5975, 'loss': 0.1051, 'lr': 0.0098, 'params': 632328, 'time_iter': 0.0124, 'accuracy': 0.9788}
train: {'epoch': 35, 'eta': 4.5827, 'loss': 0.0996, 'lr': 0.0098, 'params': 632328, 'time_iter': 0.0124, 'accuracy': 0.9825}
train: {'epoch': 36, 'eta': 4.5715, 'loss': 0.094, 'lr': 0.0098, 'params': 632328, 'time_iter': 0.0127, 'accuracy': 0.9825}
train: {'epoch': 37, 'eta': 4.5568, 'loss': 0.086, 'lr': 0.0098, 'params': 632328, 'time_iter': 0.0124, 'accuracy': 0.9871}
train: {'epoch': 38, 'eta': 4.5423, 'loss': 0.0818, 'lr': 0.0098, 'params': 632328, 'time_iter': 0.0124, 'accuracy': 0.988}
train: {'epoch': 39, 'eta': 4.5277, 'loss': 0.0735, 'lr': 0.0098, 'params': 632328, 'time_iter': 0.0124, 'accuracy': 0.9903}
val: {'epoch': 39, 'loss': 0.5062, 'lr': 0, 'params': 632328, 'time_iter': 0.0068, 'accuracy': 0.8469}
train: {'epoch': 40, 'eta': 4.5141, 'loss': 0.0706, 'lr': 0.0098, 'params': 632328, 'time_iter': 0.0125, 'accuracy': 0.9908}
train: {'epoch': 41, 'eta': 4.5005, 'loss': 0.0665, 'lr': 0.0097, 'params': 632328, 'time_iter': 0.0125, 'accuracy': 0.9898}
train: {'epoch': 42, 'eta': 4.487, 'loss': 0.06, 'lr': 0.0097, 'params': 632328, 'time_iter': 0.0125, 'accuracy': 0.9935}
train: {'epoch': 43, 'eta': 4.4733, 'loss': 0.0566, 'lr': 0.0097, 'params': 632328, 'time_iter': 0.0124, 'accuracy': 0.9931}
train: {'epoch': 44, 'eta': 4.4593, 'loss': 0.0707, 'lr': 0.0097, 'params': 632328, 'time_iter': 0.0124, 'accuracy': 0.988}
train: {'epoch': 45, 'eta': 4.4454, 'loss': 0.0596, 'lr': 0.0097, 'params': 632328, 'time_iter': 0.0124, 'accuracy': 0.9903}
train: {'epoch': 46, 'eta': 4.4399, 'loss': 0.0856, 'lr': 0.0097, 'params': 632328, 'time_iter': 0.0135, 'accuracy': 0.9857}
train: {'epoch': 47, 'eta': 4.4268, 'loss': 0.087, 'lr': 0.0097, 'params': 632328, 'time_iter': 0.0125, 'accuracy': 0.9885}
train: {'epoch': 48, 'eta': 4.4131, 'loss': 0.1104, 'lr': 0.0096, 'params': 632328, 'time_iter': 0.0124, 'accuracy': 0.9843}
train: {'epoch': 49, 'eta': 4.3993, 'loss': 0.0987, 'lr': 0.0096, 'params': 632328, 'time_iter': 0.0124, 'accuracy': 0.9843}
train: {'epoch': 50, 'eta': 4.3854, 'loss': 0.0888, 'lr': 0.0096, 'params': 632328, 'time_iter': 0.0124, 'accuracy': 0.9838}
train: {'epoch': 51, 'eta': 4.3729, 'loss': 0.0731, 'lr': 0.0096, 'params': 632328, 'time_iter': 0.0126, 'accuracy': 0.9898}
train: {'epoch': 52, 'eta': 4.3596, 'loss': 0.0731, 'lr': 0.0096, 'params': 632328, 'time_iter': 0.0124, 'accuracy': 0.9917}
train: {'epoch': 53, 'eta': 4.3465, 'loss': 0.0602, 'lr': 0.0096, 'params': 632328, 'time_iter': 0.0125, 'accuracy': 0.9926}
train: {'epoch': 54, 'eta': 4.3338, 'loss': 0.0575, 'lr': 0.0096, 'params': 632328, 'time_iter': 0.0125, 'accuracy': 0.9912}
train: {'epoch': 55, 'eta': 4.322, 'loss': 0.0555, 'lr': 0.0095, 'params': 632328, 'time_iter': 0.0127, 'accuracy': 0.9917}
train: {'epoch': 56, 'eta': 4.3081, 'loss': 0.0513, 'lr': 0.0095, 'params': 632328, 'time_iter': 0.0123, 'accuracy': 0.9931}
train: {'epoch': 57, 'eta': 4.2947, 'loss': 0.0478, 'lr': 0.0095, 'params': 632328, 'time_iter': 0.0124, 'accuracy': 0.9958}
train: {'epoch': 58, 'eta': 4.2808, 'loss': 0.0446, 'lr': 0.0095, 'params': 632328, 'time_iter': 0.0123, 'accuracy': 0.9963}
train: {'epoch': 59, 'eta': 4.2673, 'loss': 0.0417, 'lr': 0.0095, 'params': 632328, 'time_iter': 0.0124, 'accuracy': 0.9958}
val: {'epoch': 59, 'loss': 0.5221, 'lr': 0, 'params': 632328, 'time_iter': 0.0068, 'accuracy': 0.8561}
train: {'epoch': 60, 'eta': 4.254, 'loss': 0.0391, 'lr': 0.0095, 'params': 632328, 'time_iter': 0.0124, 'accuracy': 0.9977}
train: {'epoch': 61, 'eta': 4.2411, 'loss': 0.0373, 'lr': 0.0094, 'params': 632328, 'time_iter': 0.0125, 'accuracy': 0.9982}
train: {'epoch': 62, 'eta': 4.2281, 'loss': 0.0344, 'lr': 0.0094, 'params': 632328, 'time_iter': 0.0125, 'accuracy': 0.9982}
train: {'epoch': 63, 'eta': 4.2149, 'loss': 0.0331, 'lr': 0.0094, 'params': 632328, 'time_iter': 0.0124, 'accuracy': 0.9986}
train: {'epoch': 64, 'eta': 4.2023, 'loss': 0.0321, 'lr': 0.0094, 'params': 632328, 'time_iter': 0.0125, 'accuracy': 0.9986}
train: {'epoch': 65, 'eta': 4.1896, 'loss': 0.0311, 'lr': 0.0094, 'params': 632328, 'time_iter': 0.0125, 'accuracy': 0.9986}
train: {'epoch': 66, 'eta': 4.1763, 'loss': 0.0296, 'lr': 0.0093, 'params': 632328, 'time_iter': 0.0124, 'accuracy': 0.9986}
train: {'epoch': 67, 'eta': 4.1631, 'loss': 0.0278, 'lr': 0.0093, 'params': 632328, 'time_iter': 0.0124, 'accuracy': 0.9986}
train: {'epoch': 68, 'eta': 4.1501, 'loss': 0.0272, 'lr': 0.0093, 'params': 632328, 'time_iter': 0.0124, 'accuracy': 0.9986}
train: {'epoch': 69, 'eta': 4.1368, 'loss': 0.0262, 'lr': 0.0093, 'params': 632328, 'time_iter': 0.0124, 'accuracy': 0.9986}
train: {'epoch': 70, 'eta': 4.1235, 'loss': 0.0251, 'lr': 0.0093, 'params': 632328, 'time_iter': 0.0124, 'accuracy': 0.9986}
train: {'epoch': 71, 'eta': 4.1102, 'loss': 0.0259, 'lr': 0.0092, 'params': 632328, 'time_iter': 0.0124, 'accuracy': 0.9982}
train: {'epoch': 72, 'eta': 4.0971, 'loss': 0.0547, 'lr': 0.0092, 'params': 632328, 'time_iter': 0.0124, 'accuracy': 0.9903}
train: {'epoch': 73, 'eta': 4.0841, 'loss': 0.2752, 'lr': 0.0092, 'params': 632328, 'time_iter': 0.0124, 'accuracy': 0.9386}
train: {'epoch': 74, 'eta': 4.0719, 'loss': 0.2006, 'lr': 0.0092, 'params': 632328, 'time_iter': 0.0126, 'accuracy': 0.9446}
train: {'epoch': 75, 'eta': 4.0589, 'loss': 0.2201, 'lr': 0.0092, 'params': 632328, 'time_iter': 0.0124, 'accuracy': 0.9367}
train: {'epoch': 76, 'eta': 4.0502, 'loss': 0.4232, 'lr': 0.0091, 'params': 632328, 'time_iter': 0.0134, 'accuracy': 0.8758}
train: {'epoch': 77, 'eta': 4.037, 'loss': 0.3041, 'lr': 0.0091, 'params': 632328, 'time_iter': 0.0124, 'accuracy': 0.9017}
train: {'epoch': 78, 'eta': 4.0239, 'loss': 0.2296, 'lr': 0.0091, 'params': 632328, 'time_iter': 0.0124, 'accuracy': 0.9275}
train: {'epoch': 79, 'eta': 4.0108, 'loss': 0.16, 'lr': 0.0091, 'params': 632328, 'time_iter': 0.0124, 'accuracy': 0.9524}
val: {'epoch': 79, 'loss': 0.4839, 'lr': 0, 'params': 632328, 'time_iter': 0.0069, 'accuracy': 0.8598}
train: {'epoch': 80, 'eta': 3.9979, 'loss': 0.1417, 'lr': 0.009, 'params': 632328, 'time_iter': 0.0124, 'accuracy': 0.9621}
train: {'epoch': 81, 'eta': 3.9851, 'loss': 0.1321, 'lr': 0.009, 'params': 632328, 'time_iter': 0.0124, 'accuracy': 0.9695}
train: {'epoch': 82, 'eta': 3.9718, 'loss': 0.1256, 'lr': 0.009, 'params': 632328, 'time_iter': 0.0123, 'accuracy': 0.9746}
train: {'epoch': 83, 'eta': 3.9591, 'loss': 0.1123, 'lr': 0.009, 'params': 632328, 'time_iter': 0.0125, 'accuracy': 0.9788}
train: {'epoch': 84, 'eta': 3.946, 'loss': 0.107, 'lr': 0.009, 'params': 632328, 'time_iter': 0.0124, 'accuracy': 0.9806}
train: {'epoch': 85, 'eta': 3.9331, 'loss': 0.0988, 'lr': 0.0089, 'params': 632328, 'time_iter': 0.0124, 'accuracy': 0.9852}
train: {'epoch': 86, 'eta': 3.9202, 'loss': 0.0909, 'lr': 0.0089, 'params': 632328, 'time_iter': 0.0124, 'accuracy': 0.9871}
train: {'epoch': 87, 'eta': 3.9069, 'loss': 0.0802, 'lr': 0.0089, 'params': 632328, 'time_iter': 0.0123, 'accuracy': 0.9889}
train: {'epoch': 88, 'eta': 3.894, 'loss': 0.0721, 'lr': 0.0089, 'params': 632328, 'time_iter': 0.0124, 'accuracy': 0.9903}
train: {'epoch': 89, 'eta': 3.8808, 'loss': 0.0681, 'lr': 0.0088, 'params': 632328, 'time_iter': 0.0123, 'accuracy': 0.9912}
train: {'epoch': 90, 'eta': 3.8678, 'loss': 0.0623, 'lr': 0.0088, 'params': 632328, 'time_iter': 0.0124, 'accuracy': 0.9922}
train: {'epoch': 91, 'eta': 3.8549, 'loss': 0.0592, 'lr': 0.0088, 'params': 632328, 'time_iter': 0.0124, 'accuracy': 0.9954}
train: {'epoch': 92, 'eta': 3.842, 'loss': 0.0531, 'lr': 0.0088, 'params': 632328, 'time_iter': 0.0124, 'accuracy': 0.9954}
train: {'epoch': 93, 'eta': 3.8299, 'loss': 0.0487, 'lr': 0.0087, 'params': 632328, 'time_iter': 0.0126, 'accuracy': 0.9958}
train: {'epoch': 94, 'eta': 3.8171, 'loss': 0.0454, 'lr': 0.0087, 'params': 632328, 'time_iter': 0.0124, 'accuracy': 0.9954}
train: {'epoch': 95, 'eta': 3.8042, 'loss': 0.0435, 'lr': 0.0087, 'params': 632328, 'time_iter': 0.0124, 'accuracy': 0.9958}
train: {'epoch': 96, 'eta': 3.7913, 'loss': 0.0405, 'lr': 0.0086, 'params': 632328, 'time_iter': 0.0124, 'accuracy': 0.9968}
train: {'epoch': 97, 'eta': 3.7785, 'loss': 0.0386, 'lr': 0.0086, 'params': 632328, 'time_iter': 0.0124, 'accuracy': 0.9972}
train: {'epoch': 98, 'eta': 3.7658, 'loss': 0.0355, 'lr': 0.0086, 'params': 632328, 'time_iter': 0.0124, 'accuracy': 0.9982}
train: {'epoch': 99, 'eta': 3.7528, 'loss': 0.0344, 'lr': 0.0086, 'params': 632328, 'time_iter': 0.0123, 'accuracy': 0.9982}
val: {'epoch': 99, 'loss': 0.4578, 'lr': 0, 'params': 632328, 'time_iter': 0.0068, 'accuracy': 0.8893}
Check point saved: results/example/3/ckpt/99.ckpt
train: {'epoch': 100, 'eta': 3.7439, 'loss': 0.0324, 'lr': 0.0085, 'params': 632328, 'time_iter': 0.0138, 'accuracy': 0.9982}
train: {'epoch': 101, 'eta': 3.7315, 'loss': 0.032, 'lr': 0.0085, 'params': 632328, 'time_iter': 0.0126, 'accuracy': 0.9995}
train: {'epoch': 102, 'eta': 3.7187, 'loss': 0.0353, 'lr': 0.0085, 'params': 632328, 'time_iter': 0.0124, 'accuracy': 0.9972}
train: {'epoch': 103, 'eta': 3.706, 'loss': 0.0307, 'lr': 0.0085, 'params': 632328, 'time_iter': 0.0124, 'accuracy': 0.9986}
train: {'epoch': 104, 'eta': 3.6932, 'loss': 0.0401, 'lr': 0.0084, 'params': 632328, 'time_iter': 0.0124, 'accuracy': 0.9949}
train: {'epoch': 105, 'eta': 3.6804, 'loss': 0.0621, 'lr': 0.0084, 'params': 632328, 'time_iter': 0.0124, 'accuracy': 0.9935}
train: {'epoch': 106, 'eta': 3.6675, 'loss': 0.0769, 'lr': 0.0084, 'params': 632328, 'time_iter': 0.0124, 'accuracy': 0.9903}
train: {'epoch': 107, 'eta': 3.6546, 'loss': 0.0685, 'lr': 0.0083, 'params': 632328, 'time_iter': 0.0124, 'accuracy': 0.9931}
train: {'epoch': 108, 'eta': 3.6416, 'loss': 0.0597, 'lr': 0.0083, 'params': 632328, 'time_iter': 0.0123, 'accuracy': 0.9931}
train: {'epoch': 109, 'eta': 3.6288, 'loss': 0.0543, 'lr': 0.0083, 'params': 632328, 'time_iter': 0.0124, 'accuracy': 0.994}
train: {'epoch': 110, 'eta': 3.616, 'loss': 0.0504, 'lr': 0.0082, 'params': 632328, 'time_iter': 0.0124, 'accuracy': 0.9935}
train: {'epoch': 111, 'eta': 3.6031, 'loss': 0.0485, 'lr': 0.0082, 'params': 632328, 'time_iter': 0.0123, 'accuracy': 0.9954}
train: {'epoch': 112, 'eta': 3.5903, 'loss': 0.0463, 'lr': 0.0082, 'params': 632328, 'time_iter': 0.0124, 'accuracy': 0.9958}
train: {'epoch': 113, 'eta': 3.5773, 'loss': 0.0426, 'lr': 0.0082, 'params': 632328, 'time_iter': 0.0123, 'accuracy': 0.9958}
train: {'epoch': 114, 'eta': 3.5645, 'loss': 0.0387, 'lr': 0.0081, 'params': 632328, 'time_iter': 0.0124, 'accuracy': 0.9958}
train: {'epoch': 115, 'eta': 3.5518, 'loss': 0.0367, 'lr': 0.0081, 'params': 632328, 'time_iter': 0.0124, 'accuracy': 0.9963}
train: {'epoch': 116, 'eta': 3.539, 'loss': 0.0347, 'lr': 0.0081, 'params': 632328, 'time_iter': 0.0124, 'accuracy': 0.9968}
train: {'epoch': 117, 'eta': 3.5262, 'loss': 0.0329, 'lr': 0.008, 'params': 632328, 'time_iter': 0.0124, 'accuracy': 0.9972}
train: {'epoch': 118, 'eta': 3.5134, 'loss': 0.0309, 'lr': 0.008, 'params': 632328, 'time_iter': 0.0124, 'accuracy': 0.9982}
train: {'epoch': 119, 'eta': 3.5006, 'loss': 0.0291, 'lr': 0.008, 'params': 632328, 'time_iter': 0.0124, 'accuracy': 0.9982}
val: {'epoch': 119, 'loss': 0.5385, 'lr': 0, 'params': 632328, 'time_iter': 0.0073, 'accuracy': 0.8598}
train: {'epoch': 120, 'eta': 3.4884, 'loss': 0.0276, 'lr': 0.0079, 'params': 632328, 'time_iter': 0.0126, 'accuracy': 0.9982}
train: {'epoch': 121, 'eta': 3.4759, 'loss': 0.0264, 'lr': 0.0079, 'params': 632328, 'time_iter': 0.0125, 'accuracy': 0.9982}
train: {'epoch': 122, 'eta': 3.4631, 'loss': 0.0252, 'lr': 0.0079, 'params': 632328, 'time_iter': 0.0124, 'accuracy': 0.9982}
train: {'epoch': 123, 'eta': 3.4504, 'loss': 0.0243, 'lr': 0.0078, 'params': 632328, 'time_iter': 0.0124, 'accuracy': 0.9986}
train: {'epoch': 124, 'eta': 3.4376, 'loss': 0.0233, 'lr': 0.0078, 'params': 632328, 'time_iter': 0.0124, 'accuracy': 0.9986}
train: {'epoch': 125, 'eta': 3.4248, 'loss': 0.0224, 'lr': 0.0078, 'params': 632328, 'time_iter': 0.0123, 'accuracy': 0.9982}
train: {'epoch': 126, 'eta': 3.4121, 'loss': 0.0218, 'lr': 0.0077, 'params': 632328, 'time_iter': 0.0124, 'accuracy': 0.9991}
train: {'epoch': 127, 'eta': 3.3993, 'loss': 0.021, 'lr': 0.0077, 'params': 632328, 'time_iter': 0.0124, 'accuracy': 0.9982}
train: {'epoch': 128, 'eta': 3.3865, 'loss': 0.0202, 'lr': 0.0077, 'params': 632328, 'time_iter': 0.0124, 'accuracy': 0.9991}
train: {'epoch': 129, 'eta': 3.3739, 'loss': 0.0195, 'lr': 0.0076, 'params': 632328, 'time_iter': 0.0124, 'accuracy': 0.9995}
train: {'epoch': 130, 'eta': 3.3611, 'loss': 0.0191, 'lr': 0.0076, 'params': 632328, 'time_iter': 0.0124, 'accuracy': 0.9991}
train: {'epoch': 131, 'eta': 3.3493, 'loss': 0.019, 'lr': 0.0076, 'params': 632328, 'time_iter': 0.0128, 'accuracy': 0.9995}
train: {'epoch': 132, 'eta': 3.3369, 'loss': 0.0205, 'lr': 0.0075, 'params': 632328, 'time_iter': 0.0125, 'accuracy': 0.9991}
train: {'epoch': 133, 'eta': 3.3245, 'loss': 0.0224, 'lr': 0.0075, 'params': 632328, 'time_iter': 0.0126, 'accuracy': 0.9995}
train: {'epoch': 134, 'eta': 3.3122, 'loss': 0.0188, 'lr': 0.0075, 'params': 632328, 'time_iter': 0.0126, 'accuracy': 0.9995}
train: {'epoch': 135, 'eta': 3.2995, 'loss': 0.0261, 'lr': 0.0074, 'params': 632328, 'time_iter': 0.0124, 'accuracy': 0.9972}
train: {'epoch': 136, 'eta': 3.2869, 'loss': 0.0237, 'lr': 0.0074, 'params': 632328, 'time_iter': 0.0124, 'accuracy': 0.9977}
train: {'epoch': 137, 'eta': 3.2741, 'loss': 0.0423, 'lr': 0.0074, 'params': 632328, 'time_iter': 0.0123, 'accuracy': 0.9977}
train: {'epoch': 138, 'eta': 3.2614, 'loss': 0.0947, 'lr': 0.0073, 'params': 632328, 'time_iter': 0.0124, 'accuracy': 0.9871}
train: {'epoch': 139, 'eta': 3.2486, 'loss': 0.1179, 'lr': 0.0073, 'params': 632328, 'time_iter': 0.0124, 'accuracy': 0.982}
val: {'epoch': 139, 'loss': 0.553, 'lr': 0, 'params': 632328, 'time_iter': 0.0068, 'accuracy': 0.8561}
train: {'epoch': 140, 'eta': 3.2359, 'loss': 0.0918, 'lr': 0.0073, 'params': 632328, 'time_iter': 0.0124, 'accuracy': 0.9871}
train: {'epoch': 141, 'eta': 3.2233, 'loss': 0.0825, 'lr': 0.0072, 'params': 632328, 'time_iter': 0.0124, 'accuracy': 0.9861}
train: {'epoch': 142, 'eta': 3.2107, 'loss': 0.0689, 'lr': 0.0072, 'params': 632328, 'time_iter': 0.0124, 'accuracy': 0.9885}
train: {'epoch': 143, 'eta': 3.1998, 'loss': 0.0581, 'lr': 0.0072, 'params': 632328, 'time_iter': 0.0134, 'accuracy': 0.9912}
train: {'epoch': 144, 'eta': 3.1871, 'loss': 0.0516, 'lr': 0.0071, 'params': 632328, 'time_iter': 0.0124, 'accuracy': 0.9935}
train: {'epoch': 145, 'eta': 3.1745, 'loss': 0.0445, 'lr': 0.0071, 'params': 632328, 'time_iter': 0.0124, 'accuracy': 0.9949}
train: {'epoch': 146, 'eta': 3.1618, 'loss': 0.0388, 'lr': 0.0071, 'params': 632328, 'time_iter': 0.0124, 'accuracy': 0.9972}
train: {'epoch': 147, 'eta': 3.1491, 'loss': 0.0362, 'lr': 0.007, 'params': 632328, 'time_iter': 0.0124, 'accuracy': 0.9972}
train: {'epoch': 148, 'eta': 3.1364, 'loss': 0.0337, 'lr': 0.007, 'params': 632328, 'time_iter': 0.0124, 'accuracy': 0.9972}
train: {'epoch': 149, 'eta': 3.1237, 'loss': 0.0309, 'lr': 0.0069, 'params': 632328, 'time_iter': 0.0124, 'accuracy': 0.9982}
train: {'epoch': 150, 'eta': 3.1114, 'loss': 0.0289, 'lr': 0.0069, 'params': 632328, 'time_iter': 0.0126, 'accuracy': 0.9982}
train: {'epoch': 151, 'eta': 3.0988, 'loss': 0.0273, 'lr': 0.0069, 'params': 632328, 'time_iter': 0.0124, 'accuracy': 0.9982}
train: {'epoch': 152, 'eta': 3.0861, 'loss': 0.0259, 'lr': 0.0068, 'params': 632328, 'time_iter': 0.0124, 'accuracy': 0.9982}
train: {'epoch': 153, 'eta': 3.0735, 'loss': 0.0245, 'lr': 0.0068, 'params': 632328, 'time_iter': 0.0124, 'accuracy': 0.9986}
train: {'epoch': 154, 'eta': 3.0608, 'loss': 0.0231, 'lr': 0.0068, 'params': 632328, 'time_iter': 0.0124, 'accuracy': 0.9991}
train: {'epoch': 155, 'eta': 3.0497, 'loss': 0.0218, 'lr': 0.0067, 'params': 632328, 'time_iter': 0.0134, 'accuracy': 0.9995}
train: {'epoch': 156, 'eta': 3.037, 'loss': 0.0207, 'lr': 0.0067, 'params': 632328, 'time_iter': 0.0124, 'accuracy': 0.9995}
train: {'epoch': 157, 'eta': 3.0244, 'loss': 0.0199, 'lr': 0.0067, 'params': 632328, 'time_iter': 0.0124, 'accuracy': 0.9995}
train: {'epoch': 158, 'eta': 3.0117, 'loss': 0.019, 'lr': 0.0066, 'params': 632328, 'time_iter': 0.0123, 'accuracy': 0.9995}
train: {'epoch': 159, 'eta': 2.999, 'loss': 0.0184, 'lr': 0.0066, 'params': 632328, 'time_iter': 0.0124, 'accuracy': 0.9995}
val: {'epoch': 159, 'loss': 0.5612, 'lr': 0, 'params': 632328, 'time_iter': 0.0069, 'accuracy': 0.8542}
train: {'epoch': 160, 'eta': 2.9864, 'loss': 0.0178, 'lr': 0.0065, 'params': 632328, 'time_iter': 0.0124, 'accuracy': 1.0}
train: {'epoch': 161, 'eta': 2.9738, 'loss': 0.0173, 'lr': 0.0065, 'params': 632328, 'time_iter': 0.0124, 'accuracy': 1.0}
train: {'epoch': 162, 'eta': 2.9612, 'loss': 0.0168, 'lr': 0.0065, 'params': 632328, 'time_iter': 0.0125, 'accuracy': 1.0}
train: {'epoch': 163, 'eta': 2.9486, 'loss': 0.0163, 'lr': 0.0064, 'params': 632328, 'time_iter': 0.0124, 'accuracy': 1.0}
train: {'epoch': 164, 'eta': 2.9359, 'loss': 0.0159, 'lr': 0.0064, 'params': 632328, 'time_iter': 0.0124, 'accuracy': 1.0}
train: {'epoch': 165, 'eta': 2.9232, 'loss': 0.0155, 'lr': 0.0064, 'params': 632328, 'time_iter': 0.0124, 'accuracy': 1.0}
train: {'epoch': 166, 'eta': 2.911, 'loss': 0.0153, 'lr': 0.0063, 'params': 632328, 'time_iter': 0.0127, 'accuracy': 1.0}
train: {'epoch': 167, 'eta': 2.8984, 'loss': 0.015, 'lr': 0.0063, 'params': 632328, 'time_iter': 0.0124, 'accuracy': 1.0}
train: {'epoch': 168, 'eta': 2.8857, 'loss': 0.0148, 'lr': 0.0062, 'params': 632328, 'time_iter': 0.0124, 'accuracy': 1.0}
train: {'epoch': 169, 'eta': 2.8734, 'loss': 0.0146, 'lr': 0.0062, 'params': 632328, 'time_iter': 0.0126, 'accuracy': 1.0}
train: {'epoch': 170, 'eta': 2.8608, 'loss': 0.0145, 'lr': 0.0062, 'params': 632328, 'time_iter': 0.0124, 'accuracy': 1.0}
train: {'epoch': 171, 'eta': 2.8482, 'loss': 0.0143, 'lr': 0.0061, 'params': 632328, 'time_iter': 0.0124, 'accuracy': 1.0}
train: {'epoch': 172, 'eta': 2.8356, 'loss': 0.0142, 'lr': 0.0061, 'params': 632328, 'time_iter': 0.0124, 'accuracy': 1.0}
train: {'epoch': 173, 'eta': 2.823, 'loss': 0.0141, 'lr': 0.0061, 'params': 632328, 'time_iter': 0.0124, 'accuracy': 1.0}
train: {'epoch': 174, 'eta': 2.8105, 'loss': 0.0139, 'lr': 0.006, 'params': 632328, 'time_iter': 0.0125, 'accuracy': 1.0}
train: {'epoch': 175, 'eta': 2.7981, 'loss': 0.0138, 'lr': 0.006, 'params': 632328, 'time_iter': 0.0125, 'accuracy': 1.0}
train: {'epoch': 176, 'eta': 2.7856, 'loss': 0.0137, 'lr': 0.0059, 'params': 632328, 'time_iter': 0.0125, 'accuracy': 1.0}
train: {'epoch': 177, 'eta': 2.7731, 'loss': 0.0136, 'lr': 0.0059, 'params': 632328, 'time_iter': 0.0124, 'accuracy': 1.0}
train: {'epoch': 178, 'eta': 2.7608, 'loss': 0.0135, 'lr': 0.0059, 'params': 632328, 'time_iter': 0.0127, 'accuracy': 1.0}
train: {'epoch': 179, 'eta': 2.7501, 'loss': 0.0135, 'lr': 0.0058, 'params': 632328, 'time_iter': 0.0139, 'accuracy': 1.0}
val: {'epoch': 179, 'loss': 0.5751, 'lr': 0, 'params': 632328, 'time_iter': 0.0069, 'accuracy': 0.8616}
train: {'epoch': 180, 'eta': 2.7376, 'loss': 0.0134, 'lr': 0.0058, 'params': 632328, 'time_iter': 0.0125, 'accuracy': 1.0}
train: {'epoch': 181, 'eta': 2.725, 'loss': 0.0133, 'lr': 0.0057, 'params': 632328, 'time_iter': 0.0124, 'accuracy': 1.0}
train: {'epoch': 182, 'eta': 2.7123, 'loss': 0.0132, 'lr': 0.0057, 'params': 632328, 'time_iter': 0.0124, 'accuracy': 1.0}
train: {'epoch': 183, 'eta': 2.6997, 'loss': 0.0132, 'lr': 0.0057, 'params': 632328, 'time_iter': 0.0124, 'accuracy': 1.0}
train: {'epoch': 184, 'eta': 2.6871, 'loss': 0.0131, 'lr': 0.0056, 'params': 632328, 'time_iter': 0.0124, 'accuracy': 1.0}
train: {'epoch': 185, 'eta': 2.6744, 'loss': 0.0134, 'lr': 0.0056, 'params': 632328, 'time_iter': 0.0124, 'accuracy': 1.0}
train: {'epoch': 186, 'eta': 2.6618, 'loss': 0.0167, 'lr': 0.0055, 'params': 632328, 'time_iter': 0.0124, 'accuracy': 1.0}
train: {'epoch': 187, 'eta': 2.6492, 'loss': 0.0307, 'lr': 0.0055, 'params': 632328, 'time_iter': 0.0124, 'accuracy': 0.9972}
train: {'epoch': 188, 'eta': 2.6369, 'loss': 0.0375, 'lr': 0.0055, 'params': 632328, 'time_iter': 0.0127, 'accuracy': 0.9935}
train: {'epoch': 189, 'eta': 2.6256, 'loss': 0.0405, 'lr': 0.0054, 'params': 632328, 'time_iter': 0.0136, 'accuracy': 0.9982}
train: {'epoch': 190, 'eta': 2.613, 'loss': 0.0736, 'lr': 0.0054, 'params': 632328, 'time_iter': 0.0124, 'accuracy': 0.9917}
train: {'epoch': 191, 'eta': 2.6004, 'loss': 0.0657, 'lr': 0.0054, 'params': 632328, 'time_iter': 0.0124, 'accuracy': 0.9922}
train: {'epoch': 192, 'eta': 2.5878, 'loss': 0.059, 'lr': 0.0053, 'params': 632328, 'time_iter': 0.0124, 'accuracy': 0.9958}
train: {'epoch': 193, 'eta': 2.5752, 'loss': 0.0491, 'lr': 0.0053, 'params': 632328, 'time_iter': 0.0124, 'accuracy': 0.9963}
train: {'epoch': 194, 'eta': 2.5626, 'loss': 0.0435, 'lr': 0.0052, 'params': 632328, 'time_iter': 0.0124, 'accuracy': 0.9968}
train: {'epoch': 195, 'eta': 2.5499, 'loss': 0.0416, 'lr': 0.0052, 'params': 632328, 'time_iter': 0.0124, 'accuracy': 0.9968}
train: {'epoch': 196, 'eta': 2.5373, 'loss': 0.0364, 'lr': 0.0052, 'params': 632328, 'time_iter': 0.0124, 'accuracy': 0.9972}
train: {'epoch': 197, 'eta': 2.5247, 'loss': 0.0322, 'lr': 0.0051, 'params': 632328, 'time_iter': 0.0124, 'accuracy': 0.9972}
train: {'epoch': 198, 'eta': 2.5121, 'loss': 0.0296, 'lr': 0.0051, 'params': 632328, 'time_iter': 0.0123, 'accuracy': 0.9982}
train: {'epoch': 199, 'eta': 2.4995, 'loss': 0.0276, 'lr': 0.005, 'params': 632328, 'time_iter': 0.0124, 'accuracy': 0.9986}
val: {'epoch': 199, 'loss': 0.4982, 'lr': 0, 'params': 632328, 'time_iter': 0.0068, 'accuracy': 0.8727}
Check point saved: results/example/3/ckpt/199.ckpt
train: {'epoch': 200, 'eta': 2.4883, 'loss': 0.0255, 'lr': 0.005, 'params': 632328, 'time_iter': 0.0138, 'accuracy': 0.9991}
train: {'epoch': 201, 'eta': 2.4759, 'loss': 0.0237, 'lr': 0.005, 'params': 632328, 'time_iter': 0.0126, 'accuracy': 0.9991}
train: {'epoch': 202, 'eta': 2.4632, 'loss': 0.0221, 'lr': 0.0049, 'params': 632328, 'time_iter': 0.0124, 'accuracy': 0.9991}
train: {'epoch': 203, 'eta': 2.4507, 'loss': 0.021, 'lr': 0.0049, 'params': 632328, 'time_iter': 0.0125, 'accuracy': 0.9995}
train: {'epoch': 204, 'eta': 2.4381, 'loss': 0.02, 'lr': 0.0048, 'params': 632328, 'time_iter': 0.0124, 'accuracy': 1.0}
train: {'epoch': 205, 'eta': 2.4254, 'loss': 0.019, 'lr': 0.0048, 'params': 632328, 'time_iter': 0.0124, 'accuracy': 1.0}
train: {'epoch': 206, 'eta': 2.4128, 'loss': 0.0182, 'lr': 0.0048, 'params': 632328, 'time_iter': 0.0124, 'accuracy': 1.0}
train: {'epoch': 207, 'eta': 2.4002, 'loss': 0.0174, 'lr': 0.0047, 'params': 632328, 'time_iter': 0.0124, 'accuracy': 1.0}
train: {'epoch': 208, 'eta': 2.3876, 'loss': 0.0168, 'lr': 0.0047, 'params': 632328, 'time_iter': 0.0123, 'accuracy': 1.0}
train: {'epoch': 209, 'eta': 2.375, 'loss': 0.0164, 'lr': 0.0046, 'params': 632328, 'time_iter': 0.0124, 'accuracy': 1.0}
train: {'epoch': 210, 'eta': 2.3624, 'loss': 0.0161, 'lr': 0.0046, 'params': 632328, 'time_iter': 0.0124, 'accuracy': 1.0}
train: {'epoch': 211, 'eta': 2.3498, 'loss': 0.0157, 'lr': 0.0046, 'params': 632328, 'time_iter': 0.0124, 'accuracy': 1.0}
train: {'epoch': 212, 'eta': 2.3372, 'loss': 0.0153, 'lr': 0.0045, 'params': 632328, 'time_iter': 0.0124, 'accuracy': 1.0}
train: {'epoch': 213, 'eta': 2.3246, 'loss': 0.015, 'lr': 0.0045, 'params': 632328, 'time_iter': 0.0124, 'accuracy': 1.0}
train: {'epoch': 214, 'eta': 2.3121, 'loss': 0.0147, 'lr': 0.0045, 'params': 632328, 'time_iter': 0.0124, 'accuracy': 1.0}
train: {'epoch': 215, 'eta': 2.2995, 'loss': 0.0145, 'lr': 0.0044, 'params': 632328, 'time_iter': 0.0123, 'accuracy': 1.0}
train: {'epoch': 216, 'eta': 2.2884, 'loss': 0.0143, 'lr': 0.0044, 'params': 632328, 'time_iter': 0.0142, 'accuracy': 1.0}
train: {'epoch': 217, 'eta': 2.2764, 'loss': 0.0141, 'lr': 0.0043, 'params': 632328, 'time_iter': 0.0131, 'accuracy': 1.0}
train: {'epoch': 218, 'eta': 2.2638, 'loss': 0.0139, 'lr': 0.0043, 'params': 632328, 'time_iter': 0.0123, 'accuracy': 1.0}
train: {'epoch': 219, 'eta': 2.2512, 'loss': 0.0137, 'lr': 0.0043, 'params': 632328, 'time_iter': 0.0124, 'accuracy': 1.0}
val: {'epoch': 219, 'loss': 0.5443, 'lr': 0, 'params': 632328, 'time_iter': 0.0069, 'accuracy': 0.869}
train: {'epoch': 220, 'eta': 2.2386, 'loss': 0.0136, 'lr': 0.0042, 'params': 632328, 'time_iter': 0.0124, 'accuracy': 1.0}
train: {'epoch': 221, 'eta': 2.226, 'loss': 0.0134, 'lr': 0.0042, 'params': 632328, 'time_iter': 0.0124, 'accuracy': 1.0}
train: {'epoch': 222, 'eta': 2.2134, 'loss': 0.0133, 'lr': 0.0041, 'params': 632328, 'time_iter': 0.0124, 'accuracy': 1.0}
train: {'epoch': 223, 'eta': 2.2009, 'loss': 0.0132, 'lr': 0.0041, 'params': 632328, 'time_iter': 0.0125, 'accuracy': 1.0}
train: {'epoch': 224, 'eta': 2.1883, 'loss': 0.0131, 'lr': 0.0041, 'params': 632328, 'time_iter': 0.0124, 'accuracy': 1.0}
train: {'epoch': 225, 'eta': 2.1757, 'loss': 0.013, 'lr': 0.004, 'params': 632328, 'time_iter': 0.0124, 'accuracy': 1.0}
train: {'epoch': 226, 'eta': 2.1634, 'loss': 0.013, 'lr': 0.004, 'params': 632328, 'time_iter': 0.0127, 'accuracy': 1.0}
train: {'epoch': 227, 'eta': 2.1507, 'loss': 0.0129, 'lr': 0.0039, 'params': 632328, 'time_iter': 0.0123, 'accuracy': 1.0}
train: {'epoch': 228, 'eta': 2.1381, 'loss': 0.0128, 'lr': 0.0039, 'params': 632328, 'time_iter': 0.0124, 'accuracy': 1.0}
train: {'epoch': 229, 'eta': 2.1255, 'loss': 0.0128, 'lr': 0.0039, 'params': 632328, 'time_iter': 0.0124, 'accuracy': 1.0}
train: {'epoch': 230, 'eta': 2.1129, 'loss': 0.0127, 'lr': 0.0038, 'params': 632328, 'time_iter': 0.0123, 'accuracy': 1.0}
train: {'epoch': 231, 'eta': 2.1004, 'loss': 0.0127, 'lr': 0.0038, 'params': 632328, 'time_iter': 0.0124, 'accuracy': 1.0}
train: {'epoch': 232, 'eta': 2.0878, 'loss': 0.0126, 'lr': 0.0038, 'params': 632328, 'time_iter': 0.0123, 'accuracy': 1.0}
train: {'epoch': 233, 'eta': 2.0752, 'loss': 0.0126, 'lr': 0.0037, 'params': 632328, 'time_iter': 0.0124, 'accuracy': 1.0}
train: {'epoch': 234, 'eta': 2.0626, 'loss': 0.0126, 'lr': 0.0037, 'params': 632328, 'time_iter': 0.0124, 'accuracy': 1.0}
train: {'epoch': 235, 'eta': 2.05, 'loss': 0.0126, 'lr': 0.0036, 'params': 632328, 'time_iter': 0.0124, 'accuracy': 1.0}
train: {'epoch': 236, 'eta': 2.0374, 'loss': 0.0125, 'lr': 0.0036, 'params': 632328, 'time_iter': 0.0124, 'accuracy': 1.0}
train: {'epoch': 237, 'eta': 2.0248, 'loss': 0.0125, 'lr': 0.0036, 'params': 632328, 'time_iter': 0.0123, 'accuracy': 1.0}
train: {'epoch': 238, 'eta': 2.0122, 'loss': 0.0125, 'lr': 0.0035, 'params': 632328, 'time_iter': 0.0124, 'accuracy': 1.0}
train: {'epoch': 239, 'eta': 1.9997, 'loss': 0.0125, 'lr': 0.0035, 'params': 632328, 'time_iter': 0.0124, 'accuracy': 1.0}
val: {'epoch': 239, 'loss': 0.57, 'lr': 0, 'params': 632328, 'time_iter': 0.0068, 'accuracy': 0.8635}
train: {'epoch': 240, 'eta': 1.9871, 'loss': 0.0124, 'lr': 0.0035, 'params': 632328, 'time_iter': 0.0124, 'accuracy': 1.0}
train: {'epoch': 241, 'eta': 1.9746, 'loss': 0.0124, 'lr': 0.0034, 'params': 632328, 'time_iter': 0.0125, 'accuracy': 1.0}
train: {'epoch': 242, 'eta': 1.9621, 'loss': 0.0124, 'lr': 0.0034, 'params': 632328, 'time_iter': 0.0124, 'accuracy': 1.0}
train: {'epoch': 243, 'eta': 1.9495, 'loss': 0.0124, 'lr': 0.0033, 'params': 632328, 'time_iter': 0.0124, 'accuracy': 1.0}
train: {'epoch': 244, 'eta': 1.9369, 'loss': 0.0124, 'lr': 0.0033, 'params': 632328, 'time_iter': 0.0124, 'accuracy': 1.0}
train: {'epoch': 245, 'eta': 1.9245, 'loss': 0.0124, 'lr': 0.0033, 'params': 632328, 'time_iter': 0.0126, 'accuracy': 1.0}
train: {'epoch': 246, 'eta': 1.9119, 'loss': 0.0124, 'lr': 0.0032, 'params': 632328, 'time_iter': 0.0124, 'accuracy': 1.0}
train: {'epoch': 247, 'eta': 1.8993, 'loss': 0.0124, 'lr': 0.0032, 'params': 632328, 'time_iter': 0.0123, 'accuracy': 1.0}
train: {'epoch': 248, 'eta': 1.8868, 'loss': 0.0124, 'lr': 0.0032, 'params': 632328, 'time_iter': 0.0124, 'accuracy': 1.0}
train: {'epoch': 249, 'eta': 1.8759, 'loss': 0.0124, 'lr': 0.0031, 'params': 632328, 'time_iter': 0.0152, 'accuracy': 1.0}
train: {'epoch': 250, 'eta': 1.8634, 'loss': 0.0123, 'lr': 0.0031, 'params': 632328, 'time_iter': 0.0125, 'accuracy': 1.0}
train: {'epoch': 251, 'eta': 1.8508, 'loss': 0.0123, 'lr': 0.0031, 'params': 632328, 'time_iter': 0.0124, 'accuracy': 1.0}
train: {'epoch': 252, 'eta': 1.8383, 'loss': 0.0123, 'lr': 0.003, 'params': 632328, 'time_iter': 0.0124, 'accuracy': 1.0}
train: {'epoch': 253, 'eta': 1.8257, 'loss': 0.0123, 'lr': 0.003, 'params': 632328, 'time_iter': 0.0124, 'accuracy': 1.0}
train: {'epoch': 254, 'eta': 1.8131, 'loss': 0.0123, 'lr': 0.0029, 'params': 632328, 'time_iter': 0.0125, 'accuracy': 1.0}
train: {'epoch': 255, 'eta': 1.8005, 'loss': 0.0123, 'lr': 0.0029, 'params': 632328, 'time_iter': 0.0123, 'accuracy': 1.0}
train: {'epoch': 256, 'eta': 1.788, 'loss': 0.0123, 'lr': 0.0029, 'params': 632328, 'time_iter': 0.0124, 'accuracy': 1.0}
train: {'epoch': 257, 'eta': 1.7754, 'loss': 0.0123, 'lr': 0.0028, 'params': 632328, 'time_iter': 0.0124, 'accuracy': 1.0}
train: {'epoch': 258, 'eta': 1.7628, 'loss': 0.0123, 'lr': 0.0028, 'params': 632328, 'time_iter': 0.0124, 'accuracy': 1.0}
train: {'epoch': 259, 'eta': 1.7503, 'loss': 0.0124, 'lr': 0.0028, 'params': 632328, 'time_iter': 0.0124, 'accuracy': 1.0}
val: {'epoch': 259, 'loss': 0.5981, 'lr': 0, 'params': 632328, 'time_iter': 0.0068, 'accuracy': 0.8616}
train: {'epoch': 260, 'eta': 1.7378, 'loss': 0.0127, 'lr': 0.0027, 'params': 632328, 'time_iter': 0.0125, 'accuracy': 1.0}
train: {'epoch': 261, 'eta': 1.7252, 'loss': 0.0152, 'lr': 0.0027, 'params': 632328, 'time_iter': 0.0124, 'accuracy': 1.0}
train: {'epoch': 262, 'eta': 1.7127, 'loss': 0.0152, 'lr': 0.0027, 'params': 632328, 'time_iter': 0.0125, 'accuracy': 1.0}
train: {'epoch': 263, 'eta': 1.7001, 'loss': 0.0245, 'lr': 0.0026, 'params': 632328, 'time_iter': 0.0124, 'accuracy': 0.9995}
train: {'epoch': 264, 'eta': 1.6877, 'loss': 0.0932, 'lr': 0.0026, 'params': 632328, 'time_iter': 0.0126, 'accuracy': 0.9866}
train: {'epoch': 265, 'eta': 1.6751, 'loss': 0.0964, 'lr': 0.0026, 'params': 632328, 'time_iter': 0.0124, 'accuracy': 0.9834}
train: {'epoch': 266, 'eta': 1.6626, 'loss': 0.0933, 'lr': 0.0025, 'params': 632328, 'time_iter': 0.0124, 'accuracy': 0.9866}
train: {'epoch': 267, 'eta': 1.65, 'loss': 0.105, 'lr': 0.0025, 'params': 632328, 'time_iter': 0.0124, 'accuracy': 0.9857}
train: {'epoch': 268, 'eta': 1.6375, 'loss': 0.0774, 'lr': 0.0025, 'params': 632328, 'time_iter': 0.0124, 'accuracy': 0.9917}
train: {'epoch': 269, 'eta': 1.625, 'loss': 0.069, 'lr': 0.0024, 'params': 632328, 'time_iter': 0.0125, 'accuracy': 0.9945}
train: {'epoch': 270, 'eta': 1.6124, 'loss': 0.0651, 'lr': 0.0024, 'params': 632328, 'time_iter': 0.0124, 'accuracy': 0.9949}
train: {'epoch': 271, 'eta': 1.5999, 'loss': 0.0564, 'lr': 0.0024, 'params': 632328, 'time_iter': 0.0124, 'accuracy': 0.9949}
train: {'epoch': 272, 'eta': 1.5873, 'loss': 0.0502, 'lr': 0.0023, 'params': 632328, 'time_iter': 0.0124, 'accuracy': 0.9954}
train: {'epoch': 273, 'eta': 1.5748, 'loss': 0.0451, 'lr': 0.0023, 'params': 632328, 'time_iter': 0.0124, 'accuracy': 0.9963}
train: {'epoch': 274, 'eta': 1.5623, 'loss': 0.0417, 'lr': 0.0023, 'params': 632328, 'time_iter': 0.0124, 'accuracy': 0.9968}
train: {'epoch': 275, 'eta': 1.5497, 'loss': 0.0387, 'lr': 0.0022, 'params': 632328, 'time_iter': 0.0124, 'accuracy': 0.9972}
train: {'epoch': 276, 'eta': 1.5372, 'loss': 0.0359, 'lr': 0.0022, 'params': 632328, 'time_iter': 0.0124, 'accuracy': 0.9972}
train: {'epoch': 277, 'eta': 1.5247, 'loss': 0.0334, 'lr': 0.0022, 'params': 632328, 'time_iter': 0.0124, 'accuracy': 0.9972}
train: {'epoch': 278, 'eta': 1.5121, 'loss': 0.0313, 'lr': 0.0021, 'params': 632328, 'time_iter': 0.0124, 'accuracy': 0.9982}
train: {'epoch': 279, 'eta': 1.4996, 'loss': 0.0294, 'lr': 0.0021, 'params': 632328, 'time_iter': 0.0124, 'accuracy': 0.9982}
val: {'epoch': 279, 'loss': 0.5652, 'lr': 0, 'params': 632328, 'time_iter': 0.0068, 'accuracy': 0.8413}
train: {'epoch': 280, 'eta': 1.487, 'loss': 0.0277, 'lr': 0.0021, 'params': 632328, 'time_iter': 0.0124, 'accuracy': 0.9986}
train: {'epoch': 281, 'eta': 1.4745, 'loss': 0.0264, 'lr': 0.002, 'params': 632328, 'time_iter': 0.0124, 'accuracy': 0.9991}
train: {'epoch': 282, 'eta': 1.462, 'loss': 0.0254, 'lr': 0.002, 'params': 632328, 'time_iter': 0.0124, 'accuracy': 0.9991}
train: {'epoch': 283, 'eta': 1.4495, 'loss': 0.0243, 'lr': 0.002, 'params': 632328, 'time_iter': 0.0126, 'accuracy': 0.9991}
train: {'epoch': 284, 'eta': 1.4371, 'loss': 0.0233, 'lr': 0.0019, 'params': 632328, 'time_iter': 0.0126, 'accuracy': 1.0}
train: {'epoch': 285, 'eta': 1.4245, 'loss': 0.0223, 'lr': 0.0019, 'params': 632328, 'time_iter': 0.0124, 'accuracy': 1.0}
train: {'epoch': 286, 'eta': 1.412, 'loss': 0.0215, 'lr': 0.0019, 'params': 632328, 'time_iter': 0.0124, 'accuracy': 1.0}
train: {'epoch': 287, 'eta': 1.3995, 'loss': 0.0208, 'lr': 0.0018, 'params': 632328, 'time_iter': 0.0124, 'accuracy': 1.0}
train: {'epoch': 288, 'eta': 1.3869, 'loss': 0.0202, 'lr': 0.0018, 'params': 632328, 'time_iter': 0.0124, 'accuracy': 1.0}
train: {'epoch': 289, 'eta': 1.3744, 'loss': 0.0198, 'lr': 0.0018, 'params': 632328, 'time_iter': 0.0124, 'accuracy': 1.0}
train: {'epoch': 290, 'eta': 1.3619, 'loss': 0.0194, 'lr': 0.0018, 'params': 632328, 'time_iter': 0.0123, 'accuracy': 1.0}
train: {'epoch': 291, 'eta': 1.3493, 'loss': 0.019, 'lr': 0.0017, 'params': 632328, 'time_iter': 0.0124, 'accuracy': 1.0}
train: {'epoch': 292, 'eta': 1.3368, 'loss': 0.0186, 'lr': 0.0017, 'params': 632328, 'time_iter': 0.0124, 'accuracy': 1.0}
train: {'epoch': 293, 'eta': 1.3243, 'loss': 0.0182, 'lr': 0.0017, 'params': 632328, 'time_iter': 0.0124, 'accuracy': 1.0}
train: {'epoch': 294, 'eta': 1.3118, 'loss': 0.0178, 'lr': 0.0016, 'params': 632328, 'time_iter': 0.0124, 'accuracy': 1.0}
train: {'epoch': 295, 'eta': 1.2992, 'loss': 0.0175, 'lr': 0.0016, 'params': 632328, 'time_iter': 0.0124, 'accuracy': 1.0}
train: {'epoch': 296, 'eta': 1.2867, 'loss': 0.0172, 'lr': 0.0016, 'params': 632328, 'time_iter': 0.0125, 'accuracy': 1.0}
train: {'epoch': 297, 'eta': 1.2742, 'loss': 0.017, 'lr': 0.0015, 'params': 632328, 'time_iter': 0.0124, 'accuracy': 1.0}
train: {'epoch': 298, 'eta': 1.2617, 'loss': 0.0168, 'lr': 0.0015, 'params': 632328, 'time_iter': 0.0125, 'accuracy': 1.0}
train: {'epoch': 299, 'eta': 1.2492, 'loss': 0.0166, 'lr': 0.0015, 'params': 632328, 'time_iter': 0.0124, 'accuracy': 1.0}
val: {'epoch': 299, 'loss': 0.5749, 'lr': 0, 'params': 632328, 'time_iter': 0.0071, 'accuracy': 0.8616}
Check point saved: results/example/3/ckpt/299.ckpt
train: {'epoch': 300, 'eta': 1.2371, 'loss': 0.0164, 'lr': 0.0015, 'params': 632328, 'time_iter': 0.0138, 'accuracy': 1.0}
train: {'epoch': 301, 'eta': 1.2247, 'loss': 0.0162, 'lr': 0.0014, 'params': 632328, 'time_iter': 0.0126, 'accuracy': 1.0}
train: {'epoch': 302, 'eta': 1.2122, 'loss': 0.0161, 'lr': 0.0014, 'params': 632328, 'time_iter': 0.0124, 'accuracy': 1.0}
train: {'epoch': 303, 'eta': 1.1996, 'loss': 0.0159, 'lr': 0.0014, 'params': 632328, 'time_iter': 0.0124, 'accuracy': 1.0}
train: {'epoch': 304, 'eta': 1.1871, 'loss': 0.0158, 'lr': 0.0014, 'params': 632328, 'time_iter': 0.0124, 'accuracy': 1.0}
train: {'epoch': 305, 'eta': 1.1747, 'loss': 0.0156, 'lr': 0.0013, 'params': 632328, 'time_iter': 0.0127, 'accuracy': 1.0}
train: {'epoch': 306, 'eta': 1.1621, 'loss': 0.0155, 'lr': 0.0013, 'params': 632328, 'time_iter': 0.0124, 'accuracy': 1.0}
train: {'epoch': 307, 'eta': 1.1496, 'loss': 0.0154, 'lr': 0.0013, 'params': 632328, 'time_iter': 0.0124, 'accuracy': 1.0}
train: {'epoch': 308, 'eta': 1.1371, 'loss': 0.0153, 'lr': 0.0012, 'params': 632328, 'time_iter': 0.0125, 'accuracy': 1.0}
train: {'epoch': 309, 'eta': 1.1246, 'loss': 0.0152, 'lr': 0.0012, 'params': 632328, 'time_iter': 0.0125, 'accuracy': 1.0}
train: {'epoch': 310, 'eta': 1.1121, 'loss': 0.0151, 'lr': 0.0012, 'params': 632328, 'time_iter': 0.0124, 'accuracy': 1.0}
train: {'epoch': 311, 'eta': 1.0995, 'loss': 0.0151, 'lr': 0.0012, 'params': 632328, 'time_iter': 0.0123, 'accuracy': 1.0}
train: {'epoch': 312, 'eta': 1.087, 'loss': 0.015, 'lr': 0.0011, 'params': 632328, 'time_iter': 0.0124, 'accuracy': 1.0}
train: {'epoch': 313, 'eta': 1.0745, 'loss': 0.0149, 'lr': 0.0011, 'params': 632328, 'time_iter': 0.0123, 'accuracy': 1.0}
train: {'epoch': 314, 'eta': 1.0619, 'loss': 0.0149, 'lr': 0.0011, 'params': 632328, 'time_iter': 0.0123, 'accuracy': 1.0}
train: {'epoch': 315, 'eta': 1.0494, 'loss': 0.0148, 'lr': 0.0011, 'params': 632328, 'time_iter': 0.0124, 'accuracy': 1.0}
train: {'epoch': 316, 'eta': 1.0369, 'loss': 0.0148, 'lr': 0.001, 'params': 632328, 'time_iter': 0.0124, 'accuracy': 1.0}
train: {'epoch': 317, 'eta': 1.0244, 'loss': 0.0147, 'lr': 0.001, 'params': 632328, 'time_iter': 0.0124, 'accuracy': 1.0}
train: {'epoch': 318, 'eta': 1.0118, 'loss': 0.0147, 'lr': 0.001, 'params': 632328, 'time_iter': 0.0124, 'accuracy': 1.0}
train: {'epoch': 319, 'eta': 0.9993, 'loss': 0.0146, 'lr': 0.001, 'params': 632328, 'time_iter': 0.0124, 'accuracy': 1.0}
val: {'epoch': 319, 'loss': 0.582, 'lr': 0, 'params': 632328, 'time_iter': 0.0069, 'accuracy': 0.8598}
train: {'epoch': 320, 'eta': 0.9868, 'loss': 0.0146, 'lr': 0.001, 'params': 632328, 'time_iter': 0.0124, 'accuracy': 1.0}
train: {'epoch': 321, 'eta': 0.9743, 'loss': 0.0145, 'lr': 0.0009, 'params': 632328, 'time_iter': 0.0124, 'accuracy': 1.0}
train: {'epoch': 322, 'eta': 0.9618, 'loss': 0.0145, 'lr': 0.0009, 'params': 632328, 'time_iter': 0.0124, 'accuracy': 1.0}
train: {'epoch': 323, 'eta': 0.9493, 'loss': 0.0145, 'lr': 0.0009, 'params': 632328, 'time_iter': 0.0123, 'accuracy': 1.0}
train: {'epoch': 324, 'eta': 0.9368, 'loss': 0.0144, 'lr': 0.0009, 'params': 632328, 'time_iter': 0.0124, 'accuracy': 1.0}
train: {'epoch': 325, 'eta': 0.9242, 'loss': 0.0144, 'lr': 0.0008, 'params': 632328, 'time_iter': 0.0124, 'accuracy': 1.0}
train: {'epoch': 326, 'eta': 0.9117, 'loss': 0.0144, 'lr': 0.0008, 'params': 632328, 'time_iter': 0.0123, 'accuracy': 1.0}
train: {'epoch': 327, 'eta': 0.8993, 'loss': 0.0143, 'lr': 0.0008, 'params': 632328, 'time_iter': 0.0128, 'accuracy': 1.0}
train: {'epoch': 328, 'eta': 0.8869, 'loss': 0.0143, 'lr': 0.0008, 'params': 632328, 'time_iter': 0.0128, 'accuracy': 1.0}
train: {'epoch': 329, 'eta': 0.8744, 'loss': 0.0143, 'lr': 0.0008, 'params': 632328, 'time_iter': 0.0126, 'accuracy': 1.0}
train: {'epoch': 330, 'eta': 0.8619, 'loss': 0.0143, 'lr': 0.0007, 'params': 632328, 'time_iter': 0.0123, 'accuracy': 1.0}
train: {'epoch': 331, 'eta': 0.8494, 'loss': 0.0142, 'lr': 0.0007, 'params': 632328, 'time_iter': 0.0125, 'accuracy': 1.0}
train: {'epoch': 332, 'eta': 0.8369, 'loss': 0.0142, 'lr': 0.0007, 'params': 632328, 'time_iter': 0.0124, 'accuracy': 1.0}
train: {'epoch': 333, 'eta': 0.8243, 'loss': 0.0142, 'lr': 0.0007, 'params': 632328, 'time_iter': 0.0123, 'accuracy': 1.0}
train: {'epoch': 334, 'eta': 0.8118, 'loss': 0.0142, 'lr': 0.0007, 'params': 632328, 'time_iter': 0.0124, 'accuracy': 1.0}
train: {'epoch': 335, 'eta': 0.7993, 'loss': 0.0142, 'lr': 0.0006, 'params': 632328, 'time_iter': 0.0124, 'accuracy': 1.0}
train: {'epoch': 336, 'eta': 0.7868, 'loss': 0.0141, 'lr': 0.0006, 'params': 632328, 'time_iter': 0.0124, 'accuracy': 1.0}
train: {'epoch': 337, 'eta': 0.7743, 'loss': 0.0141, 'lr': 0.0006, 'params': 632328, 'time_iter': 0.0124, 'accuracy': 1.0}
train: {'epoch': 338, 'eta': 0.7618, 'loss': 0.0141, 'lr': 0.0006, 'params': 632328, 'time_iter': 0.0124, 'accuracy': 1.0}
train: {'epoch': 339, 'eta': 0.7493, 'loss': 0.0141, 'lr': 0.0006, 'params': 632328, 'time_iter': 0.0127, 'accuracy': 1.0}
val: {'epoch': 339, 'loss': 0.5882, 'lr': 0, 'params': 632328, 'time_iter': 0.0068, 'accuracy': 0.8524}
train: {'epoch': 340, 'eta': 0.7368, 'loss': 0.0141, 'lr': 0.0005, 'params': 632328, 'time_iter': 0.0124, 'accuracy': 1.0}
train: {'epoch': 341, 'eta': 0.7243, 'loss': 0.0141, 'lr': 0.0005, 'params': 632328, 'time_iter': 0.0125, 'accuracy': 1.0}
train: {'epoch': 342, 'eta': 0.7118, 'loss': 0.0141, 'lr': 0.0005, 'params': 632328, 'time_iter': 0.0124, 'accuracy': 1.0}
train: {'epoch': 343, 'eta': 0.6993, 'loss': 0.014, 'lr': 0.0005, 'params': 632328, 'time_iter': 0.0124, 'accuracy': 1.0}
train: {'epoch': 344, 'eta': 0.6869, 'loss': 0.014, 'lr': 0.0005, 'params': 632328, 'time_iter': 0.0125, 'accuracy': 1.0}
train: {'epoch': 345, 'eta': 0.6744, 'loss': 0.014, 'lr': 0.0005, 'params': 632328, 'time_iter': 0.0124, 'accuracy': 1.0}
train: {'epoch': 346, 'eta': 0.6619, 'loss': 0.014, 'lr': 0.0004, 'params': 632328, 'time_iter': 0.0124, 'accuracy': 1.0}
train: {'epoch': 347, 'eta': 0.6494, 'loss': 0.014, 'lr': 0.0004, 'params': 632328, 'time_iter': 0.0124, 'accuracy': 1.0}
train: {'epoch': 348, 'eta': 0.6369, 'loss': 0.014, 'lr': 0.0004, 'params': 632328, 'time_iter': 0.0124, 'accuracy': 1.0}
train: {'epoch': 349, 'eta': 0.6244, 'loss': 0.014, 'lr': 0.0004, 'params': 632328, 'time_iter': 0.0124, 'accuracy': 1.0}
train: {'epoch': 350, 'eta': 0.6118, 'loss': 0.014, 'lr': 0.0004, 'params': 632328, 'time_iter': 0.0123, 'accuracy': 1.0}
train: {'epoch': 351, 'eta': 0.5993, 'loss': 0.014, 'lr': 0.0004, 'params': 632328, 'time_iter': 0.0124, 'accuracy': 1.0}
train: {'epoch': 352, 'eta': 0.5868, 'loss': 0.014, 'lr': 0.0004, 'params': 632328, 'time_iter': 0.0124, 'accuracy': 1.0}
train: {'epoch': 353, 'eta': 0.5743, 'loss': 0.014, 'lr': 0.0003, 'params': 632328, 'time_iter': 0.0124, 'accuracy': 1.0}
train: {'epoch': 354, 'eta': 0.5618, 'loss': 0.0139, 'lr': 0.0003, 'params': 632328, 'time_iter': 0.0124, 'accuracy': 1.0}
train: {'epoch': 355, 'eta': 0.5493, 'loss': 0.0139, 'lr': 0.0003, 'params': 632328, 'time_iter': 0.0123, 'accuracy': 1.0}
train: {'epoch': 356, 'eta': 0.5368, 'loss': 0.0139, 'lr': 0.0003, 'params': 632328, 'time_iter': 0.0124, 'accuracy': 1.0}
train: {'epoch': 357, 'eta': 0.5244, 'loss': 0.0139, 'lr': 0.0003, 'params': 632328, 'time_iter': 0.0125, 'accuracy': 1.0}
train: {'epoch': 358, 'eta': 0.5119, 'loss': 0.0139, 'lr': 0.0003, 'params': 632328, 'time_iter': 0.0126, 'accuracy': 1.0}
train: {'epoch': 359, 'eta': 0.4994, 'loss': 0.0139, 'lr': 0.0003, 'params': 632328, 'time_iter': 0.0124, 'accuracy': 1.0}
val: {'epoch': 359, 'loss': 0.5945, 'lr': 0, 'params': 632328, 'time_iter': 0.0075, 'accuracy': 0.8487}
train: {'epoch': 360, 'eta': 0.487, 'loss': 0.0139, 'lr': 0.0002, 'params': 632328, 'time_iter': 0.013, 'accuracy': 1.0}
train: {'epoch': 361, 'eta': 0.4745, 'loss': 0.0139, 'lr': 0.0002, 'params': 632328, 'time_iter': 0.0125, 'accuracy': 1.0}
train: {'epoch': 362, 'eta': 0.462, 'loss': 0.0139, 'lr': 0.0002, 'params': 632328, 'time_iter': 0.0129, 'accuracy': 1.0}
train: {'epoch': 363, 'eta': 0.4495, 'loss': 0.0139, 'lr': 0.0002, 'params': 632328, 'time_iter': 0.0124, 'accuracy': 1.0}
train: {'epoch': 364, 'eta': 0.437, 'loss': 0.0139, 'lr': 0.0002, 'params': 632328, 'time_iter': 0.0124, 'accuracy': 1.0}
train: {'epoch': 365, 'eta': 0.4245, 'loss': 0.0139, 'lr': 0.0002, 'params': 632328, 'time_iter': 0.0124, 'accuracy': 1.0}
train: {'epoch': 366, 'eta': 0.412, 'loss': 0.0139, 'lr': 0.0002, 'params': 632328, 'time_iter': 0.0123, 'accuracy': 1.0}
train: {'epoch': 367, 'eta': 0.3996, 'loss': 0.0139, 'lr': 0.0002, 'params': 632328, 'time_iter': 0.0124, 'accuracy': 1.0}
train: {'epoch': 368, 'eta': 0.3871, 'loss': 0.0139, 'lr': 0.0002, 'params': 632328, 'time_iter': 0.0124, 'accuracy': 1.0}
train: {'epoch': 369, 'eta': 0.3746, 'loss': 0.0139, 'lr': 0.0001, 'params': 632328, 'time_iter': 0.0123, 'accuracy': 1.0}
train: {'epoch': 370, 'eta': 0.3621, 'loss': 0.0139, 'lr': 0.0001, 'params': 632328, 'time_iter': 0.0124, 'accuracy': 1.0}
train: {'epoch': 371, 'eta': 0.3496, 'loss': 0.0139, 'lr': 0.0001, 'params': 632328, 'time_iter': 0.0124, 'accuracy': 1.0}
train: {'epoch': 372, 'eta': 0.3371, 'loss': 0.0139, 'lr': 0.0001, 'params': 632328, 'time_iter': 0.0123, 'accuracy': 1.0}
train: {'epoch': 373, 'eta': 0.3246, 'loss': 0.0139, 'lr': 0.0001, 'params': 632328, 'time_iter': 0.0124, 'accuracy': 1.0}
train: {'epoch': 374, 'eta': 0.3121, 'loss': 0.0139, 'lr': 0.0001, 'params': 632328, 'time_iter': 0.0124, 'accuracy': 1.0}
train: {'epoch': 375, 'eta': 0.2996, 'loss': 0.0139, 'lr': 0.0001, 'params': 632328, 'time_iter': 0.0124, 'accuracy': 1.0}
train: {'epoch': 376, 'eta': 0.2871, 'loss': 0.0139, 'lr': 0.0001, 'params': 632328, 'time_iter': 0.0124, 'accuracy': 1.0}
train: {'epoch': 377, 'eta': 0.2746, 'loss': 0.0139, 'lr': 0.0001, 'params': 632328, 'time_iter': 0.0126, 'accuracy': 1.0}
train: {'epoch': 378, 'eta': 0.2622, 'loss': 0.0139, 'lr': 0.0001, 'params': 632328, 'time_iter': 0.0124, 'accuracy': 1.0}
train: {'epoch': 379, 'eta': 0.2497, 'loss': 0.0139, 'lr': 0.0001, 'params': 632328, 'time_iter': 0.0123, 'accuracy': 1.0}
val: {'epoch': 379, 'loss': 0.598, 'lr': 0, 'params': 632328, 'time_iter': 0.0069, 'accuracy': 0.8487}
train: {'epoch': 380, 'eta': 0.2372, 'loss': 0.0138, 'lr': 0.0001, 'params': 632328, 'time_iter': 0.0125, 'accuracy': 1.0}
train: {'epoch': 381, 'eta': 0.2247, 'loss': 0.0138, 'lr': 0.0001, 'params': 632328, 'time_iter': 0.0124, 'accuracy': 1.0}
train: {'epoch': 382, 'eta': 0.2122, 'loss': 0.0138, 'lr': 0.0, 'params': 632328, 'time_iter': 0.0124, 'accuracy': 1.0}
train: {'epoch': 383, 'eta': 0.1997, 'loss': 0.0138, 'lr': 0.0, 'params': 632328, 'time_iter': 0.0124, 'accuracy': 1.0}
train: {'epoch': 384, 'eta': 0.1872, 'loss': 0.0138, 'lr': 0.0, 'params': 632328, 'time_iter': 0.0124, 'accuracy': 1.0}
train: {'epoch': 385, 'eta': 0.1748, 'loss': 0.0138, 'lr': 0.0, 'params': 632328, 'time_iter': 0.0124, 'accuracy': 1.0}
train: {'epoch': 386, 'eta': 0.1623, 'loss': 0.0138, 'lr': 0.0, 'params': 632328, 'time_iter': 0.0123, 'accuracy': 1.0}
train: {'epoch': 387, 'eta': 0.1498, 'loss': 0.0138, 'lr': 0.0, 'params': 632328, 'time_iter': 0.0124, 'accuracy': 1.0}
train: {'epoch': 388, 'eta': 0.1373, 'loss': 0.0138, 'lr': 0.0, 'params': 632328, 'time_iter': 0.0124, 'accuracy': 1.0}
train: {'epoch': 389, 'eta': 0.1248, 'loss': 0.0138, 'lr': 0.0, 'params': 632328, 'time_iter': 0.0123, 'accuracy': 1.0}
train: {'epoch': 390, 'eta': 0.1123, 'loss': 0.0138, 'lr': 0.0, 'params': 632328, 'time_iter': 0.0124, 'accuracy': 1.0}
train: {'epoch': 391, 'eta': 0.0998, 'loss': 0.0138, 'lr': 0.0, 'params': 632328, 'time_iter': 0.0124, 'accuracy': 1.0}
train: {'epoch': 392, 'eta': 0.0874, 'loss': 0.0138, 'lr': 0.0, 'params': 632328, 'time_iter': 0.0124, 'accuracy': 1.0}
train: {'epoch': 393, 'eta': 0.0749, 'loss': 0.0138, 'lr': 0.0, 'params': 632328, 'time_iter': 0.0124, 'accuracy': 1.0}
train: {'epoch': 394, 'eta': 0.0624, 'loss': 0.0138, 'lr': 0.0, 'params': 632328, 'time_iter': 0.0124, 'accuracy': 1.0}
train: {'epoch': 395, 'eta': 0.0499, 'loss': 0.0138, 'lr': 0.0, 'params': 632328, 'time_iter': 0.0124, 'accuracy': 1.0}
train: {'epoch': 396, 'eta': 0.0374, 'loss': 0.0138, 'lr': 0.0, 'params': 632328, 'time_iter': 0.0126, 'accuracy': 1.0}
train: {'epoch': 397, 'eta': 0.025, 'loss': 0.0138, 'lr': 0.0, 'params': 632328, 'time_iter': 0.0125, 'accuracy': 1.0}
train: {'epoch': 398, 'eta': 0.0125, 'loss': 0.0138, 'lr': 0.0, 'params': 632328, 'time_iter': 0.0124, 'accuracy': 1.0}
train: {'epoch': 399, 'eta': 0.0, 'loss': 0.0138, 'lr': 0.0, 'params': 632328, 'time_iter': 0.0123, 'accuracy': 1.0}
val: {'epoch': 399, 'loss': 0.5993, 'lr': 0, 'params': 632328, 'time_iter': 0.0069, 'accuracy': 0.8487}
Check point saved: results/example/3/ckpt/399.ckpt
Task done, results saved in results/example/3
Results aggregated across runs saved in results/example/agg
